2020-12-29 03:49:06,702 agent number of parameters: 2230413
2020-12-29 03:52:23,973 update: 1	fps: 43.077	
2020-12-29 03:52:23,973 update: 1	env-time: 144.451s	pth-time: 45.305s	frames: 8192
2020-12-29 03:52:23,974 Average window size: 2  reward: 5.875
2020-12-29 03:53:56,548 update: 2	fps: 43.459	
2020-12-29 03:53:56,549 update: 2	env-time: 215.522s	pth-time: 66.676s	frames: 12288
2020-12-29 03:53:56,549 Average window size: 3  reward: 4.688
2020-12-29 03:55:28,394 update: 3	fps: 43.738	
2020-12-29 03:55:28,406 update: 3	env-time: 285.971s	pth-time: 87.952s	frames: 16384
2020-12-29 03:55:28,406 Average window size: 4  reward: 4.688
2020-12-29 03:57:01,860 update: 4	fps: 43.755	
2020-12-29 03:57:01,861 update: 4	env-time: 357.263s	pth-time: 109.991s	frames: 20480
2020-12-29 03:57:01,861 Average window size: 5  reward: 4.422
2020-12-29 03:58:48,311 update: 5	fps: 42.777	
2020-12-29 03:58:48,312 update: 5	env-time: 444.780s	pth-time: 128.809s	frames: 24576
2020-12-29 03:58:48,312 Average window size: 6  reward: 4.800
2020-12-29 04:00:23,141 update: 6	fps: 42.836	
2020-12-29 04:00:23,142 update: 6	env-time: 521.546s	pth-time: 146.750s	frames: 28672
2020-12-29 04:00:23,142 Average window size: 7  reward: 5.156
2020-12-29 04:02:02,491 update: 7	fps: 42.628	
2020-12-29 04:02:02,491 update: 7	env-time: 604.174s	pth-time: 163.342s	frames: 32768
2020-12-29 04:02:02,492 Average window size: 8  reward: 4.982
2020-12-29 04:03:35,649 update: 8	fps: 42.773	
2020-12-29 04:03:35,650 update: 8	env-time: 679.807s	pth-time: 180.755s	frames: 36864
2020-12-29 04:03:35,650 Average window size: 9  reward: 5.188
2020-12-29 04:05:05,228 update: 9	fps: 43.051	
2020-12-29 04:05:05,229 update: 9	env-time: 753.861s	pth-time: 196.165s	frames: 40960
2020-12-29 04:05:05,229 Average window size: 10  reward: 5.285
2020-12-29 04:06:29,428 update: 10	fps: 43.506	
2020-12-29 04:06:29,429 update: 10	env-time: 820.115s	pth-time: 213.995s	frames: 45056
2020-12-29 04:06:29,429 Average window size: 10  reward: 5.028
2020-12-29 04:08:06,268 update: 11	fps: 43.403	
2020-12-29 04:08:06,269 update: 11	env-time: 894.390s	pth-time: 236.341s	frames: 49152
2020-12-29 04:08:06,269 Average window size: 10  reward: 5.299
2020-12-29 04:09:40,668 update: 12	fps: 43.402	
2020-12-29 04:09:40,668 update: 12	env-time: 969.677s	pth-time: 255.334s	frames: 53248
2020-12-29 04:09:40,668 Average window size: 10  reward: 5.465
2020-12-29 04:11:07,851 update: 13	fps: 43.639	
2020-12-29 04:11:07,852 update: 13	env-time: 1034.975s	pth-time: 277.109s	frames: 57344
2020-12-29 04:11:07,852 Average window size: 10  reward: 5.708
2020-12-29 04:12:43,063 update: 14	fps: 43.597	
2020-12-29 04:12:43,064 update: 14	env-time: 1107.398s	pth-time: 299.776s	frames: 61440
2020-12-29 04:12:43,064 Average window size: 10  reward: 5.660
2020-12-29 04:14:17,129 update: 15	fps: 43.594	
2020-12-29 04:14:17,130 update: 15	env-time: 1178.601s	pth-time: 322.505s	frames: 65536
2020-12-29 04:14:17,130 Average window size: 10  reward: 5.646
2020-12-29 04:15:48,210 update: 16	fps: 43.673	
2020-12-29 04:15:48,210 update: 16	env-time: 1248.134s	pth-time: 343.941s	frames: 69632
2020-12-29 04:15:48,211 Average window size: 10  reward: 5.736
2020-12-29 04:17:21,525 update: 17	fps: 43.685	
2020-12-29 04:17:21,526 update: 17	env-time: 1320.485s	pth-time: 364.767s	frames: 73728
2020-12-29 04:17:21,526 Average window size: 10  reward: 5.819
2020-12-29 04:18:58,237 update: 18	fps: 43.613	
2020-12-29 04:18:58,238 update: 18	env-time: 1390.992s	pth-time: 390.861s	frames: 77824
2020-12-29 04:18:58,238 Average window size: 10  reward: 5.917
2020-12-29 04:20:37,553 update: 19	fps: 43.488	
2020-12-29 04:20:37,554 update: 19	env-time: 1465.727s	pth-time: 415.325s	frames: 81920
2020-12-29 04:20:37,554 Average window size: 10  reward: 6.410
2020-12-29 04:22:12,973 update: 20	fps: 43.461	
2020-12-29 04:22:12,973 update: 20	env-time: 1539.589s	pth-time: 436.771s	frames: 86016
2020-12-29 04:22:12,973 Average window size: 10  reward: 6.528
2020-12-29 04:24:02,753 update: 21	fps: 43.137	
2020-12-29 04:24:02,754 update: 21	env-time: 1621.481s	pth-time: 459.066s	frames: 90112
2020-12-29 04:24:02,754 Average window size: 10  reward: 6.500
2020-12-29 04:25:44,360 update: 22	fps: 43.006	
2020-12-29 04:25:44,360 update: 22	env-time: 1699.570s	pth-time: 482.464s	frames: 94208
2020-12-29 04:25:44,361 Average window size: 10  reward: 6.556
2020-12-29 04:27:31,005 update: 23	fps: 42.793	
2020-12-29 04:27:31,006 update: 23	env-time: 1783.069s	pth-time: 505.492s	frames: 98304
2020-12-29 04:27:31,006 Average window size: 10  reward: 6.743
2020-12-29 04:29:10,237 update: 24	fps: 42.730	
2020-12-29 04:29:10,237 update: 24	env-time: 1860.021s	pth-time: 527.656s	frames: 102400
2020-12-29 04:29:10,238 Average window size: 10  reward: 6.688
2020-12-29 04:30:45,488 update: 25	fps: 42.741	
2020-12-29 04:30:45,489 update: 25	env-time: 1931.410s	pth-time: 551.376s	frames: 106496
2020-12-29 04:30:45,489 Average window size: 10  reward: 7.403
2020-12-29 04:32:20,812 update: 26	fps: 42.749	
2020-12-29 04:32:20,812 update: 26	env-time: 2003.503s	pth-time: 574.491s	frames: 110592
2020-12-29 04:32:20,812 Average window size: 10  reward: 7.444
2020-12-29 04:33:54,080 update: 27	fps: 42.790	
2020-12-29 04:33:54,081 update: 27	env-time: 2076.458s	pth-time: 594.675s	frames: 114688
2020-12-29 04:33:54,081 Average window size: 10  reward: 7.701
2020-12-29 04:35:26,903 update: 28	fps: 42.834	
2020-12-29 04:35:26,904 update: 28	env-time: 2145.441s	pth-time: 618.395s	frames: 118784
2020-12-29 04:35:26,904 Average window size: 10  reward: 7.576
2020-12-29 04:37:01,542 update: 29	fps: 42.849	
2020-12-29 04:37:01,543 update: 29	env-time: 2215.410s	pth-time: 642.937s	frames: 122880
2020-12-29 04:37:01,543 Average window size: 10  reward: 8.007
2020-12-29 04:38:33,549 update: 30	fps: 42.901	
2020-12-29 04:38:33,550 update: 30	env-time: 2285.712s	pth-time: 664.523s	frames: 126976
2020-12-29 04:38:33,550 Average window size: 10  reward: 8.514
2020-12-29 04:40:19,914 update: 31	fps: 42.749	
2020-12-29 04:40:19,915 update: 31	env-time: 2367.237s	pth-time: 689.138s	frames: 131072
2020-12-29 04:40:19,915 Average window size: 10  reward: 8.743
2020-12-29 04:41:51,386 update: 32	fps: 42.807	
2020-12-29 04:41:51,387 update: 32	env-time: 2433.626s	pth-time: 714.100s	frames: 135168
2020-12-29 04:41:51,387 Average window size: 10  reward: 8.750
2020-12-29 04:43:23,276 update: 33	fps: 42.857	
2020-12-29 04:43:23,277 update: 33	env-time: 2500.764s	pth-time: 738.721s	frames: 139264
2020-12-29 04:43:23,277 Average window size: 10  reward: 9.153
2020-12-29 04:45:00,787 update: 34	fps: 42.833	
2020-12-29 04:45:00,788 update: 34	env-time: 2569.288s	pth-time: 767.599s	frames: 143360
2020-12-29 04:45:00,788 Average window size: 10  reward: 9.042
2020-12-29 04:46:35,323 update: 35	fps: 42.846	
2020-12-29 04:46:35,324 update: 35	env-time: 2638.485s	pth-time: 792.831s	frames: 147456
2020-12-29 04:46:35,324 Average window size: 10  reward: 9.264
2020-12-29 04:48:09,510 update: 36	fps: 42.863	
2020-12-29 04:48:09,511 update: 36	env-time: 2705.890s	pth-time: 819.505s	frames: 151552
2020-12-29 04:48:09,511 Average window size: 10  reward: 9.375
2020-12-29 04:49:44,411 update: 37	fps: 42.871	
2020-12-29 04:49:44,412 update: 37	env-time: 2776.481s	pth-time: 843.677s	frames: 155648
2020-12-29 04:49:44,412 Average window size: 10  reward: 9.868
2020-12-29 04:51:21,219 update: 38	fps: 42.856	
2020-12-29 04:51:21,220 update: 38	env-time: 2846.022s	pth-time: 870.802s	frames: 159744
2020-12-29 04:51:21,220 Average window size: 10  reward: 9.743
2020-12-29 04:52:58,543 update: 39	fps: 42.837	
2020-12-29 04:52:58,544 update: 39	env-time: 2917.183s	pth-time: 896.856s	frames: 163840
2020-12-29 04:52:58,544 Average window size: 10  reward: 9.458
2020-12-29 04:54:30,584 update: 40	fps: 42.876	
2020-12-29 04:54:30,584 update: 40	env-time: 2984.405s	pth-time: 921.560s	frames: 167936
2020-12-29 04:54:30,585 Average window size: 10  reward: 9.896
2020-12-29 04:56:07,045 update: 41	fps: 42.866	
2020-12-29 04:56:07,053 update: 41	env-time: 3054.729s	pth-time: 947.469s	frames: 172032
2020-12-29 04:56:07,053 Average window size: 10  reward: 10.174
2020-12-29 04:57:41,166 update: 42	fps: 42.881	
2020-12-29 04:57:41,166 update: 42	env-time: 3124.985s	pth-time: 971.199s	frames: 176128
2020-12-29 04:57:41,167 Average window size: 10  reward: 10.597
2020-12-29 04:59:14,009 update: 43	fps: 42.908	
2020-12-29 04:59:14,010 update: 43	env-time: 3195.169s	pth-time: 993.736s	frames: 180224
2020-12-29 04:59:14,010 Average window size: 10  reward: 10.625
2020-12-29 05:00:46,265 update: 44	fps: 42.940	
2020-12-29 05:00:46,266 update: 44	env-time: 3266.959s	pth-time: 1014.088s	frames: 184320
2020-12-29 05:00:46,266 Average window size: 10  reward: 10.819
2020-12-29 05:02:20,909 update: 45	fps: 42.948	
2020-12-29 05:02:20,910 update: 45	env-time: 3341.197s	pth-time: 1034.380s	frames: 188416
2020-12-29 05:02:20,910 Average window size: 10  reward: 11.215
2020-12-29 05:03:52,777 update: 46	fps: 42.981	
2020-12-29 05:03:52,778 update: 46	env-time: 3410.860s	pth-time: 1056.475s	frames: 192512
2020-12-29 05:03:52,778 Average window size: 10  reward: 11.438
2020-12-29 05:05:28,922 update: 47	fps: 42.973	
2020-12-29 05:05:28,928 update: 47	env-time: 3482.566s	pth-time: 1080.777s	frames: 196608
2020-12-29 05:05:28,928 Average window size: 10  reward: 11.639
2020-12-29 05:07:05,165 update: 48	fps: 42.965	
2020-12-29 05:07:05,166 update: 48	env-time: 3553.189s	pth-time: 1106.268s	frames: 200704
2020-12-29 05:07:05,166 Average window size: 10  reward: 12.014
2020-12-29 05:08:41,872 update: 49	fps: 42.952	
2020-12-29 05:08:41,873 update: 49	env-time: 3626.127s	pth-time: 1129.926s	frames: 204800
2020-12-29 05:08:41,873 Average window size: 10  reward: 11.917
2020-12-29 05:10:19,005 update: 50	fps: 42.937	
2020-12-29 05:10:19,006 update: 50	env-time: 3696.400s	pth-time: 1156.671s	frames: 208896
2020-12-29 05:10:19,006 Average window size: 10  reward: 11.854
2020-12-29 05:11:56,518 update: 51	fps: 42.918	
2020-12-29 05:11:56,519 update: 51	env-time: 3768.213s	pth-time: 1182.142s	frames: 212992
2020-12-29 05:11:56,519 Average window size: 10  reward: 11.521
2020-12-29 05:13:33,849 update: 52	fps: 42.902	
2020-12-29 05:13:33,850 update: 52	env-time: 3842.430s	pth-time: 1205.135s	frames: 217088
2020-12-29 05:13:33,850 Average window size: 10  reward: 11.910
2020-12-29 05:15:07,602 update: 53	fps: 42.917	
2020-12-29 05:15:07,603 update: 53	env-time: 3912.992s	pth-time: 1228.209s	frames: 221184
2020-12-29 05:15:07,603 Average window size: 10  reward: 12.083
2020-12-29 05:16:43,661 update: 54	fps: 42.912	
2020-12-29 05:16:43,661 update: 54	env-time: 3984.479s	pth-time: 1252.665s	frames: 225280
2020-12-29 05:16:43,662 Average window size: 10  reward: 12.097
2020-12-29 05:18:21,363 update: 55	fps: 42.894	
2020-12-29 05:18:21,364 update: 55	env-time: 4057.908s	pth-time: 1276.813s	frames: 229376
2020-12-29 05:18:21,364 Average window size: 10  reward: 11.882
2020-12-29 05:19:59,675 update: 56	fps: 42.871	
2020-12-29 05:19:59,675 update: 56	env-time: 4130.500s	pth-time: 1302.407s	frames: 233472
2020-12-29 05:19:59,675 Average window size: 10  reward: 11.868
2020-12-29 05:21:36,513 update: 57	fps: 42.861	
2020-12-29 05:21:36,514 update: 57	env-time: 4203.833s	pth-time: 1325.781s	frames: 237568
2020-12-29 05:21:36,514 Average window size: 10  reward: 12.208
2020-12-29 05:23:12,094 update: 58	fps: 42.861	
2020-12-29 05:23:12,096 update: 58	env-time: 4275.879s	pth-time: 1349.201s	frames: 241664
2020-12-29 05:23:12,096 Average window size: 10  reward: 12.319
2020-12-29 05:24:45,960 update: 59	fps: 42.874	
2020-12-29 05:24:45,960 update: 59	env-time: 4347.729s	pth-time: 1371.090s	frames: 245760
2020-12-29 05:24:45,961 Average window size: 10  reward: 12.681
2020-12-29 05:26:22,566 update: 60	fps: 42.866	
2020-12-29 05:26:22,567 update: 60	env-time: 4418.291s	pth-time: 1397.021s	frames: 249856
2020-12-29 05:26:22,567 Average window size: 10  reward: 13.014
2020-12-29 05:28:02,024 update: 61	fps: 42.838	
2020-12-29 05:28:02,026 update: 61	env-time: 4489.445s	pth-time: 1425.087s	frames: 253952
2020-12-29 05:28:02,027 Average window size: 10  reward: 12.903
2020-12-29 05:29:37,652 update: 62	fps: 42.838	
2020-12-29 05:29:37,653 update: 62	env-time: 4560.814s	pth-time: 1449.211s	frames: 258048
2020-12-29 05:29:37,653 Average window size: 10  reward: 13.042
2020-12-29 05:31:17,481 update: 63	fps: 42.808	
2020-12-29 05:31:17,482 update: 63	env-time: 4639.470s	pth-time: 1470.256s	frames: 262144
2020-12-29 05:31:17,482 Average window size: 10  reward: 13.215
2020-12-29 05:32:55,388 update: 64	fps: 42.793	
2020-12-29 05:32:55,389 update: 64	env-time: 4712.974s	pth-time: 1494.543s	frames: 266240
2020-12-29 05:32:55,389 Average window size: 10  reward: 13.542
2020-12-29 05:34:32,607 update: 65	fps: 42.783	
2020-12-29 05:34:32,608 update: 65	env-time: 4784.959s	pth-time: 1519.664s	frames: 270336
2020-12-29 05:34:32,608 Average window size: 10  reward: 14.215
2020-12-29 05:36:07,556 update: 66	fps: 42.788	
2020-12-29 05:36:07,557 update: 66	env-time: 4856.036s	pth-time: 1543.417s	frames: 274432
2020-12-29 05:36:07,557 Average window size: 10  reward: 14.743
2020-12-29 05:37:47,860 update: 67	fps: 42.758	
2020-12-29 05:37:47,861 update: 67	env-time: 4933.153s	pth-time: 1566.495s	frames: 278528
2020-12-29 05:37:47,861 Average window size: 10  reward: 15.375
2020-12-29 05:39:28,981 update: 68	fps: 42.724	
2020-12-29 05:39:28,982 update: 68	env-time: 5011.822s	pth-time: 1588.826s	frames: 282624
2020-12-29 05:39:28,982 Average window size: 10  reward: 15.729
2020-12-29 05:41:12,972 update: 69	fps: 42.672	
2020-12-29 05:41:12,972 update: 69	env-time: 5087.244s	pth-time: 1617.280s	frames: 286720
2020-12-29 05:41:12,973 Average window size: 10  reward: 16.167
2020-12-29 05:42:53,258 update: 70	fps: 42.645	
2020-12-29 05:42:53,258 update: 70	env-time: 5162.946s	pth-time: 1641.750s	frames: 290816
2020-12-29 05:42:53,258 Average window size: 10  reward: 16.799
2020-12-29 05:44:32,027 update: 71	fps: 42.628	
2020-12-29 05:44:32,028 update: 71	env-time: 5236.168s	pth-time: 1667.075s	frames: 294912
2020-12-29 05:44:32,028 Average window size: 10  reward: 16.542
2020-12-29 05:46:15,918 update: 72	fps: 42.581	
2020-12-29 05:46:15,919 update: 72	env-time: 5312.045s	pth-time: 1694.963s	frames: 299008
2020-12-29 05:46:15,919 Average window size: 10  reward: 16.903
2020-12-29 05:47:49,161 update: 73	fps: 42.599	
2020-12-29 05:47:49,162 update: 73	env-time: 5383.138s	pth-time: 1716.995s	frames: 303104
2020-12-29 05:47:49,162 Average window size: 10  reward: 16.896
2020-12-29 05:49:24,824 update: 74	fps: 42.601	
2020-12-29 05:49:24,825 update: 74	env-time: 5455.856s	pth-time: 1739.812s	frames: 307200
2020-12-29 05:49:24,825 Average window size: 10  reward: 16.653
2020-12-29 05:51:06,738 update: 75	fps: 42.568	
2020-12-29 05:51:06,739 update: 75	env-time: 5532.806s	pth-time: 1764.669s	frames: 311296
2020-12-29 05:51:06,739 Average window size: 10  reward: 16.500
2020-12-29 05:52:44,453 update: 76	fps: 42.559	
2020-12-29 05:52:44,454 update: 76	env-time: 5610.018s	pth-time: 1785.044s	frames: 315392
2020-12-29 05:52:44,454 Average window size: 10  reward: 16.250
2020-12-29 05:54:26,171 update: 77	fps: 42.528	
2020-12-29 05:54:26,171 update: 77	env-time: 5684.994s	pth-time: 1811.667s	frames: 319488
2020-12-29 05:54:26,171 Average window size: 10  reward: 16.493
2020-12-29 05:56:03,749 update: 78	fps: 42.521	
2020-12-29 05:56:03,750 update: 78	env-time: 5757.815s	pth-time: 1836.309s	frames: 323584
2020-12-29 05:56:03,750 Average window size: 10  reward: 16.562
2020-12-29 05:57:42,431 update: 79	fps: 42.508	
2020-12-29 05:57:42,432 update: 79	env-time: 5832.203s	pth-time: 1860.488s	frames: 327680
2020-12-29 05:57:42,432 Average window size: 10  reward: 16.292
2020-12-29 05:59:23,632 update: 80	fps: 42.482	
2020-12-29 05:59:23,632 update: 80	env-time: 5907.916s	pth-time: 1885.867s	frames: 331776
2020-12-29 05:59:23,632 Average window size: 10  reward: 16.708
2020-12-29 06:01:06,615 update: 81	fps: 42.447	
2020-12-29 06:01:06,616 update: 81	env-time: 5984.163s	pth-time: 1912.390s	frames: 335872
2020-12-29 06:01:06,616 Average window size: 10  reward: 16.465
2020-12-29 06:02:49,363 update: 82	fps: 42.413	
2020-12-29 06:02:49,364 update: 82	env-time: 6061.955s	pth-time: 1937.231s	frames: 339968
2020-12-29 06:02:49,364 Average window size: 10  reward: 16.812
2020-12-29 06:04:31,421 update: 83	fps: 42.385	
2020-12-29 06:04:31,422 update: 83	env-time: 6134.516s	pth-time: 1966.604s	frames: 344064
2020-12-29 06:04:31,422 Average window size: 10  reward: 16.604
2020-12-29 06:06:13,751 update: 84	fps: 42.355	
2020-12-29 06:06:13,752 update: 84	env-time: 6208.843s	pth-time: 1994.498s	frames: 348160
2020-12-29 06:06:13,752 Average window size: 10  reward: 16.722
2020-12-29 06:07:49,243 update: 85	fps: 42.362	
2020-12-29 06:07:49,244 update: 85	env-time: 6281.347s	pth-time: 2017.361s	frames: 352256
2020-12-29 06:07:49,244 Average window size: 10  reward: 16.889
2020-12-29 06:09:29,752 update: 86	fps: 42.342	
2020-12-29 06:09:29,753 update: 86	env-time: 6356.097s	pth-time: 2043.009s	frames: 356352
2020-12-29 06:09:29,753 Average window size: 10  reward: 16.854
2020-12-29 06:11:11,852 update: 87	fps: 42.316	
2020-12-29 06:11:11,853 update: 87	env-time: 6431.452s	pth-time: 2069.617s	frames: 360448
2020-12-29 06:11:11,853 Average window size: 10  reward: 16.799
2020-12-29 06:12:51,608 update: 88	fps: 42.301	
2020-12-29 06:12:51,609 update: 88	env-time: 6505.606s	pth-time: 2095.112s	frames: 364544
2020-12-29 06:12:51,609 Average window size: 10  reward: 16.514
2020-12-29 06:14:32,159 update: 89	fps: 42.283	
2020-12-29 06:14:32,160 update: 89	env-time: 6582.239s	pth-time: 2118.908s	frames: 368640
2020-12-29 06:14:32,160 Average window size: 10  reward: 16.875
2020-12-29 06:16:15,842 update: 90	fps: 42.251	
2020-12-29 06:16:15,843 update: 90	env-time: 6660.084s	pth-time: 2144.621s	frames: 372736
2020-12-29 06:16:15,843 Average window size: 10  reward: 16.688
2020-12-29 06:17:55,669 update: 91	fps: 42.237	
2020-12-29 06:17:55,670 update: 91	env-time: 6733.643s	pth-time: 2170.677s	frames: 376832
2020-12-29 06:17:55,670 Average window size: 10  reward: 16.785
2020-12-29 06:19:33,379 update: 92	fps: 42.233	
2020-12-29 06:19:33,380 update: 92	env-time: 6806.678s	pth-time: 2195.230s	frames: 380928
2020-12-29 06:19:33,380 Average window size: 10  reward: 17.493
2020-12-29 06:21:12,591 update: 93	fps: 42.223	
2020-12-29 06:21:12,591 update: 93	env-time: 6879.316s	pth-time: 2221.691s	frames: 385024
2020-12-29 06:21:12,591 Average window size: 10  reward: 17.326
2020-12-29 06:22:55,211 update: 94	fps: 42.197	
2020-12-29 06:22:55,211 update: 94	env-time: 6957.091s	pth-time: 2246.429s	frames: 389120
2020-12-29 06:22:55,212 Average window size: 10  reward: 16.764
2020-12-29 06:24:37,466 update: 95	fps: 42.174	
2020-12-29 06:24:37,467 update: 95	env-time: 7035.909s	pth-time: 2269.745s	frames: 393216
2020-12-29 06:24:37,467 Average window size: 10  reward: 16.688
2020-12-29 06:26:23,130 update: 96	fps: 42.136	
2020-12-29 06:26:23,130 update: 96	env-time: 7115.702s	pth-time: 2295.499s	frames: 397312
2020-12-29 06:26:23,131 Average window size: 10  reward: 16.681
2020-12-29 06:28:07,429 update: 97	fps: 42.104	
2020-12-29 06:28:07,429 update: 97	env-time: 7195.264s	pth-time: 2320.123s	frames: 401408
2020-12-29 06:28:07,429 Average window size: 10  reward: 17.681
2020-12-29 06:29:44,575 update: 98	fps: 42.105	
2020-12-29 06:29:44,577 update: 98	env-time: 7266.935s	pth-time: 2345.453s	frames: 405504
2020-12-29 06:29:44,577 Average window size: 10  reward: 17.604
2020-12-29 06:31:24,073 update: 99	fps: 42.095	
2020-12-29 06:31:24,073 update: 99	env-time: 7341.199s	pth-time: 2370.574s	frames: 409600
2020-12-29 06:31:24,073 Average window size: 10  reward: 17.792
2020-12-29 06:33:03,241 update: 100	fps: 42.087	
2020-12-29 06:33:03,242 update: 100	env-time: 7415.062s	pth-time: 2395.753s	frames: 413696
2020-12-29 06:33:03,242 Average window size: 10  reward: 17.674
2020-12-29 06:34:46,254 update: 101	fps: 42.063	
2020-12-29 06:34:46,254 update: 101	env-time: 7492.050s	pth-time: 2421.556s	frames: 417792
2020-12-29 06:34:46,255 Average window size: 10  reward: 17.611
2020-12-29 06:36:31,135 update: 102	fps: 42.032	
2020-12-29 06:36:31,136 update: 102	env-time: 7571.357s	pth-time: 2446.994s	frames: 421888
2020-12-29 06:36:31,136 Average window size: 10  reward: 17.500
2020-12-29 06:38:10,152 update: 103	fps: 42.025	
2020-12-29 06:38:10,153 update: 103	env-time: 7648.649s	pth-time: 2468.599s	frames: 425984
2020-12-29 06:38:10,153 Average window size: 10  reward: 18.062
2020-12-29 06:39:46,568 update: 104	fps: 42.030	
2020-12-29 06:39:46,569 update: 104	env-time: 7721.613s	pth-time: 2491.935s	frames: 430080
2020-12-29 06:39:46,569 Average window size: 10  reward: 17.660
2020-12-29 06:41:26,965 update: 105	fps: 42.018	
2020-12-29 06:41:26,965 update: 105	env-time: 7797.435s	pth-time: 2516.395s	frames: 434176
2020-12-29 06:41:26,965 Average window size: 10  reward: 17.764
2020-12-29 06:43:02,875 update: 106	fps: 42.024	
2020-12-29 06:43:02,876 update: 106	env-time: 7872.018s	pth-time: 2537.604s	frames: 438272
2020-12-29 06:43:02,876 Average window size: 10  reward: 17.340
2020-12-29 06:44:43,049 update: 107	fps: 42.013	
2020-12-29 06:44:43,050 update: 107	env-time: 7947.448s	pth-time: 2562.229s	frames: 442368
2020-12-29 06:44:43,050 Average window size: 10  reward: 17.736
2020-12-29 06:46:19,972 update: 108	fps: 42.016	
2020-12-29 06:46:19,973 update: 108	env-time: 8022.815s	pth-time: 2583.672s	frames: 446464
2020-12-29 06:46:19,973 Average window size: 10  reward: 18.035
2020-12-29 06:48:04,181 update: 109	fps: 41.989	
2020-12-29 06:48:04,182 update: 109	env-time: 8100.348s	pth-time: 2610.215s	frames: 450560
2020-12-29 06:48:04,182 Average window size: 10  reward: 17.951
2020-12-29 06:49:39,040 update: 110	fps: 42.000	
2020-12-29 06:49:39,041 update: 110	env-time: 8174.394s	pth-time: 2630.914s	frames: 454656
2020-12-29 06:49:39,041 Average window size: 10  reward: 18.083
2020-12-29 06:51:22,142 update: 111	fps: 41.978	
2020-12-29 06:51:22,143 update: 111	env-time: 8251.576s	pth-time: 2656.613s	frames: 458752
2020-12-29 06:51:22,143 Average window size: 10  reward: 18.236
2020-12-29 06:53:01,176 update: 112	fps: 41.973	
2020-12-29 06:53:01,177 update: 112	env-time: 8326.126s	pth-time: 2680.961s	frames: 462848
2020-12-29 06:53:01,177 Average window size: 10  reward: 18.333
2020-12-29 06:54:39,432 update: 113	fps: 41.970	
2020-12-29 06:54:39,432 update: 113	env-time: 8398.972s	pth-time: 2706.252s	frames: 466944
2020-12-29 06:54:39,432 Average window size: 10  reward: 18.361
2020-12-29 06:56:13,799 update: 114	fps: 41.982	
2020-12-29 06:56:13,800 update: 114	env-time: 8471.669s	pth-time: 2727.789s	frames: 471040
2020-12-29 06:56:13,800 Average window size: 10  reward: 18.535
2020-12-29 06:57:57,111 update: 115	fps: 41.961	
2020-12-29 06:57:57,112 update: 115	env-time: 8547.899s	pth-time: 2754.764s	frames: 475136
2020-12-29 06:57:57,112 Average window size: 10  reward: 18.771
2020-12-29 06:59:39,464 update: 116	fps: 41.943	
2020-12-29 06:59:39,464 update: 116	env-time: 8625.821s	pth-time: 2779.074s	frames: 479232
2020-12-29 06:59:39,464 Average window size: 10  reward: 18.750
2020-12-29 07:01:22,240 update: 117	fps: 41.925	
2020-12-29 07:01:22,241 update: 117	env-time: 8705.230s	pth-time: 2802.330s	frames: 483328
2020-12-29 07:01:22,241 Average window size: 10  reward: 18.903
2020-12-29 07:03:02,670 update: 118	fps: 41.915	
2020-12-29 07:03:02,670 update: 118	env-time: 8779.492s	pth-time: 2828.379s	frames: 487424
2020-12-29 07:03:02,670 Average window size: 10  reward: 19.611
2020-12-29 07:04:43,735 update: 119	fps: 41.903	
2020-12-29 07:04:43,736 update: 119	env-time: 8855.538s	pth-time: 2853.282s	frames: 491520
2020-12-29 07:04:43,736 Average window size: 10  reward: 19.542
2020-12-29 07:06:24,340 update: 120	fps: 41.893	
2020-12-29 07:06:24,341 update: 120	env-time: 8930.363s	pth-time: 2878.936s	frames: 495616
2020-12-29 07:06:24,342 Average window size: 10  reward: 19.569
2020-12-29 07:08:09,991 update: 121	fps: 41.865	
2020-12-29 07:08:09,992 update: 121	env-time: 9007.746s	pth-time: 2906.785s	frames: 499712
2020-12-29 07:08:09,992 Average window size: 10  reward: 19.743
2020-12-29 07:09:52,856 update: 122	fps: 41.848	
2020-12-29 07:09:52,857 update: 122	env-time: 9084.180s	pth-time: 2933.091s	frames: 503808
2020-12-29 07:09:52,857 Average window size: 10  reward: 20.528
2020-12-29 07:11:31,980 update: 123	fps: 41.844	
2020-12-29 07:11:31,981 update: 123	env-time: 9158.774s	pth-time: 2957.512s	frames: 507904
2020-12-29 07:11:31,981 Average window size: 10  reward: 20.639
2020-12-29 07:13:07,593 update: 124	fps: 41.851	
2020-12-29 07:13:07,595 update: 124	env-time: 9232.359s	pth-time: 2979.429s	frames: 512000
2020-12-29 07:13:07,595 Average window size: 10  reward: 20.868
2020-12-29 07:14:42,471 update: 125	fps: 41.861	
2020-12-29 07:14:42,472 update: 125	env-time: 9303.936s	pth-time: 3002.611s	frames: 516096
2020-12-29 07:14:42,473 Average window size: 10  reward: 20.812
2020-12-29 07:16:25,452 update: 126	fps: 41.844	
2020-12-29 07:16:25,453 update: 126	env-time: 9381.180s	pth-time: 3028.199s	frames: 520192
2020-12-29 07:16:25,453 Average window size: 10  reward: 20.938
2020-12-29 07:18:07,388 update: 127	fps: 41.831	
2020-12-29 07:18:07,389 update: 127	env-time: 9459.194s	pth-time: 3052.010s	frames: 524288
2020-12-29 07:18:07,389 Average window size: 10  reward: 20.299
2020-12-29 07:19:45,991 update: 128	fps: 41.828	
2020-12-29 07:19:45,992 update: 128	env-time: 9533.186s	pth-time: 3076.503s	frames: 528384
2020-12-29 07:19:45,992 Average window size: 10  reward: 19.750
2020-12-29 07:21:24,861 update: 129	fps: 41.825	
2020-12-29 07:21:24,862 update: 129	env-time: 9609.278s	pth-time: 3099.170s	frames: 532480
2020-12-29 07:21:24,862 Average window size: 10  reward: 19.639
2020-12-29 07:23:05,154 update: 130	fps: 41.818	
2020-12-29 07:23:05,155 update: 130	env-time: 9684.180s	pth-time: 3124.451s	frames: 536576
2020-12-29 07:23:05,155 Average window size: 10  reward: 19.507
2020-12-29 07:24:46,808 update: 131	fps: 41.806	
2020-12-29 07:24:46,809 update: 131	env-time: 9759.610s	pth-time: 3150.447s	frames: 540672
2020-12-29 07:24:46,809 Average window size: 10  reward: 19.083
2020-12-29 07:26:25,626 update: 132	fps: 41.803	
2020-12-29 07:26:25,627 update: 132	env-time: 9835.685s	pth-time: 3173.073s	frames: 544768
2020-12-29 07:26:25,627 Average window size: 10  reward: 18.799
2020-12-29 07:28:04,311 update: 133	fps: 41.801	
2020-12-29 07:28:04,311 update: 133	env-time: 9912.819s	pth-time: 3194.504s	frames: 548864
2020-12-29 07:28:04,311 Average window size: 10  reward: 18.153
2020-12-29 07:29:42,060 update: 134	fps: 41.801	
2020-12-29 07:29:42,061 update: 134	env-time: 9986.293s	pth-time: 3218.663s	frames: 552960
2020-12-29 07:29:42,061 Average window size: 10  reward: 17.938
2020-12-29 07:31:25,862 update: 135	fps: 41.783	
2020-12-29 07:31:25,862 update: 135	env-time: 10065.737s	pth-time: 3242.897s	frames: 557056
2020-12-29 07:31:25,862 Average window size: 10  reward: 17.507
2020-12-29 07:33:05,213 update: 136	fps: 41.779	
2020-12-29 07:33:05,214 update: 136	env-time: 10141.219s	pth-time: 3266.640s	frames: 561152
2020-12-29 07:33:05,214 Average window size: 10  reward: 18.139
2020-12-29 07:34:43,956 update: 137	fps: 41.777	
2020-12-29 07:34:43,957 update: 137	env-time: 10216.115s	pth-time: 3290.369s	frames: 565248
2020-12-29 07:34:43,957 Average window size: 10  reward: 18.146
2020-12-29 07:36:20,237 update: 138	fps: 41.782	
2020-12-29 07:36:20,237 update: 138	env-time: 10289.620s	pth-time: 3313.031s	frames: 569344
2020-12-29 07:36:20,238 Average window size: 10  reward: 17.931
2020-12-29 07:37:53,966 update: 139	fps: 41.795	
2020-12-29 07:37:53,967 update: 139	env-time: 10361.842s	pth-time: 3334.420s	frames: 573440
2020-12-29 07:37:53,967 Average window size: 10  reward: 18.243
2020-12-29 07:39:25,432 update: 140	fps: 41.815	
2020-12-29 07:39:25,433 update: 140	env-time: 10432.710s	pth-time: 3354.904s	frames: 577536
2020-12-29 07:39:25,433 Average window size: 10  reward: 18.389
2020-12-29 07:41:08,114 update: 141	fps: 41.801	
2020-12-29 07:41:08,115 update: 141	env-time: 10511.421s	pth-time: 3378.656s	frames: 581632
2020-12-29 07:41:08,115 Average window size: 10  reward: 18.021
2020-12-29 07:42:45,586 update: 142	fps: 41.803	
2020-12-29 07:42:45,587 update: 142	env-time: 10585.219s	pth-time: 3402.206s	frames: 585728
2020-12-29 07:42:45,587 Average window size: 10  reward: 18.319
2020-12-29 07:44:22,716 update: 143	fps: 41.805	
2020-12-29 07:44:22,716 update: 143	env-time: 10661.210s	pth-time: 3423.232s	frames: 589824
2020-12-29 07:44:22,716 Average window size: 10  reward: 17.847
2020-12-29 07:45:56,474 update: 144	fps: 41.817	
2020-12-29 07:45:56,475 update: 144	env-time: 10733.254s	pth-time: 3444.833s	frames: 593920
2020-12-29 07:45:56,475 Average window size: 10  reward: 18.014
2020-12-29 07:47:33,076 update: 145	fps: 41.821	
2020-12-29 07:47:33,077 update: 145	env-time: 10807.940s	pth-time: 3466.616s	frames: 598016
2020-12-29 07:47:33,077 Average window size: 10  reward: 17.507
2020-12-29 07:49:13,948 update: 146	fps: 41.813	
2020-12-29 07:49:13,949 update: 146	env-time: 10881.845s	pth-time: 3493.464s	frames: 602112
2020-12-29 07:49:13,949 Average window size: 10  reward: 18.111
2020-12-29 07:50:55,203 update: 147	fps: 41.803	
2020-12-29 07:50:55,204 update: 147	env-time: 10957.808s	pth-time: 3518.640s	frames: 606208
2020-12-29 07:50:55,204 Average window size: 10  reward: 18.569
2020-12-29 07:52:33,627 update: 148	fps: 41.802	
2020-12-29 07:52:33,628 update: 148	env-time: 11030.759s	pth-time: 3543.997s	frames: 610304
2020-12-29 07:52:33,628 Average window size: 10  reward: 18.201
2020-12-29 07:54:11,624 update: 149	fps: 41.802	
2020-12-29 07:54:11,625 update: 149	env-time: 11104.608s	pth-time: 3568.028s	frames: 614400
2020-12-29 07:54:11,625 Average window size: 10  reward: 17.819
2020-12-29 07:55:46,718 update: 150	fps: 41.810	
2020-12-29 07:55:46,719 update: 150	env-time: 11176.068s	pth-time: 3591.535s	frames: 618496
2020-12-29 07:55:46,720 Average window size: 10  reward: 18.174
2020-12-29 07:57:21,607 update: 151	fps: 41.819	
2020-12-29 07:57:21,608 update: 151	env-time: 11250.429s	pth-time: 3611.838s	frames: 622592
2020-12-29 07:57:21,609 Average window size: 10  reward: 17.819
2020-12-29 07:59:01,262 update: 152	fps: 41.814	
2020-12-29 07:59:01,263 update: 152	env-time: 11326.135s	pth-time: 3635.669s	frames: 626688
2020-12-29 07:59:01,263 Average window size: 10  reward: 17.951
2020-12-29 08:00:39,233 update: 153	fps: 41.814	
2020-12-29 08:00:39,234 update: 153	env-time: 11399.016s	pth-time: 3660.643s	frames: 630784
2020-12-29 08:00:39,234 Average window size: 10  reward: 17.854
2020-12-29 08:02:13,892 update: 154	fps: 41.823	
2020-12-29 08:02:13,893 update: 154	env-time: 11470.433s	pth-time: 3683.768s	frames: 634880
2020-12-29 08:02:13,893 Average window size: 10  reward: 17.833
2020-12-29 08:03:52,542 update: 155	fps: 41.821	
2020-12-29 08:03:52,542 update: 155	env-time: 11542.551s	pth-time: 3710.148s	frames: 638976
2020-12-29 08:03:52,542 Average window size: 10  reward: 17.611
2020-12-29 08:05:28,166 update: 156	fps: 41.828	
2020-12-29 08:05:28,167 update: 156	env-time: 11616.339s	pth-time: 3731.856s	frames: 643072
2020-12-29 08:05:28,167 Average window size: 10  reward: 17.639
2020-12-29 08:07:08,055 update: 157	fps: 41.822	
2020-12-29 08:07:08,056 update: 157	env-time: 11691.626s	pth-time: 3756.347s	frames: 647168
2020-12-29 08:07:08,056 Average window size: 10  reward: 17.326
2020-12-29 08:08:51,219 update: 158	fps: 41.808	
2020-12-29 08:08:51,220 update: 158	env-time: 11767.865s	pth-time: 3783.141s	frames: 651264
2020-12-29 08:08:51,220 Average window size: 10  reward: 17.542
2020-12-29 08:10:31,063 update: 159	fps: 41.803	
2020-12-29 08:10:31,069 update: 159	env-time: 11841.197s	pth-time: 3809.538s	frames: 655360
2020-12-29 08:10:31,069 Average window size: 10  reward: 17.597
2020-12-29 08:12:12,558 update: 160	fps: 41.794	
2020-12-29 08:12:12,559 update: 160	env-time: 11913.833s	pth-time: 3838.275s	frames: 659456
2020-12-29 08:12:12,559 Average window size: 10  reward: 17.583
2020-12-29 08:13:52,196 update: 161	fps: 41.790	
2020-12-29 08:13:52,197 update: 161	env-time: 11985.868s	pth-time: 3865.295s	frames: 663552
2020-12-29 08:13:52,197 Average window size: 10  reward: 18.049
2020-12-29 08:15:28,109 update: 162	fps: 41.795	
2020-12-29 08:15:28,110 update: 162	env-time: 12057.313s	pth-time: 3889.615s	frames: 667648
2020-12-29 08:15:28,110 Average window size: 10  reward: 18.028
2020-12-29 08:17:08,377 update: 163	fps: 41.789	
2020-12-29 08:17:08,378 update: 163	env-time: 12132.814s	pth-time: 3914.251s	frames: 671744
2020-12-29 08:17:08,379 Average window size: 10  reward: 17.771
2020-12-29 08:18:52,596 update: 164	fps: 41.773	
2020-12-29 08:18:52,597 update: 164	env-time: 12210.002s	pth-time: 3941.164s	frames: 675840
2020-12-29 08:18:52,597 Average window size: 10  reward: 17.903
2020-12-29 08:20:33,786 update: 165	fps: 41.765	
2020-12-29 08:20:33,786 update: 165	env-time: 12286.128s	pth-time: 3966.104s	frames: 679936
2020-12-29 08:20:33,787 Average window size: 10  reward: 17.618
2020-12-29 08:22:18,753 update: 166	fps: 41.748	
2020-12-29 08:22:18,754 update: 166	env-time: 12365.062s	pth-time: 3992.008s	frames: 684032
2020-12-29 08:22:18,754 Average window size: 10  reward: 17.764
2020-12-29 08:24:01,861 update: 167	fps: 41.735	
2020-12-29 08:24:01,862 update: 167	env-time: 12441.469s	pth-time: 4018.598s	frames: 688128
2020-12-29 08:24:01,862 Average window size: 10  reward: 18.153
2020-12-29 08:25:43,377 update: 168	fps: 41.726	
2020-12-29 08:25:43,378 update: 168	env-time: 12514.790s	pth-time: 4046.673s	frames: 692224
2020-12-29 08:25:43,378 Average window size: 10  reward: 17.743
2020-12-29 08:27:25,238 update: 169	fps: 41.717	
2020-12-29 08:27:25,239 update: 169	env-time: 12589.357s	pth-time: 4073.846s	frames: 696320
2020-12-29 08:27:25,239 Average window size: 10  reward: 17.882
2020-12-29 08:29:01,114 update: 170	fps: 41.723	
2020-12-29 08:29:01,115 update: 170	env-time: 12664.065s	pth-time: 4094.889s	frames: 700416
2020-12-29 08:29:01,115 Average window size: 10  reward: 17.736
2020-12-29 08:30:36,234 update: 171	fps: 41.730	
2020-12-29 08:30:36,235 update: 171	env-time: 12737.157s	pth-time: 4116.684s	frames: 704512
2020-12-29 08:30:36,236 Average window size: 10  reward: 17.778
2020-12-29 08:32:13,360 update: 172	fps: 41.733	
2020-12-29 08:32:13,361 update: 172	env-time: 12810.784s	pth-time: 4140.018s	frames: 708608
2020-12-29 08:32:13,361 Average window size: 10  reward: 17.951
2020-12-29 08:33:57,399 update: 173	fps: 41.719	
2020-12-29 08:33:57,400 update: 173	env-time: 12889.478s	pth-time: 4165.239s	frames: 712704
2020-12-29 08:33:57,400 Average window size: 10  reward: 17.632
2020-12-29 08:35:40,105 update: 174	fps: 41.708	
2020-12-29 08:35:40,106 update: 174	env-time: 12966.909s	pth-time: 4190.381s	frames: 716800
2020-12-29 08:35:40,106 Average window size: 10  reward: 18.090
2020-12-29 08:37:25,655 update: 175	fps: 41.690	
2020-12-29 08:37:25,656 update: 175	env-time: 13045.151s	pth-time: 4217.562s	frames: 720896
2020-12-29 08:37:25,656 Average window size: 10  reward: 17.861
2020-12-29 08:39:05,707 update: 176	fps: 41.686	
2020-12-29 08:39:05,708 update: 176	env-time: 13117.796s	pth-time: 4244.857s	frames: 724992
2020-12-29 08:39:05,708 Average window size: 10  reward: 17.938
2020-12-29 08:40:43,920 update: 177	fps: 41.686	
2020-12-29 08:40:43,922 update: 177	env-time: 13192.355s	pth-time: 4268.402s	frames: 729088
2020-12-29 08:40:43,922 Average window size: 10  reward: 18.021
2020-12-29 08:42:22,711 update: 178	fps: 41.684	
2020-12-29 08:42:22,712 update: 178	env-time: 13265.379s	pth-time: 4294.056s	frames: 733184
2020-12-29 08:42:22,712 Average window size: 10  reward: 18.021
2020-12-29 08:44:09,058 update: 179	fps: 41.665	
2020-12-29 08:44:09,059 update: 179	env-time: 13343.344s	pth-time: 4322.305s	frames: 737280
2020-12-29 08:44:09,059 Average window size: 10  reward: 17.944
2020-12-29 08:45:52,144 update: 180	fps: 41.654	
2020-12-29 08:45:52,145 update: 180	env-time: 13418.089s	pth-time: 4350.518s	frames: 741376
2020-12-29 08:45:52,146 Average window size: 10  reward: 17.674
2020-12-29 08:47:32,809 update: 181	fps: 41.649	
2020-12-29 08:47:32,813 update: 181	env-time: 13493.822s	pth-time: 4375.213s	frames: 745472
2020-12-29 08:47:32,813 Average window size: 10  reward: 17.861
2020-12-29 08:49:10,455 update: 182	fps: 41.650	
2020-12-29 08:49:10,457 update: 182	env-time: 13568.463s	pth-time: 4398.101s	frames: 749568
2020-12-29 08:49:10,457 Average window size: 10  reward: 18.188
2020-12-29 08:50:51,038 update: 183	fps: 41.645	
2020-12-29 08:50:51,039 update: 183	env-time: 13643.494s	pth-time: 4423.532s	frames: 753664
2020-12-29 08:50:51,039 Average window size: 10  reward: 17.590
2020-12-29 08:52:28,566 update: 184	fps: 41.647	
2020-12-29 08:52:28,568 update: 184	env-time: 13718.364s	pth-time: 4446.078s	frames: 757760
2020-12-29 08:52:28,568 Average window size: 10  reward: 17.917
2020-12-29 08:54:07,274 update: 185	fps: 41.646	
2020-12-29 08:54:07,275 update: 185	env-time: 13791.258s	pth-time: 4471.762s	frames: 761856
2020-12-29 08:54:07,276 Average window size: 10  reward: 17.618
2020-12-29 08:55:49,248 update: 186	fps: 41.638	
2020-12-29 08:55:49,249 update: 186	env-time: 13865.420s	pth-time: 4499.455s	frames: 765952
2020-12-29 08:55:49,249 Average window size: 10  reward: 17.701
2020-12-29 08:57:31,938 update: 187	fps: 41.628	
2020-12-29 08:57:31,939 update: 187	env-time: 13942.176s	pth-time: 4525.265s	frames: 770048
2020-12-29 08:57:31,939 Average window size: 10  reward: 17.806
2020-12-29 08:59:11,425 update: 188	fps: 41.626	
2020-12-29 08:59:11,425 update: 188	env-time: 14016.284s	pth-time: 4550.523s	frames: 774144
2020-12-29 08:59:11,425 Average window size: 10  reward: 17.618
2020-12-29 09:00:49,715 update: 189	fps: 41.626	
2020-12-29 09:00:49,716 update: 189	env-time: 14088.408s	pth-time: 4576.557s	frames: 778240
2020-12-29 09:00:49,716 Average window size: 10  reward: 17.917
2020-12-29 09:02:32,240 update: 190	fps: 41.617	
2020-12-29 09:02:32,241 update: 190	env-time: 14167.458s	pth-time: 4599.913s	frames: 782336
2020-12-29 09:02:32,241 Average window size: 10  reward: 17.806
2020-12-29 09:04:10,427 update: 191	fps: 41.618	
2020-12-29 09:04:10,428 update: 191	env-time: 14238.558s	pth-time: 4626.775s	frames: 786432
2020-12-29 09:04:10,428 Average window size: 10  reward: 17.222
2020-12-29 09:05:47,663 update: 192	fps: 41.620	
2020-12-29 09:05:47,664 update: 192	env-time: 14313.380s	pth-time: 4649.067s	frames: 790528
2020-12-29 09:05:47,664 Average window size: 10  reward: 17.431
2020-12-29 09:07:25,216 update: 193	fps: 41.622	
2020-12-29 09:07:25,217 update: 193	env-time: 14387.343s	pth-time: 4672.547s	frames: 794624
2020-12-29 09:07:25,217 Average window size: 10  reward: 17.743
2020-12-29 09:09:04,070 update: 194	fps: 41.621	
2020-12-29 09:09:04,072 update: 194	env-time: 14463.795s	pth-time: 4694.828s	frames: 798720
2020-12-29 09:09:04,072 Average window size: 10  reward: 17.389
2020-12-29 09:10:42,778 update: 195	fps: 41.620	
2020-12-29 09:10:42,779 update: 195	env-time: 14536.212s	pth-time: 4721.003s	frames: 802816
2020-12-29 09:10:42,779 Average window size: 10  reward: 17.701
2020-12-29 09:12:19,642 update: 196	fps: 41.624	
2020-12-29 09:12:19,643 update: 196	env-time: 14608.991s	pth-time: 4744.963s	frames: 806912
2020-12-29 09:12:19,643 Average window size: 10  reward: 17.451
2020-12-29 09:13:58,633 update: 197	fps: 41.623	
2020-12-29 09:13:58,634 update: 197	env-time: 14683.144s	pth-time: 4769.687s	frames: 811008
2020-12-29 09:13:58,634 Average window size: 10  reward: 17.632
2020-12-29 09:15:35,888 update: 198	fps: 41.625	
2020-12-29 09:15:35,892 update: 198	env-time: 14754.863s	pth-time: 4795.085s	frames: 815104
2020-12-29 09:15:35,892 Average window size: 10  reward: 17.750
2020-12-29 09:17:13,935 update: 199	fps: 41.626	
2020-12-29 09:17:13,936 update: 199	env-time: 14827.126s	pth-time: 4820.751s	frames: 819200
2020-12-29 09:17:13,936 Average window size: 10  reward: 18.069
2020-12-29 09:18:52,776 update: 200	fps: 41.625	
2020-12-29 09:18:52,777 update: 200	env-time: 14902.237s	pth-time: 4844.357s	frames: 823296
2020-12-29 09:18:52,777 Average window size: 10  reward: 18.188
2020-12-29 09:20:34,457 update: 201	fps: 41.618	
2020-12-29 09:20:34,458 update: 201	env-time: 14979.495s	pth-time: 4868.529s	frames: 827392
2020-12-29 09:20:34,458 Average window size: 10  reward: 18.083
2020-12-29 09:22:18,047 update: 202	fps: 41.607	
2020-12-29 09:22:18,048 update: 202	env-time: 15055.902s	pth-time: 4895.601s	frames: 831488
2020-12-29 09:22:18,048 Average window size: 10  reward: 17.479
2020-12-29 09:23:57,434 update: 203	fps: 41.605	
2020-12-29 09:23:57,435 update: 203	env-time: 15131.194s	pth-time: 4919.578s	frames: 835584
2020-12-29 09:23:57,435 Average window size: 10  reward: 17.396
2020-12-29 09:25:37,144 update: 204	fps: 41.603	
2020-12-29 09:25:37,144 update: 204	env-time: 15205.983s	pth-time: 4944.379s	frames: 839680
2020-12-29 09:25:37,144 Average window size: 10  reward: 16.875
2020-12-29 09:27:15,578 update: 205	fps: 41.603	
2020-12-29 09:27:15,579 update: 205	env-time: 15280.489s	pth-time: 4968.192s	frames: 843776
2020-12-29 09:27:15,579 Average window size: 10  reward: 16.729
2020-12-29 09:28:53,234 update: 206	fps: 41.604	
2020-12-29 09:28:53,235 update: 206	env-time: 15351.966s	pth-time: 4994.242s	frames: 847872
2020-12-29 09:28:53,235 Average window size: 10  reward: 16.875
2020-12-29 09:30:33,882 update: 207	fps: 41.600	
2020-12-29 09:30:33,883 update: 207	env-time: 15427.085s	pth-time: 5019.653s	frames: 851968
2020-12-29 09:30:33,883 Average window size: 10  reward: 16.493
2020-12-29 09:32:11,611 update: 208	fps: 41.601	
2020-12-29 09:32:11,612 update: 208	env-time: 15498.323s	pth-time: 5046.007s	frames: 856064
2020-12-29 09:32:11,612 Average window size: 10  reward: 15.896
2020-12-29 09:33:52,369 update: 209	fps: 41.597	
2020-12-29 09:33:52,370 update: 209	env-time: 15570.047s	pth-time: 5074.916s	frames: 860160
2020-12-29 09:33:52,370 Average window size: 10  reward: 16.042
2020-12-29 09:35:38,366 update: 210	fps: 41.582	
2020-12-29 09:35:38,367 update: 210	env-time: 15646.422s	pth-time: 5104.419s	frames: 864256
2020-12-29 09:35:38,367 Average window size: 10  reward: 15.924
2020-12-29 09:37:15,385 update: 211	fps: 41.585	
2020-12-29 09:37:15,391 update: 211	env-time: 15719.359s	pth-time: 5128.267s	frames: 868352
2020-12-29 09:37:15,391 Average window size: 10  reward: 15.896
2020-12-29 09:38:52,827 update: 212	fps: 41.587	
2020-12-29 09:38:52,828 update: 212	env-time: 15792.024s	pth-time: 5152.910s	frames: 872448
2020-12-29 09:38:52,828 Average window size: 10  reward: 16.444
2020-12-29 09:40:31,905 update: 213	fps: 41.586	
2020-12-29 09:40:31,909 update: 213	env-time: 15865.238s	pth-time: 5178.652s	frames: 876544
2020-12-29 09:40:31,909 Average window size: 10  reward: 16.417
2020-12-29 09:42:09,708 update: 214	fps: 41.587	
2020-12-29 09:42:09,709 update: 214	env-time: 15938.330s	pth-time: 5203.239s	frames: 880640
2020-12-29 09:42:09,709 Average window size: 10  reward: 16.417
2020-12-29 09:43:49,350 update: 215	fps: 41.585	
2020-12-29 09:43:49,351 update: 215	env-time: 16014.373s	pth-time: 5226.725s	frames: 884736
2020-12-29 09:43:49,351 Average window size: 10  reward: 16.688
2020-12-29 09:45:31,806 update: 216	fps: 41.577	
2020-12-29 09:45:31,813 update: 216	env-time: 16091.210s	pth-time: 5252.227s	frames: 888832
2020-12-29 09:45:31,813 Average window size: 10  reward: 16.694
2020-12-29 09:47:12,337 update: 217	fps: 41.573	
2020-12-29 09:47:12,337 update: 217	env-time: 16164.537s	pth-time: 5279.278s	frames: 892928
2020-12-29 09:47:12,337 Average window size: 10  reward: 17.299
2020-12-29 09:48:46,158 update: 218	fps: 41.582	
2020-12-29 09:48:46,159 update: 218	env-time: 16235.043s	pth-time: 5302.477s	frames: 897024
2020-12-29 09:48:46,159 Average window size: 10  reward: 17.403
2020-12-29 09:50:21,941 update: 219	fps: 41.587	
2020-12-29 09:50:21,942 update: 219	env-time: 16305.773s	pth-time: 5327.420s	frames: 901120
2020-12-29 09:50:21,942 Average window size: 10  reward: 17.701
2020-12-29 09:52:00,776 update: 220	fps: 41.587	
2020-12-29 09:52:00,777 update: 220	env-time: 16381.587s	pth-time: 5350.320s	frames: 905216
2020-12-29 09:52:00,777 Average window size: 10  reward: 18.062
2020-12-29 09:53:42,637 update: 221	fps: 41.580	
2020-12-29 09:53:42,638 update: 221	env-time: 16457.898s	pth-time: 5375.639s	frames: 909312
2020-12-29 09:53:42,638 Average window size: 10  reward: 17.979
2020-12-29 09:55:18,543 update: 222	fps: 41.585	
2020-12-29 09:55:18,544 update: 222	env-time: 16527.450s	pth-time: 5401.876s	frames: 913408
2020-12-29 09:55:18,544 Average window size: 10  reward: 18.097
2020-12-29 09:56:56,663 update: 223	fps: 41.586	
2020-12-29 09:56:56,664 update: 223	env-time: 16599.559s	pth-time: 5427.770s	frames: 917504
2020-12-29 09:56:56,665 Average window size: 10  reward: 18.778
2020-12-29 09:58:35,598 update: 224	fps: 41.585	
2020-12-29 09:58:35,598 update: 224	env-time: 16674.600s	pth-time: 5451.536s	frames: 921600
2020-12-29 09:58:35,599 Average window size: 10  reward: 18.743
2020-12-29 10:00:13,955 update: 225	fps: 41.585	
2020-12-29 10:00:13,956 update: 225	env-time: 16747.527s	pth-time: 5476.840s	frames: 925696
2020-12-29 10:00:13,956 Average window size: 10  reward: 18.868
2020-12-29 10:01:53,376 update: 226	fps: 41.584	
2020-12-29 10:01:53,377 update: 226	env-time: 16821.330s	pth-time: 5502.350s	frames: 929792
2020-12-29 10:01:53,377 Average window size: 10  reward: 18.938
2020-12-29 10:03:26,384 update: 227	fps: 41.594	
2020-12-29 10:03:26,384 update: 227	env-time: 16891.825s	pth-time: 5524.750s	frames: 933888
2020-12-29 10:03:26,385 Average window size: 10  reward: 19.042
2020-12-29 10:05:08,613 update: 228	fps: 41.587	
2020-12-29 10:05:08,614 update: 228	env-time: 16966.856s	pth-time: 5551.823s	frames: 937984
2020-12-29 10:05:08,614 Average window size: 10  reward: 19.139
2020-12-29 10:06:45,271 update: 229	fps: 41.590	
2020-12-29 10:06:45,272 update: 229	env-time: 17039.692s	pth-time: 5575.517s	frames: 942080
2020-12-29 10:06:45,272 Average window size: 10  reward: 19.354
2020-12-29 10:08:28,801 update: 230	fps: 41.581	
2020-12-29 10:08:28,802 update: 230	env-time: 17115.184s	pth-time: 5603.431s	frames: 946176
2020-12-29 10:08:28,802 Average window size: 10  reward: 19.688
2020-12-29 10:10:12,501 update: 231	fps: 41.572	
2020-12-29 10:10:12,502 update: 231	env-time: 17187.753s	pth-time: 5627.675s	frames: 950272
2020-12-29 10:10:12,502 Average window size: 10  reward: 20.208
2020-12-29 10:11:47,127 update: 232	fps: 41.579	
2020-12-29 10:11:47,128 update: 232	env-time: 17257.661s	pth-time: 5652.276s	frames: 954368
2020-12-29 10:11:47,128 Average window size: 10  reward: 20.104
2020-12-29 10:13:27,091 update: 233	fps: 41.576	
2020-12-29 10:13:27,092 update: 233	env-time: 17332.617s	pth-time: 5677.155s	frames: 958464
2020-12-29 10:13:27,092 Average window size: 10  reward: 19.951
2020-12-29 10:15:15,912 update: 234	fps: 41.558	
2020-12-29 10:15:15,913 update: 234	env-time: 17412.439s	pth-time: 5706.036s	frames: 962560
2020-12-29 10:15:15,913 Average window size: 10  reward: 20.201
2020-12-29 10:16:59,272 update: 235	fps: 41.549	
2020-12-29 10:16:59,272 update: 235	env-time: 17489.607s	pth-time: 5732.107s	frames: 966656
2020-12-29 10:16:59,272 Average window size: 10  reward: 20.222
2020-12-29 10:18:34,109 update: 236	fps: 41.556	
2020-12-29 10:18:34,110 update: 236	env-time: 17560.506s	pth-time: 5755.927s	frames: 970752
2020-12-29 10:18:34,110 Average window size: 10  reward: 20.694
2020-12-29 10:20:11,635 update: 237	fps: 41.557	
2020-12-29 10:20:11,636 update: 237	env-time: 17632.863s	pth-time: 5780.979s	frames: 974848
2020-12-29 10:20:11,637 Average window size: 10  reward: 20.847
2020-12-29 10:21:52,880 update: 238	fps: 41.553	
2020-12-29 10:21:52,881 update: 238	env-time: 17708.834s	pth-time: 5806.121s	frames: 978944
2020-12-29 10:21:52,882 Average window size: 10  reward: 21.125
2020-12-29 10:23:31,252 update: 239	fps: 41.553	
2020-12-29 10:23:31,253 update: 239	env-time: 17782.013s	pth-time: 5831.196s	frames: 983040
2020-12-29 10:23:31,254 Average window size: 10  reward: 20.972
2020-12-29 10:24:57,319 update: 240	fps: 41.575	
2020-12-29 10:24:57,319 update: 240	env-time: 17854.811s	pth-time: 5844.348s	frames: 987136
2020-12-29 10:24:57,319 Average window size: 10  reward: 20.903
2020-12-29 10:26:12,256 update: 241	fps: 41.616	
2020-12-29 10:26:12,257 update: 241	env-time: 17922.590s	pth-time: 5851.303s	frames: 991232
2020-12-29 10:26:12,257 Average window size: 10  reward: 21.042
2020-12-29 10:27:13,747 update: 242	fps: 41.680	
2020-12-29 10:27:13,747 update: 242	env-time: 17980.868s	pth-time: 5854.427s	frames: 995328
2020-12-29 10:27:13,747 Average window size: 10  reward: 21.264
2020-12-29 10:28:13,388 update: 243	fps: 41.748	
2020-12-29 10:28:13,389 update: 243	env-time: 18038.992s	pth-time: 5855.854s	frames: 999424
2020-12-29 10:28:13,389 Average window size: 10  reward: 21.410
2020-12-29 15:06:14,803 interaction_exploration/cv/obj-coverage//run1/ckpt.24.pth
2020-12-29 15:06:14,803 num_steps: 1024
2020-12-29 15:27:43,132 Average episode reward: 15.6125
