2021-01-07 19:05:30,075 agent number of parameters: 2230413
2021-01-07 19:08:03,472 update: 1	fps: 55.981	
2021-01-07 19:08:03,473 update: 1	env-time: 104.612s	pth-time: 41.302s	frames: 8192
2021-01-07 19:08:03,473 Average window size: 2  reward: 7.438
2021-01-07 19:09:11,526 update: 2	fps: 57.316	
2021-01-07 19:09:11,527 update: 2	env-time: 153.336s	pth-time: 60.518s	frames: 12288
2021-01-07 19:09:11,527 Average window size: 3  reward: 7.329
2021-01-07 19:10:35,262 update: 3	fps: 54.957	
2021-01-07 19:10:35,263 update: 3	env-time: 213.582s	pth-time: 83.893s	frames: 16384
2021-01-07 19:10:35,263 Average window size: 4  reward: 7.509
2021-01-07 19:11:35,101 update: 4	fps: 57.212	
2021-01-07 19:11:35,102 update: 4	env-time: 258.602s	pth-time: 98.603s	frames: 20480
2021-01-07 19:11:35,102 Average window size: 5  reward: 7.628
2021-01-07 19:12:47,496 update: 5	fps: 57.106	
2021-01-07 19:12:47,497 update: 5	env-time: 313.495s	pth-time: 115.992s	frames: 24576
2021-01-07 19:12:47,497 Average window size: 6  reward: 7.647
2021-01-07 19:13:58,218 update: 6	fps: 57.220	
2021-01-07 19:13:58,218 update: 6	env-time: 365.406s	pth-time: 134.685s	frames: 28672
2021-01-07 19:13:58,219 Average window size: 7  reward: 7.557
2021-01-07 19:15:11,759 update: 7	fps: 57.025	
2021-01-07 19:15:11,768 update: 7	env-time: 420.356s	pth-time: 153.143s	frames: 32768
2021-01-07 19:15:11,768 Average window size: 8  reward: 7.636
2021-01-07 19:16:23,233 update: 8	fps: 57.056	
2021-01-07 19:16:23,233 update: 8	env-time: 474.987s	pth-time: 169.856s	frames: 36864
2021-01-07 19:16:23,234 Average window size: 9  reward: 7.687
2021-01-07 19:17:37,639 update: 9	fps: 56.849	
2021-01-07 19:17:37,639 update: 9	env-time: 533.248s	pth-time: 185.885s	frames: 40960
2021-01-07 19:17:37,639 Average window size: 10  reward: 7.758
2021-01-07 19:18:42,048 update: 10	fps: 57.403	
2021-01-07 19:18:42,049 update: 10	env-time: 583.160s	pth-time: 200.261s	frames: 45056
2021-01-07 19:18:42,049 Average window size: 10  reward: 7.982
2021-01-07 19:19:47,896 update: 11	fps: 57.774	
2021-01-07 19:19:47,897 update: 11	env-time: 631.140s	pth-time: 217.877s	frames: 49152
2021-01-07 19:19:47,897 Average window size: 10  reward: 8.244
2021-01-07 19:20:59,642 update: 12	fps: 57.721	
2021-01-07 19:20:59,643 update: 12	env-time: 686.690s	pth-time: 233.947s	frames: 53248
2021-01-07 19:20:59,643 Average window size: 10  reward: 8.426
2021-01-07 19:22:26,810 update: 13	fps: 56.795	
2021-01-07 19:22:26,811 update: 13	env-time: 756.478s	pth-time: 251.209s	frames: 57344
2021-01-07 19:22:26,811 Average window size: 10  reward: 8.682
2021-01-07 19:23:30,523 update: 14	fps: 57.239	
2021-01-07 19:23:30,524 update: 14	env-time: 803.694s	pth-time: 267.596s	frames: 61440
2021-01-07 19:23:30,524 Average window size: 10  reward: 9.063
2021-01-07 19:24:39,865 update: 15	fps: 57.350	
2021-01-07 19:24:39,866 update: 15	env-time: 854.501s	pth-time: 285.999s	frames: 65536
2021-01-07 19:24:39,866 Average window size: 10  reward: 9.510
2021-01-07 19:25:40,195 update: 16	fps: 57.879	
2021-01-07 19:25:40,196 update: 16	env-time: 900.226s	pth-time: 300.482s	frames: 69632
2021-01-07 19:25:40,196 Average window size: 10  reward: 9.921
2021-01-07 19:26:51,897 update: 17	fps: 57.837	
2021-01-07 19:26:51,897 update: 17	env-time: 953.730s	pth-time: 318.562s	frames: 73728
2021-01-07 19:26:51,897 Average window size: 10  reward: 10.267
2021-01-07 19:28:03,722 update: 18	fps: 57.794	
2021-01-07 19:28:03,723 update: 18	env-time: 1005.607s	pth-time: 338.384s	frames: 77824
2021-01-07 19:28:03,723 Average window size: 10  reward: 10.657
2021-01-07 19:29:18,414 update: 19	fps: 57.638	
2021-01-07 19:29:18,414 update: 19	env-time: 1061.540s	pth-time: 357.019s	frames: 81920
2021-01-07 19:29:18,414 Average window size: 10  reward: 10.963
2021-01-07 19:30:29,100 update: 20	fps: 57.653	
2021-01-07 19:30:29,101 update: 20	env-time: 1116.338s	pth-time: 372.784s	frames: 86016
2021-01-07 19:30:29,101 Average window size: 10  reward: 11.240
2021-01-07 19:31:42,941 update: 21	fps: 57.550	
2021-01-07 19:31:42,942 update: 21	env-time: 1170.658s	pth-time: 392.063s	frames: 90112
2021-01-07 19:31:42,942 Average window size: 10  reward: 11.570
2021-01-07 19:32:58,226 update: 22	fps: 57.406	
2021-01-07 19:32:58,227 update: 22	env-time: 1225.024s	pth-time: 412.864s	frames: 94208
2021-01-07 19:32:58,227 Average window size: 10  reward: 11.888
2021-01-07 19:34:07,549 update: 23	fps: 57.474	
2021-01-07 19:34:07,549 update: 23	env-time: 1272.538s	pth-time: 434.550s	frames: 98304
2021-01-07 19:34:07,549 Average window size: 10  reward: 12.141
2021-01-07 19:35:20,498 update: 24	fps: 57.420	
2021-01-07 19:35:20,499 update: 24	env-time: 1325.924s	pth-time: 454.002s	frames: 102400
2021-01-07 19:35:20,499 Average window size: 10  reward: 12.304
2021-01-07 19:36:33,985 update: 25	fps: 57.353	
2021-01-07 19:36:33,986 update: 25	env-time: 1379.336s	pth-time: 473.957s	frames: 106496
2021-01-07 19:36:33,986 Average window size: 10  reward: 12.518
2021-01-07 19:37:50,146 update: 26	fps: 57.212	
2021-01-07 19:37:50,147 update: 26	env-time: 1437.066s	pth-time: 492.262s	frames: 110592
2021-01-07 19:37:50,147 Average window size: 10  reward: 12.766
2021-01-07 19:39:05,758 update: 27	fps: 57.098	
2021-01-07 19:39:05,759 update: 27	env-time: 1493.880s	pth-time: 510.920s	frames: 114688
2021-01-07 19:39:05,759 Average window size: 10  reward: 12.968
2021-01-07 19:40:23,947 update: 28	fps: 56.921	
2021-01-07 19:40:23,948 update: 28	env-time: 1553.270s	pth-time: 529.594s	frames: 118784
2021-01-07 19:40:23,948 Average window size: 10  reward: 13.045
2021-01-07 19:41:36,930 update: 29	fps: 56.894	
2021-01-07 19:41:36,930 update: 29	env-time: 1605.645s	pth-time: 550.075s	frames: 122880
2021-01-07 19:41:36,930 Average window size: 10  reward: 13.242
2021-01-07 19:42:51,407 update: 30	fps: 56.831	
2021-01-07 19:42:51,407 update: 30	env-time: 1661.072s	pth-time: 569.003s	frames: 126976
2021-01-07 19:42:51,407 Average window size: 10  reward: 13.313
2021-01-07 19:44:06,236 update: 31	fps: 56.763	
2021-01-07 19:44:06,237 update: 31	env-time: 1720.098s	pth-time: 584.577s	frames: 131072
2021-01-07 19:44:06,237 Average window size: 10  reward: 13.349
2021-01-07 19:45:20,350 update: 32	fps: 56.717	
2021-01-07 19:45:20,351 update: 32	env-time: 1773.438s	pth-time: 605.218s	frames: 135168
2021-01-07 19:45:20,351 Average window size: 10  reward: 13.249
2021-01-07 19:46:27,959 update: 33	fps: 56.823	
2021-01-07 19:46:27,960 update: 33	env-time: 1821.988s	pth-time: 624.157s	frames: 139264
2021-01-07 19:46:27,960 Average window size: 10  reward: 13.330
2021-01-07 19:47:45,932 update: 34	fps: 56.691	
2021-01-07 19:47:45,933 update: 34	env-time: 1878.306s	pth-time: 645.678s	frames: 143360
2021-01-07 19:47:45,933 Average window size: 10  reward: 13.349
2021-01-07 19:49:02,577 update: 35	fps: 56.595	
2021-01-07 19:49:02,578 update: 35	env-time: 1935.538s	pth-time: 664.961s	frames: 147456
2021-01-07 19:49:02,578 Average window size: 10  reward: 13.337
2021-01-07 19:50:21,489 update: 36	fps: 56.458	
2021-01-07 19:50:21,490 update: 36	env-time: 1996.923s	pth-time: 682.370s	frames: 151552
2021-01-07 19:50:21,490 Average window size: 10  reward: 13.343
2021-01-07 19:51:52,127 update: 37	fps: 56.090	
2021-01-07 19:51:52,128 update: 37	env-time: 2065.372s	pth-time: 704.424s	frames: 155648
2021-01-07 19:51:52,128 Average window size: 10  reward: 13.264
2021-01-07 19:53:11,252 update: 38	fps: 55.970	
2021-01-07 19:53:11,252 update: 38	env-time: 2125.919s	pth-time: 722.884s	frames: 159744
2021-01-07 19:53:11,252 Average window size: 10  reward: 13.163
2021-01-07 19:54:23,511 update: 39	fps: 55.987	
2021-01-07 19:54:23,512 update: 39	env-time: 2178.519s	pth-time: 742.417s	frames: 163840
2021-01-07 19:54:23,512 Average window size: 10  reward: 13.204
2021-01-07 19:55:35,816 update: 40	fps: 56.003	
2021-01-07 19:55:35,817 update: 40	env-time: 2230.609s	pth-time: 762.513s	frames: 167936
2021-01-07 19:55:35,817 Average window size: 10  reward: 13.138
2021-01-07 19:56:49,422 update: 41	fps: 55.995	
2021-01-07 19:56:49,425 update: 41	env-time: 2285.064s	pth-time: 781.452s	frames: 172032
2021-01-07 19:56:49,425 Average window size: 10  reward: 13.282
2021-01-07 19:58:05,150 update: 42	fps: 55.949	
2021-01-07 19:58:05,151 update: 42	env-time: 2341.896s	pth-time: 800.222s	frames: 176128
2021-01-07 19:58:05,151 Average window size: 10  reward: 13.237
2021-01-07 19:59:16,337 update: 43	fps: 55.984	
2021-01-07 19:59:16,338 update: 43	env-time: 2395.859s	pth-time: 817.331s	frames: 180224
2021-01-07 19:59:16,338 Average window size: 10  reward: 13.199
2021-01-07 20:00:30,676 update: 44	fps: 55.964	
2021-01-07 20:00:30,677 update: 44	env-time: 2452.278s	pth-time: 835.121s	frames: 184320
2021-01-07 20:00:30,677 Average window size: 10  reward: 13.098
2021-01-07 20:01:48,602 update: 45	fps: 55.885	
2021-01-07 20:01:48,603 update: 45	env-time: 2509.572s	pth-time: 855.615s	frames: 188416
2021-01-07 20:01:48,603 Average window size: 10  reward: 12.915
2021-01-07 20:03:03,179 update: 46	fps: 55.865	
2021-01-07 20:03:03,183 update: 46	env-time: 2561.847s	pth-time: 877.794s	frames: 192512
2021-01-07 20:03:03,183 Average window size: 10  reward: 13.000
2021-01-07 20:04:26,069 update: 47	fps: 55.713	
2021-01-07 20:04:26,070 update: 47	env-time: 2622.840s	pth-time: 899.571s	frames: 196608
2021-01-07 20:04:26,070 Average window size: 10  reward: 13.002
2021-01-07 20:05:48,220 update: 48	fps: 55.580	
2021-01-07 20:05:48,221 update: 48	env-time: 2679.064s	pth-time: 925.372s	frames: 200704
2021-01-07 20:05:48,221 Average window size: 10  reward: 13.091
2021-01-07 20:07:06,452 update: 49	fps: 55.512	
2021-01-07 20:07:06,453 update: 49	env-time: 2734.405s	pth-time: 948.125s	frames: 204800
2021-01-07 20:07:06,453 Average window size: 10  reward: 13.100
2021-01-07 20:08:20,400 update: 50	fps: 55.509	
2021-01-07 20:08:20,401 update: 50	env-time: 2787.156s	pth-time: 969.194s	frames: 208896
2021-01-07 20:08:20,401 Average window size: 10  reward: 13.012
2021-01-07 20:09:39,534 update: 51	fps: 55.432	
2021-01-07 20:09:39,535 update: 51	env-time: 2841.830s	pth-time: 993.416s	frames: 212992
2021-01-07 20:09:39,535 Average window size: 10  reward: 13.036
2021-01-07 20:10:50,304 update: 52	fps: 55.476	
2021-01-07 20:10:50,305 update: 52	env-time: 2891.839s	pth-time: 1014.060s	frames: 217088
2021-01-07 20:10:50,305 Average window size: 10  reward: 12.929
2021-01-07 20:12:06,248 update: 53	fps: 55.447	
2021-01-07 20:12:06,249 update: 53	env-time: 2946.956s	pth-time: 1034.770s	frames: 221184
2021-01-07 20:12:06,249 Average window size: 10  reward: 12.892
2021-01-07 20:13:18,711 update: 54	fps: 55.466	
2021-01-07 20:13:18,712 update: 54	env-time: 2999.891s	pth-time: 1054.179s	frames: 225280
2021-01-07 20:13:18,712 Average window size: 10  reward: 13.005
2021-01-07 20:14:31,182 update: 55	fps: 55.485	
2021-01-07 20:14:31,183 update: 55	env-time: 3054.416s	pth-time: 1072.003s	frames: 229376
2021-01-07 20:14:31,183 Average window size: 10  reward: 12.990
2021-01-07 20:15:37,668 update: 56	fps: 55.582	
2021-01-07 20:15:37,669 update: 56	env-time: 3102.952s	pth-time: 1089.825s	frames: 233472
2021-01-07 20:15:37,669 Average window size: 10  reward: 12.906
2021-01-07 20:16:48,708 update: 57	fps: 55.616	
2021-01-07 20:16:48,713 update: 57	env-time: 3156.283s	pth-time: 1107.418s	frames: 237568
2021-01-07 20:16:48,713 Average window size: 10  reward: 12.672
2021-01-07 20:17:59,000 update: 58	fps: 55.659	
2021-01-07 20:17:59,001 update: 58	env-time: 3204.732s	pth-time: 1129.127s	frames: 241664
2021-01-07 20:17:59,001 Average window size: 10  reward: 12.583
2021-01-07 20:19:15,449 update: 59	fps: 55.623	
2021-01-07 20:19:15,449 update: 59	env-time: 3258.951s	pth-time: 1151.236s	frames: 245760
2021-01-07 20:19:15,449 Average window size: 10  reward: 12.431
2021-01-07 20:20:31,815 update: 60	fps: 55.589	
2021-01-07 20:20:31,816 update: 60	env-time: 3311.030s	pth-time: 1175.398s	frames: 249856
2021-01-07 20:20:31,816 Average window size: 10  reward: 12.412
2021-01-07 20:21:38,853 update: 61	fps: 55.670	
2021-01-07 20:21:38,854 update: 61	env-time: 3360.226s	pth-time: 1193.004s	frames: 253952
2021-01-07 20:21:38,854 Average window size: 10  reward: 12.380
2021-01-07 20:22:57,457 update: 62	fps: 55.610	
2021-01-07 20:22:57,458 update: 62	env-time: 3419.078s	pth-time: 1212.636s	frames: 258048
2021-01-07 20:22:57,458 Average window size: 10  reward: 12.468
2021-01-07 20:24:09,657 update: 63	fps: 55.627	
2021-01-07 20:24:09,658 update: 63	env-time: 3472.113s	pth-time: 1231.684s	frames: 262144
2021-01-07 20:24:09,658 Average window size: 10  reward: 12.384
2021-01-07 20:25:29,227 update: 64	fps: 55.558	
2021-01-07 20:25:29,228 update: 64	env-time: 3531.735s	pth-time: 1251.513s	frames: 266240
2021-01-07 20:25:29,228 Average window size: 10  reward: 12.341
2021-01-07 20:26:44,175 update: 65	fps: 55.544	
2021-01-07 20:26:44,176 update: 65	env-time: 3584.689s	pth-time: 1273.371s	frames: 270336
2021-01-07 20:26:44,176 Average window size: 10  reward: 12.468
2021-01-07 20:27:57,979 update: 66	fps: 55.544	
2021-01-07 20:27:57,980 update: 66	env-time: 3638.274s	pth-time: 1293.462s	frames: 274432
2021-01-07 20:27:57,980 Average window size: 10  reward: 12.562
2021-01-07 20:29:10,583 update: 67	fps: 55.556	
2021-01-07 20:29:10,584 update: 67	env-time: 3692.037s	pth-time: 1312.177s	frames: 278528
2021-01-07 20:29:10,584 Average window size: 10  reward: 12.721
2021-01-07 20:30:22,277 update: 68	fps: 55.578	
2021-01-07 20:30:22,277 update: 68	env-time: 3745.608s	pth-time: 1330.180s	frames: 282624
2021-01-07 20:30:22,277 Average window size: 10  reward: 12.814
2021-01-07 20:31:38,904 update: 69	fps: 55.547	
2021-01-07 20:31:38,905 update: 69	env-time: 3800.499s	pth-time: 1351.801s	frames: 286720
2021-01-07 20:31:38,905 Average window size: 10  reward: 12.824
2021-01-07 20:32:51,344 update: 70	fps: 55.561	
2021-01-07 20:32:51,344 update: 70	env-time: 3852.206s	pth-time: 1372.418s	frames: 290816
2021-01-07 20:32:51,344 Average window size: 10  reward: 12.840
2021-01-07 20:34:03,881 update: 71	fps: 55.573	
2021-01-07 20:34:03,882 update: 71	env-time: 3905.446s	pth-time: 1391.487s	frames: 294912
2021-01-07 20:34:03,883 Average window size: 10  reward: 12.895
2021-01-07 20:35:18,434 update: 72	fps: 55.564	
2021-01-07 20:35:18,435 update: 72	env-time: 3957.174s	pth-time: 1414.185s	frames: 299008
2021-01-07 20:35:18,435 Average window size: 10  reward: 12.907
2021-01-07 20:36:30,314 update: 73	fps: 55.583	
2021-01-07 20:36:30,315 update: 73	env-time: 4011.228s	pth-time: 1431.881s	frames: 303104
2021-01-07 20:36:30,315 Average window size: 10  reward: 12.980
2021-01-07 20:37:49,611 update: 74	fps: 55.527	
2021-01-07 20:37:49,611 update: 74	env-time: 4070.653s	pth-time: 1451.640s	frames: 307200
2021-01-07 20:37:49,611 Average window size: 10  reward: 13.030
2021-01-07 20:39:06,841 update: 75	fps: 55.492	
2021-01-07 20:39:06,842 update: 75	env-time: 4127.649s	pth-time: 1471.755s	frames: 311296
2021-01-07 20:39:06,842 Average window size: 10  reward: 12.960
2021-01-07 20:40:21,972 update: 76	fps: 55.480	
2021-01-07 20:40:21,973 update: 76	env-time: 4184.152s	pth-time: 1490.271s	frames: 315392
2021-01-07 20:40:21,973 Average window size: 10  reward: 12.875
2021-01-07 20:41:32,725 update: 77	fps: 55.509	
2021-01-07 20:41:32,725 update: 77	env-time: 4235.379s	pth-time: 1509.676s	frames: 319488
2021-01-07 20:41:32,725 Average window size: 10  reward: 12.920
2021-01-07 20:42:45,290 update: 78	fps: 55.521	
2021-01-07 20:42:45,291 update: 78	env-time: 4291.584s	pth-time: 1525.922s	frames: 323584
2021-01-07 20:42:45,291 Average window size: 10  reward: 12.870
2021-01-07 20:44:00,074 update: 79	fps: 55.511	
2021-01-07 20:44:00,075 update: 79	env-time: 4342.712s	pth-time: 1549.453s	frames: 327680
2021-01-07 20:44:00,075 Average window size: 10  reward: 12.929
2021-01-07 20:45:15,084 update: 80	fps: 55.500	
2021-01-07 20:45:15,085 update: 80	env-time: 4395.824s	pth-time: 1571.232s	frames: 331776
2021-01-07 20:45:15,085 Average window size: 10  reward: 12.920
2021-01-07 20:46:31,415 update: 81	fps: 55.477	
2021-01-07 20:46:31,416 update: 81	env-time: 4449.285s	pth-time: 1593.865s	frames: 335872
2021-01-07 20:46:31,416 Average window size: 10  reward: 13.002
2021-01-07 20:47:44,486 update: 82	fps: 55.484	
2021-01-07 20:47:44,487 update: 82	env-time: 4503.878s	pth-time: 1612.215s	frames: 339968
2021-01-07 20:47:44,487 Average window size: 10  reward: 13.097
2021-01-07 20:48:59,002 update: 83	fps: 55.477	
2021-01-07 20:48:59,003 update: 83	env-time: 4559.521s	pth-time: 1630.957s	frames: 344064
2021-01-07 20:48:59,003 Average window size: 10  reward: 12.848
2021-01-07 20:50:20,476 update: 84	fps: 55.410	
2021-01-07 20:50:20,476 update: 84	env-time: 4620.056s	pth-time: 1651.754s	frames: 348160
2021-01-07 20:50:20,476 Average window size: 10  reward: 12.933
2021-01-07 20:51:37,143 update: 85	fps: 55.386	
2021-01-07 20:51:37,143 update: 85	env-time: 4676.409s	pth-time: 1671.955s	frames: 352256
2021-01-07 20:51:37,144 Average window size: 10  reward: 12.777
2021-01-07 20:52:50,204 update: 86	fps: 55.394	
2021-01-07 20:52:50,205 update: 86	env-time: 4730.333s	pth-time: 1690.967s	frames: 356352
2021-01-07 20:52:50,205 Average window size: 10  reward: 12.770
2021-01-07 20:54:06,687 update: 87	fps: 55.372	
2021-01-07 20:54:06,688 update: 87	env-time: 4787.219s	pth-time: 1710.437s	frames: 360448
2021-01-07 20:54:06,688 Average window size: 10  reward: 12.801
2021-01-07 20:55:18,997 update: 88	fps: 55.386	
2021-01-07 20:55:18,998 update: 88	env-time: 4843.512s	pth-time: 1726.339s	frames: 364544
2021-01-07 20:55:18,999 Average window size: 10  reward: 12.859
2021-01-07 20:56:32,701 update: 89	fps: 55.388	
2021-01-07 20:56:32,702 update: 89	env-time: 4899.620s	pth-time: 1743.792s	frames: 368640
2021-01-07 20:56:32,702 Average window size: 10  reward: 12.833
2021-01-07 20:57:41,992 update: 90	fps: 55.427	
2021-01-07 20:57:41,992 update: 90	env-time: 4949.134s	pth-time: 1763.449s	frames: 372736
2021-01-07 20:57:41,992 Average window size: 10  reward: 12.857
2021-01-07 20:58:57,239 update: 91	fps: 55.416	
2021-01-07 20:58:57,240 update: 91	env-time: 5005.405s	pth-time: 1782.207s	frames: 376832
2021-01-07 20:58:57,241 Average window size: 10  reward: 12.692
2021-01-07 21:00:06,124 update: 92	fps: 55.456	
2021-01-07 21:00:06,125 update: 92	env-time: 5055.684s	pth-time: 1800.668s	frames: 380928
2021-01-07 21:00:06,125 Average window size: 10  reward: 12.866
2021-01-07 21:01:09,646 update: 93	fps: 55.539	
2021-01-07 21:01:09,647 update: 93	env-time: 5100.293s	pth-time: 1819.463s	frames: 385024
2021-01-07 21:01:09,647 Average window size: 10  reward: 12.809
2021-01-07 21:02:19,773 update: 94	fps: 55.568	
2021-01-07 21:02:19,774 update: 94	env-time: 5147.930s	pth-time: 1841.832s	frames: 389120
2021-01-07 21:02:19,774 Average window size: 10  reward: 12.996
2021-01-07 21:03:28,133 update: 95	fps: 55.610	
2021-01-07 21:03:28,134 update: 95	env-time: 5196.309s	pth-time: 1861.686s	frames: 393216
2021-01-07 21:03:28,134 Average window size: 10  reward: 13.033
2021-01-07 21:04:38,654 update: 96	fps: 55.634	
2021-01-07 21:04:38,655 update: 96	env-time: 5249.537s	pth-time: 1878.860s	frames: 397312
2021-01-07 21:04:38,655 Average window size: 10  reward: 13.157
2021-01-07 21:05:54,054 update: 97	fps: 55.620	
2021-01-07 21:05:54,055 update: 97	env-time: 5307.337s	pth-time: 1896.313s	frames: 401408
2021-01-07 21:05:54,055 Average window size: 10  reward: 13.121
2021-01-07 21:07:05,460 update: 98	fps: 55.637	
2021-01-07 21:07:05,461 update: 98	env-time: 5361.237s	pth-time: 1913.697s	frames: 405504
2021-01-07 21:07:05,461 Average window size: 10  reward: 13.172
2021-01-07 21:08:10,479 update: 99	fps: 55.703	
2021-01-07 21:08:10,480 update: 99	env-time: 5406.731s	pth-time: 1933.094s	frames: 409600
2021-01-07 21:08:10,480 Average window size: 10  reward: 13.151
2021-01-07 21:09:21,227 update: 100	fps: 55.723	
2021-01-07 21:09:21,227 update: 100	env-time: 5457.771s	pth-time: 1952.676s	frames: 413696
2021-01-07 21:09:21,228 Average window size: 10  reward: 13.235
2021-01-07 21:10:31,777 update: 101	fps: 55.745	
2021-01-07 21:10:31,778 update: 101	env-time: 5510.334s	pth-time: 1970.422s	frames: 417792
2021-01-07 21:10:31,778 Average window size: 10  reward: 13.182
2021-01-07 21:11:42,796 update: 102	fps: 55.764	
2021-01-07 21:11:42,796 update: 102	env-time: 5561.138s	pth-time: 1990.512s	frames: 421888
2021-01-07 21:11:42,797 Average window size: 10  reward: 13.101
2021-01-07 21:12:52,204 update: 103	fps: 55.793	
2021-01-07 21:12:52,205 update: 103	env-time: 5611.083s	pth-time: 2009.849s	frames: 425984
2021-01-07 21:12:52,205 Average window size: 10  reward: 13.025
2021-01-07 21:14:00,895 update: 104	fps: 55.827	
2021-01-07 21:14:00,896 update: 104	env-time: 5658.968s	pth-time: 2030.528s	frames: 430080
2021-01-07 21:14:00,896 Average window size: 10  reward: 12.998
2021-01-07 21:15:05,450 update: 105	fps: 55.891	
2021-01-07 21:15:05,451 update: 105	env-time: 5701.131s	pth-time: 2052.796s	frames: 434176
2021-01-07 21:15:05,451 Average window size: 10  reward: 12.859
2021-01-07 21:16:16,657 update: 106	fps: 55.905	
2021-01-07 21:16:16,658 update: 106	env-time: 5751.904s	pth-time: 2073.097s	frames: 438272
2021-01-07 21:16:16,658 Average window size: 10  reward: 12.876
2021-01-07 21:17:30,622 update: 107	fps: 55.901	
2021-01-07 21:17:30,623 update: 107	env-time: 5800.830s	pth-time: 2098.005s	frames: 442368
2021-01-07 21:17:30,623 Average window size: 10  reward: 12.646
2021-01-07 21:18:36,176 update: 108	fps: 55.955	
2021-01-07 21:18:36,177 update: 108	env-time: 5848.891s	pth-time: 2115.384s	frames: 446464
2021-01-07 21:18:36,177 Average window size: 10  reward: 12.493
2021-01-07 21:19:42,298 update: 109	fps: 56.004	
2021-01-07 21:19:42,298 update: 109	env-time: 5895.707s	pth-time: 2134.571s	frames: 450560
2021-01-07 21:19:42,299 Average window size: 10  reward: 12.438
2021-01-07 21:20:52,844 update: 110	fps: 56.022	
2021-01-07 21:20:52,845 update: 110	env-time: 5945.523s	pth-time: 2155.169s	frames: 454656
2021-01-07 21:20:52,845 Average window size: 10  reward: 12.420
2021-01-07 21:21:53,576 update: 111	fps: 56.107	
2021-01-07 21:21:53,577 update: 111	env-time: 5989.269s	pth-time: 2171.929s	frames: 458752
2021-01-07 21:21:53,577 Average window size: 10  reward: 12.521
2021-01-07 21:23:05,631 update: 112	fps: 56.113	
2021-01-07 21:23:05,632 update: 112	env-time: 6039.273s	pth-time: 2193.856s	frames: 462848
2021-01-07 21:23:05,632 Average window size: 10  reward: 12.596
2021-01-07 21:24:17,927 update: 113	fps: 56.118	
2021-01-07 21:24:17,929 update: 113	env-time: 6090.096s	pth-time: 2215.207s	frames: 466944
2021-01-07 21:24:17,929 Average window size: 10  reward: 12.622
2021-01-07 21:25:31,174 update: 114	fps: 56.116	
2021-01-07 21:25:31,175 update: 114	env-time: 6143.630s	pth-time: 2234.793s	frames: 471040
2021-01-07 21:25:31,175 Average window size: 10  reward: 12.718
2021-01-07 21:26:47,217 update: 115	fps: 56.096	
2021-01-07 21:26:47,218 update: 115	env-time: 6199.611s	pth-time: 2254.739s	frames: 475136
2021-01-07 21:26:47,218 Average window size: 10  reward: 12.687
2021-01-07 21:27:54,298 update: 116	fps: 56.135	
2021-01-07 21:27:54,299 update: 116	env-time: 6249.657s	pth-time: 2271.649s	frames: 479232
2021-01-07 21:27:54,299 Average window size: 10  reward: 12.813
2021-01-07 21:29:09,493 update: 117	fps: 56.120	
2021-01-07 21:29:09,494 update: 117	env-time: 6305.079s	pth-time: 2291.285s	frames: 483328
2021-01-07 21:29:09,494 Average window size: 10  reward: 12.921
2021-01-07 21:30:18,553 update: 118	fps: 56.146	
2021-01-07 21:30:18,554 update: 118	env-time: 6355.592s	pth-time: 2309.702s	frames: 487424
2021-01-07 21:30:18,554 Average window size: 10  reward: 12.909
2021-01-07 21:31:34,427 update: 119	fps: 56.127	
2021-01-07 21:31:34,427 update: 119	env-time: 6408.905s	pth-time: 2332.143s	frames: 491520
2021-01-07 21:31:34,427 Average window size: 10  reward: 12.949
2021-01-07 21:32:49,591 update: 120	fps: 56.113	
2021-01-07 21:32:49,592 update: 120	env-time: 6464.354s	pth-time: 2351.744s	frames: 495616
2021-01-07 21:32:49,592 Average window size: 10  reward: 12.883
2021-01-07 21:34:03,071 update: 121	fps: 56.110	
2021-01-07 21:34:03,072 update: 121	env-time: 6517.483s	pth-time: 2371.780s	frames: 499712
2021-01-07 21:34:03,072 Average window size: 10  reward: 12.860
2021-01-07 21:35:15,177 update: 122	fps: 56.116	
2021-01-07 21:35:15,178 update: 122	env-time: 6571.504s	pth-time: 2389.747s	frames: 503808
2021-01-07 21:35:15,178 Average window size: 10  reward: 12.922
2021-01-07 21:36:28,887 update: 123	fps: 56.111	
2021-01-07 21:36:28,888 update: 123	env-time: 6624.566s	pth-time: 2410.248s	frames: 507904
2021-01-07 21:36:28,888 Average window size: 10  reward: 12.845
2021-01-07 21:37:42,841 update: 124	fps: 56.105	
2021-01-07 21:37:42,842 update: 124	env-time: 6676.870s	pth-time: 2431.777s	frames: 512000
2021-01-07 21:37:42,842 Average window size: 10  reward: 12.801
2021-01-07 21:39:00,567 update: 125	fps: 56.076	
2021-01-07 21:39:00,568 update: 125	env-time: 6735.004s	pth-time: 2451.251s	frames: 516096
2021-01-07 21:39:00,568 Average window size: 10  reward: 12.830
2021-01-07 21:40:14,931 update: 126	fps: 56.068	
2021-01-07 21:40:14,932 update: 126	env-time: 6791.837s	pth-time: 2468.661s	frames: 520192
2021-01-07 21:40:14,932 Average window size: 10  reward: 12.828
2021-01-07 21:41:31,251 update: 127	fps: 56.049	
2021-01-07 21:41:31,252 update: 127	env-time: 6846.032s	pth-time: 2490.669s	frames: 524288
2021-01-07 21:41:31,252 Average window size: 10  reward: 12.801
2021-01-07 21:42:46,609 update: 128	fps: 56.035	
2021-01-07 21:42:46,610 update: 128	env-time: 6900.137s	pth-time: 2511.792s	frames: 528384
2021-01-07 21:42:46,610 Average window size: 10  reward: 12.817
2021-01-07 21:43:58,581 update: 129	fps: 56.042	
2021-01-07 21:43:58,582 update: 129	env-time: 6949.569s	pth-time: 2534.206s	frames: 532480
2021-01-07 21:43:58,582 Average window size: 10  reward: 12.864
2021-01-07 21:45:08,736 update: 130	fps: 56.059	
2021-01-07 21:45:08,737 update: 130	env-time: 7000.493s	pth-time: 2553.314s	frames: 536576
2021-01-07 21:45:08,737 Average window size: 10  reward: 12.904
2021-01-07 21:46:24,534 update: 131	fps: 56.043	
2021-01-07 21:46:24,535 update: 131	env-time: 7053.495s	pth-time: 2575.883s	frames: 540672
2021-01-07 21:46:24,535 Average window size: 10  reward: 12.809
2021-01-07 21:47:34,051 update: 132	fps: 56.064	
2021-01-07 21:47:34,052 update: 132	env-time: 7104.647s	pth-time: 2594.112s	frames: 544768
2021-01-07 21:47:34,052 Average window size: 10  reward: 12.889
2021-01-07 21:48:48,222 update: 133	fps: 56.058	
2021-01-07 21:48:48,223 update: 133	env-time: 7158.236s	pth-time: 2614.571s	frames: 548864
2021-01-07 21:48:48,224 Average window size: 10  reward: 12.821
2021-01-07 21:50:02,826 update: 134	fps: 56.049	
2021-01-07 21:50:02,827 update: 134	env-time: 7211.861s	pth-time: 2635.423s	frames: 552960
2021-01-07 21:50:02,827 Average window size: 10  reward: 12.771
2021-01-07 21:51:16,247 update: 135	fps: 56.047	
2021-01-07 21:51:16,248 update: 135	env-time: 7267.296s	pth-time: 2653.274s	frames: 557056
2021-01-07 21:51:16,248 Average window size: 10  reward: 12.778
2021-01-07 21:52:31,724 update: 136	fps: 56.033	
2021-01-07 21:52:31,725 update: 136	env-time: 7323.420s	pth-time: 2672.504s	frames: 561152
2021-01-07 21:52:31,725 Average window size: 10  reward: 12.751
2021-01-07 21:53:44,721 update: 137	fps: 56.034	
2021-01-07 21:53:44,723 update: 137	env-time: 7376.290s	pth-time: 2692.481s	frames: 565248
2021-01-07 21:53:44,723 Average window size: 10  reward: 12.700
2021-01-07 21:55:00,508 update: 138	fps: 56.019	
2021-01-07 21:55:00,509 update: 138	env-time: 7430.275s	pth-time: 2714.156s	frames: 569344
2021-01-07 21:55:00,510 Average window size: 10  reward: 12.713
2021-01-07 21:56:16,904 update: 139	fps: 56.001	
2021-01-07 21:56:16,905 update: 139	env-time: 7484.516s	pth-time: 2736.188s	frames: 573440
2021-01-07 21:56:16,905 Average window size: 10  reward: 12.609
2021-01-07 21:57:31,195 update: 140	fps: 55.995	
2021-01-07 21:57:31,195 update: 140	env-time: 7539.256s	pth-time: 2755.621s	frames: 577536
2021-01-07 21:57:31,196 Average window size: 10  reward: 12.556
2021-01-07 21:58:48,817 update: 141	fps: 55.971	
2021-01-07 21:58:48,818 update: 141	env-time: 7595.339s	pth-time: 2776.918s	frames: 581632
2021-01-07 21:58:48,818 Average window size: 10  reward: 12.422
2021-01-07 22:00:00,721 update: 142	fps: 55.978	
2021-01-07 22:00:00,722 update: 142	env-time: 7647.258s	pth-time: 2796.756s	frames: 585728
2021-01-07 22:00:00,722 Average window size: 10  reward: 12.435
2021-01-07 22:01:13,628 update: 143	fps: 55.979	
2021-01-07 22:01:13,628 update: 143	env-time: 7695.764s	pth-time: 2821.012s	frames: 589824
2021-01-07 22:01:13,628 Average window size: 10  reward: 12.521
2021-01-07 22:02:24,613 update: 144	fps: 55.991	
2021-01-07 22:02:24,614 update: 144	env-time: 7747.814s	pth-time: 2839.828s	frames: 593920
2021-01-07 22:02:24,614 Average window size: 10  reward: 12.484
2021-01-07 22:03:40,248 update: 145	fps: 55.978	
2021-01-07 22:03:40,248 update: 145	env-time: 7804.420s	pth-time: 2858.733s	frames: 598016
2021-01-07 22:03:40,249 Average window size: 10  reward: 12.526
2021-01-07 22:04:49,574 update: 146	fps: 55.998	
2021-01-07 22:04:49,575 update: 146	env-time: 7851.813s	pth-time: 2880.545s	frames: 602112
2021-01-07 22:04:49,575 Average window size: 10  reward: 12.620
2021-01-07 22:06:08,453 update: 147	fps: 55.968	
2021-01-07 22:06:08,453 update: 147	env-time: 7908.794s	pth-time: 2902.310s	frames: 606208
2021-01-07 22:06:08,453 Average window size: 10  reward: 12.611
2021-01-07 22:07:23,387 update: 148	fps: 55.959	
2021-01-07 22:07:23,388 update: 148	env-time: 7961.919s	pth-time: 2924.007s	frames: 610304
2021-01-07 22:07:23,388 Average window size: 10  reward: 12.638
2021-01-07 22:08:37,940 update: 149	fps: 55.952	
2021-01-07 22:08:37,941 update: 149	env-time: 8015.409s	pth-time: 2944.917s	frames: 614400
2021-01-07 22:08:37,941 Average window size: 10  reward: 12.664
2021-01-07 22:09:51,032 update: 150	fps: 55.953	
2021-01-07 22:09:51,033 update: 150	env-time: 8068.742s	pth-time: 2964.566s	frames: 618496
2021-01-07 22:09:51,033 Average window size: 10  reward: 12.701
2021-01-07 22:11:07,003 update: 151	fps: 55.939	
2021-01-07 22:11:07,004 update: 151	env-time: 8123.354s	pth-time: 2985.666s	frames: 622592
2021-01-07 22:11:07,004 Average window size: 10  reward: 12.600
2021-01-07 22:12:16,718 update: 152	fps: 55.956	
2021-01-07 22:12:16,719 update: 152	env-time: 8172.556s	pth-time: 3006.054s	frames: 626688
2021-01-07 22:12:16,719 Average window size: 10  reward: 12.622
2021-01-07 22:13:36,193 update: 153	fps: 55.925	
2021-01-07 22:13:36,194 update: 153	env-time: 8232.096s	pth-time: 3025.867s	frames: 630784
2021-01-07 22:13:36,194 Average window size: 10  reward: 12.731
2021-01-07 22:14:46,984 update: 154	fps: 55.937	
2021-01-07 22:14:46,985 update: 154	env-time: 8281.552s	pth-time: 3047.073s	frames: 634880
2021-01-07 22:14:46,985 Average window size: 10  reward: 12.612
2021-01-07 22:16:06,374 update: 155	fps: 55.907	
2021-01-07 22:16:06,375 update: 155	env-time: 8336.726s	pth-time: 3071.168s	frames: 638976
2021-01-07 22:16:06,376 Average window size: 10  reward: 12.583
2021-01-07 22:17:13,673 update: 156	fps: 55.936	
2021-01-07 22:17:13,674 update: 156	env-time: 8382.455s	pth-time: 3092.593s	frames: 643072
2021-01-07 22:17:13,674 Average window size: 10  reward: 12.618
2021-01-07 22:18:21,392 update: 157	fps: 55.963	
2021-01-07 22:18:21,392 update: 157	env-time: 8431.825s	pth-time: 3110.828s	frames: 647168
2021-01-07 22:18:21,392 Average window size: 10  reward: 12.578
2021-01-07 22:19:29,486 update: 158	fps: 55.987	
2021-01-07 22:19:29,487 update: 158	env-time: 8478.037s	pth-time: 3132.592s	frames: 651264
2021-01-07 22:19:29,487 Average window size: 10  reward: 12.647
2021-01-07 22:20:43,656 update: 159	fps: 55.982	
2021-01-07 22:20:43,657 update: 159	env-time: 8530.711s	pth-time: 3153.966s	frames: 655360
2021-01-07 22:20:43,657 Average window size: 10  reward: 12.747
2021-01-07 22:21:55,820 update: 160	fps: 55.987	
2021-01-07 22:21:55,821 update: 160	env-time: 8581.955s	pth-time: 3174.771s	frames: 659456
2021-01-07 22:21:55,821 Average window size: 10  reward: 12.932
2021-01-07 22:23:11,365 update: 161	fps: 55.976	
2021-01-07 22:23:11,365 update: 161	env-time: 8634.612s	pth-time: 3197.401s	frames: 663552
2021-01-07 22:23:11,366 Average window size: 10  reward: 12.883
2021-01-07 22:24:24,728 update: 162	fps: 55.975	
2021-01-07 22:24:24,729 update: 162	env-time: 8685.354s	pth-time: 3219.900s	frames: 667648
2021-01-07 22:24:24,729 Average window size: 10  reward: 12.855
2021-01-07 22:25:35,519 update: 163	fps: 55.986	
2021-01-07 22:25:35,519 update: 163	env-time: 8736.727s	pth-time: 3239.199s	frames: 671744
2021-01-07 22:25:35,520 Average window size: 10  reward: 13.103
2021-01-07 22:26:48,771 update: 164	fps: 55.986	
2021-01-07 22:26:48,772 update: 164	env-time: 8789.358s	pth-time: 3259.703s	frames: 675840
2021-01-07 22:26:48,772 Average window size: 10  reward: 13.097
2021-01-07 22:28:00,390 update: 165	fps: 55.993	
2021-01-07 22:28:00,391 update: 165	env-time: 8838.585s	pth-time: 3281.960s	frames: 679936
2021-01-07 22:28:00,391 Average window size: 10  reward: 13.152
2021-01-07 22:29:10,158 update: 166	fps: 56.008	
2021-01-07 22:29:10,159 update: 166	env-time: 8890.211s	pth-time: 3299.963s	frames: 684032
2021-01-07 22:29:10,159 Average window size: 10  reward: 13.190
2021-01-07 22:30:22,722 update: 167	fps: 56.011	
2021-01-07 22:30:22,723 update: 167	env-time: 8941.810s	pth-time: 3320.799s	frames: 688128
2021-01-07 22:30:22,723 Average window size: 10  reward: 13.140
2021-01-07 22:31:36,486 update: 168	fps: 56.008	
2021-01-07 22:31:36,487 update: 168	env-time: 8994.392s	pth-time: 3341.841s	frames: 692224
2021-01-07 22:31:36,487 Average window size: 10  reward: 12.994
2021-01-07 22:32:50,738 update: 169	fps: 56.003	
2021-01-07 22:32:50,739 update: 169	env-time: 9046.685s	pth-time: 3363.680s	frames: 696320
2021-01-07 22:32:50,739 Average window size: 10  reward: 12.934
2021-01-07 22:34:05,684 update: 170	fps: 55.995	
2021-01-07 22:34:05,685 update: 170	env-time: 9098.585s	pth-time: 3386.602s	frames: 700416
2021-01-07 22:34:05,685 Average window size: 10  reward: 12.894
2021-01-07 22:35:18,516 update: 171	fps: 55.996	
2021-01-07 22:35:18,517 update: 171	env-time: 9150.895s	pth-time: 3406.863s	frames: 704512
2021-01-07 22:35:18,517 Average window size: 10  reward: 12.754
2021-01-07 22:36:31,958 update: 172	fps: 55.995	
2021-01-07 22:36:31,959 update: 172	env-time: 9204.836s	pth-time: 3426.241s	frames: 708608
2021-01-07 22:36:31,959 Average window size: 10  reward: 12.572
2021-01-07 22:37:50,496 update: 173	fps: 55.971	
2021-01-07 22:37:50,497 update: 173	env-time: 9262.212s	pth-time: 3447.290s	frames: 712704
2021-01-07 22:37:50,497 Average window size: 10  reward: 12.635
2021-01-07 22:39:04,596 update: 174	fps: 55.967	
2021-01-07 22:39:04,597 update: 174	env-time: 9315.668s	pth-time: 3467.796s	frames: 716800
2021-01-07 22:39:04,597 Average window size: 10  reward: 12.577
2021-01-07 22:40:11,085 update: 175	fps: 55.996	
2021-01-07 22:40:11,086 update: 175	env-time: 9364.909s	pth-time: 3484.926s	frames: 720896
2021-01-07 22:40:11,086 Average window size: 10  reward: 12.553
2021-01-07 22:41:27,460 update: 176	fps: 55.983	
2021-01-07 22:41:27,461 update: 176	env-time: 9419.126s	pth-time: 3506.954s	frames: 724992
2021-01-07 22:41:27,461 Average window size: 10  reward: 12.631
2021-01-07 22:42:44,517 update: 177	fps: 55.966	
2021-01-07 22:42:44,518 update: 177	env-time: 9474.601s	pth-time: 3528.410s	frames: 729088
2021-01-07 22:42:44,519 Average window size: 10  reward: 12.800
2021-01-07 22:43:57,251 update: 178	fps: 55.968	
2021-01-07 22:43:57,252 update: 178	env-time: 9525.220s	pth-time: 3550.400s	frames: 733184
2021-01-07 22:43:57,252 Average window size: 10  reward: 12.785
2021-01-07 22:45:10,644 update: 179	fps: 55.967	
2021-01-07 22:45:10,645 update: 179	env-time: 9580.213s	pth-time: 3568.676s	frames: 737280
2021-01-07 22:45:10,645 Average window size: 10  reward: 12.841
2021-01-07 22:46:23,663 update: 180	fps: 55.968	
2021-01-07 22:46:23,664 update: 180	env-time: 9629.986s	pth-time: 3591.786s	frames: 741376
2021-01-07 22:46:23,665 Average window size: 10  reward: 12.844
2021-01-07 22:47:36,902 update: 181	fps: 55.967	
2021-01-07 22:47:36,903 update: 181	env-time: 9683.851s	pth-time: 3610.942s	frames: 745472
2021-01-07 22:47:36,903 Average window size: 10  reward: 12.893
2021-01-07 22:48:48,628 update: 182	fps: 55.973	
2021-01-07 22:48:48,629 update: 182	env-time: 9736.981s	pth-time: 3629.404s	frames: 749568
2021-01-07 22:48:48,629 Average window size: 10  reward: 12.808
2021-01-07 22:49:58,400 update: 183	fps: 55.988	
2021-01-07 22:49:58,402 update: 183	env-time: 9788.671s	pth-time: 3647.355s	frames: 753664
2021-01-07 22:49:58,402 Average window size: 10  reward: 12.782
2021-01-07 22:51:13,699 update: 184	fps: 55.979	
2021-01-07 22:51:13,700 update: 184	env-time: 9841.234s	pth-time: 3669.965s	frames: 757760
2021-01-07 22:51:13,700 Average window size: 10  reward: 12.870
2021-01-07 22:52:29,621 update: 185	fps: 55.967	
2021-01-07 22:52:29,622 update: 185	env-time: 9894.831s	pth-time: 3692.170s	frames: 761856
2021-01-07 22:52:29,622 Average window size: 10  reward: 12.797
2021-01-07 22:53:40,433 update: 186	fps: 55.977	
2021-01-07 22:53:40,434 update: 186	env-time: 9945.327s	pth-time: 3712.343s	frames: 765952
2021-01-07 22:53:40,434 Average window size: 10  reward: 12.600
2021-01-07 22:54:53,717 update: 187	fps: 55.977	
2021-01-07 22:54:53,718 update: 187	env-time: 9998.638s	pth-time: 3732.184s	frames: 770048
2021-01-07 22:54:53,718 Average window size: 10  reward: 12.687
2021-01-07 22:56:10,847 update: 188	fps: 55.961	
2021-01-07 22:56:10,847 update: 188	env-time: 10054.779s	pth-time: 3753.015s	frames: 774144
2021-01-07 22:56:10,847 Average window size: 10  reward: 12.668
2021-01-07 22:57:25,479 update: 189	fps: 55.955	
2021-01-07 22:57:25,480 update: 189	env-time: 10106.911s	pth-time: 3775.373s	frames: 778240
2021-01-07 22:57:25,480 Average window size: 10  reward: 12.771
2021-01-07 22:58:41,852 update: 190	fps: 55.942	
2021-01-07 22:58:41,853 update: 190	env-time: 10164.263s	pth-time: 3794.259s	frames: 782336
2021-01-07 22:58:41,853 Average window size: 10  reward: 12.734
2021-01-07 22:59:56,373 update: 191	fps: 55.937	
2021-01-07 22:59:56,374 update: 191	env-time: 10216.527s	pth-time: 3816.288s	frames: 786432
2021-01-07 22:59:56,374 Average window size: 10  reward: 12.725
2021-01-07 23:01:05,937 update: 192	fps: 55.952	
2021-01-07 23:01:05,938 update: 192	env-time: 10266.789s	pth-time: 3835.456s	frames: 790528
2021-01-07 23:01:05,938 Average window size: 10  reward: 12.672
2021-01-07 23:02:14,852 update: 193	fps: 55.968	
2021-01-07 23:02:14,853 update: 193	env-time: 10315.679s	pth-time: 3855.357s	frames: 794624
2021-01-07 23:02:14,853 Average window size: 10  reward: 12.560
2021-01-07 23:03:24,151 update: 194	fps: 55.984	
2021-01-07 23:03:24,152 update: 194	env-time: 10364.465s	pth-time: 3875.739s	frames: 798720
2021-01-07 23:03:24,152 Average window size: 10  reward: 12.520
2021-01-07 23:04:42,935 update: 195	fps: 55.962	
2021-01-07 23:04:42,936 update: 195	env-time: 10423.525s	pth-time: 3895.328s	frames: 802816
2021-01-07 23:04:42,936 Average window size: 10  reward: 12.496
2021-01-07 23:05:54,640 update: 196	fps: 55.968	
2021-01-07 23:05:54,641 update: 196	env-time: 10476.987s	pth-time: 3913.450s	frames: 806912
2021-01-07 23:05:54,641 Average window size: 10  reward: 12.476
2021-01-07 23:07:08,299 update: 197	fps: 55.966	
2021-01-07 23:07:08,300 update: 197	env-time: 10528.587s	pth-time: 3935.388s	frames: 811008
2021-01-07 23:07:08,300 Average window size: 10  reward: 12.435
2021-01-07 23:08:16,039 update: 198	fps: 55.987	
2021-01-07 23:08:16,039 update: 198	env-time: 10573.425s	pth-time: 3958.157s	frames: 815104
2021-01-07 23:08:16,040 Average window size: 10  reward: 12.331
2021-01-07 23:09:32,912 update: 199	fps: 55.972	
2021-01-07 23:09:32,913 update: 199	env-time: 10629.446s	pth-time: 3978.875s	frames: 819200
2021-01-07 23:09:32,913 Average window size: 10  reward: 12.272
2021-01-07 23:10:44,091 update: 200	fps: 55.980	
2021-01-07 23:10:44,092 update: 200	env-time: 10680.871s	pth-time: 3998.502s	frames: 823296
2021-01-07 23:10:44,092 Average window size: 10  reward: 12.245
2021-01-07 23:11:56,431 update: 201	fps: 55.983	
2021-01-07 23:11:56,432 update: 201	env-time: 10733.938s	pth-time: 4017.531s	frames: 827392
2021-01-07 23:11:56,432 Average window size: 10  reward: 12.242
2021-01-07 23:13:07,334 update: 202	fps: 55.992	
2021-01-07 23:13:07,334 update: 202	env-time: 10780.974s	pth-time: 4041.285s	frames: 831488
2021-01-07 23:13:07,335 Average window size: 10  reward: 12.311
2021-01-07 23:14:19,464 update: 203	fps: 55.996	
2021-01-07 23:14:19,465 update: 203	env-time: 10831.341s	pth-time: 4062.927s	frames: 835584
2021-01-07 23:14:19,465 Average window size: 10  reward: 12.300
2021-01-07 23:15:31,829 update: 204	fps: 55.998	
2021-01-07 23:15:31,830 update: 204	env-time: 10880.690s	pth-time: 4085.822s	frames: 839680
2021-01-07 23:15:31,830 Average window size: 10  reward: 12.346
2021-01-07 23:16:40,897 update: 205	fps: 56.014	
2021-01-07 23:16:40,898 update: 205	env-time: 10930.346s	pth-time: 4105.120s	frames: 843776
2021-01-07 23:16:40,898 Average window size: 10  reward: 12.325
2021-01-07 23:17:48,529 update: 206	fps: 56.034	
2021-01-07 23:17:48,530 update: 206	env-time: 10979.998s	pth-time: 4122.970s	frames: 847872
2021-01-07 23:17:48,530 Average window size: 10  reward: 12.390
2021-01-07 23:19:00,839 update: 207	fps: 56.037	
2021-01-07 23:19:00,840 update: 207	env-time: 11034.555s	pth-time: 4140.594s	frames: 851968
2021-01-07 23:19:00,840 Average window size: 10  reward: 12.464
2021-01-07 23:20:09,536 update: 208	fps: 56.053	
2021-01-07 23:20:09,537 update: 208	env-time: 11084.784s	pth-time: 4158.935s	frames: 856064
2021-01-07 23:20:09,537 Average window size: 10  reward: 12.676
2021-01-07 23:21:15,165 update: 209	fps: 56.080	
2021-01-07 23:21:15,166 update: 209	env-time: 11131.596s	pth-time: 4177.629s	frames: 860160
2021-01-07 23:21:15,166 Average window size: 10  reward: 12.750
2021-01-07 23:22:27,771 update: 210	fps: 56.082	
2021-01-07 23:22:27,772 update: 210	env-time: 11182.861s	pth-time: 4198.843s	frames: 864256
2021-01-07 23:22:27,772 Average window size: 10  reward: 12.738
2021-01-07 23:23:40,752 update: 211	fps: 56.082	
2021-01-07 23:23:40,753 update: 211	env-time: 11234.549s	pth-time: 4219.886s	frames: 868352
2021-01-07 23:23:40,753 Average window size: 10  reward: 12.703
2021-01-07 23:24:50,530 update: 212	fps: 56.094	
2021-01-07 23:24:50,530 update: 212	env-time: 11284.961s	pth-time: 4239.130s	frames: 872448
2021-01-07 23:24:50,530 Average window size: 10  reward: 12.791
2021-01-07 23:25:59,781 update: 213	fps: 56.107	
2021-01-07 23:25:59,782 update: 213	env-time: 11334.226s	pth-time: 4258.964s	frames: 876544
2021-01-07 23:25:59,782 Average window size: 10  reward: 12.847
2021-01-07 23:27:05,159 update: 214	fps: 56.135	
2021-01-07 23:27:05,159 update: 214	env-time: 11378.879s	pth-time: 4279.555s	frames: 880640
2021-01-07 23:27:05,159 Average window size: 10  reward: 12.870
2021-01-07 23:28:11,787 update: 215	fps: 56.157	
2021-01-07 23:28:11,787 update: 215	env-time: 11425.726s	pth-time: 4299.212s	frames: 884736
2021-01-07 23:28:11,787 Average window size: 10  reward: 12.813
2021-01-07 23:29:16,504 update: 216	fps: 56.186	
2021-01-07 23:29:16,505 update: 216	env-time: 11473.441s	pth-time: 4316.084s	frames: 888832
2021-01-07 23:29:16,505 Average window size: 10  reward: 12.754
2021-01-07 23:30:19,584 update: 217	fps: 56.221	
2021-01-07 23:30:19,585 update: 217	env-time: 11519.160s	pth-time: 4333.326s	frames: 892928
2021-01-07 23:30:19,585 Average window size: 10  reward: 12.617
2021-01-07 23:31:28,039 update: 218	fps: 56.237	
2021-01-07 23:31:28,040 update: 218	env-time: 11565.801s	pth-time: 4355.022s	frames: 897024
2021-01-07 23:31:28,040 Average window size: 10  reward: 12.480
2021-01-07 23:32:28,661 update: 219	fps: 56.279	
2021-01-07 23:32:28,662 update: 219	env-time: 11606.050s	pth-time: 4375.267s	frames: 901120
2021-01-07 23:32:28,662 Average window size: 10  reward: 12.548
2021-01-07 23:33:33,813 update: 220	fps: 56.306	
2021-01-07 23:33:33,814 update: 220	env-time: 11652.421s	pth-time: 4393.932s	frames: 905216
2021-01-07 23:33:33,814 Average window size: 10  reward: 12.563
2021-01-07 23:34:38,187 update: 221	fps: 56.335	
2021-01-07 23:34:38,187 update: 221	env-time: 11699.718s	pth-time: 4410.784s	frames: 909312
2021-01-07 23:34:38,187 Average window size: 10  reward: 12.394
2021-01-07 23:35:43,020 update: 222	fps: 56.363	
2021-01-07 23:35:43,021 update: 222	env-time: 11747.198s	pth-time: 4428.000s	frames: 913408
2021-01-07 23:35:43,021 Average window size: 10  reward: 12.319
2021-01-07 23:36:56,532 update: 223	fps: 56.360	
2021-01-07 23:36:56,532 update: 223	env-time: 11797.904s	pth-time: 4450.677s	frames: 917504
2021-01-07 23:36:56,533 Average window size: 10  reward: 12.210
2021-01-07 23:38:06,680 update: 224	fps: 56.369	
2021-01-07 23:38:06,681 update: 224	env-time: 11850.068s	pth-time: 4468.532s	frames: 921600
2021-01-07 23:38:06,681 Average window size: 10  reward: 12.192
2021-01-07 23:39:16,749 update: 225	fps: 56.377	
2021-01-07 23:39:16,750 update: 225	env-time: 11901.127s	pth-time: 4487.423s	frames: 925696
2021-01-07 23:39:16,750 Average window size: 10  reward: 12.257
2021-01-07 23:40:28,516 update: 226	fps: 56.380	
2021-01-07 23:40:28,517 update: 226	env-time: 11953.454s	pth-time: 4506.716s	frames: 929792
2021-01-07 23:40:28,517 Average window size: 10  reward: 12.346
2021-01-07 23:41:40,503 update: 227	fps: 56.383	
2021-01-07 23:41:40,504 update: 227	env-time: 12005.228s	pth-time: 4526.789s	frames: 933888
2021-01-07 23:41:40,504 Average window size: 10  reward: 12.402
2021-01-07 23:42:54,967 update: 228	fps: 56.377	
2021-01-07 23:42:54,968 update: 228	env-time: 12061.048s	pth-time: 4545.307s	frames: 937984
2021-01-07 23:42:54,968 Average window size: 10  reward: 12.403
2021-01-07 23:44:01,063 update: 229	fps: 56.399	
2021-01-07 23:44:01,064 update: 229	env-time: 12107.005s	pth-time: 4565.332s	frames: 942080
2021-01-07 23:44:01,064 Average window size: 10  reward: 12.299
2021-01-07 23:45:08,328 update: 230	fps: 56.417	
2021-01-07 23:45:08,329 update: 230	env-time: 12152.307s	pth-time: 4587.166s	frames: 946176
2021-01-07 23:45:08,329 Average window size: 10  reward: 12.262
2021-01-07 23:46:19,027 update: 231	fps: 56.423	
2021-01-07 23:46:19,028 update: 231	env-time: 12201.736s	pth-time: 4608.205s	frames: 950272
2021-01-07 23:46:19,028 Average window size: 10  reward: 12.309
2021-01-07 23:47:32,877 update: 232	fps: 56.419	
2021-01-07 23:47:32,877 update: 232	env-time: 12253.949s	pth-time: 4629.728s	frames: 954368
2021-01-07 23:47:32,877 Average window size: 10  reward: 12.425
2021-01-07 23:48:43,022 update: 233	fps: 56.427	
2021-01-07 23:48:43,024 update: 233	env-time: 12303.284s	pth-time: 4650.407s	frames: 958464
2021-01-07 23:48:43,024 Average window size: 10  reward: 12.425
2021-01-07 23:49:55,385 update: 234	fps: 56.428	
2021-01-07 23:49:55,385 update: 234	env-time: 12351.771s	pth-time: 4674.152s	frames: 962560
2021-01-07 23:49:55,385 Average window size: 10  reward: 12.361
2021-01-07 23:51:12,354 update: 235	fps: 56.413	
2021-01-07 23:51:12,354 update: 235	env-time: 12408.052s	pth-time: 4694.690s	frames: 966656
2021-01-07 23:51:12,354 Average window size: 10  reward: 12.215
2021-01-07 23:52:23,157 update: 236	fps: 56.419	
2021-01-07 23:52:23,157 update: 236	env-time: 12457.803s	pth-time: 4715.627s	frames: 970752
2021-01-07 23:52:23,157 Average window size: 10  reward: 12.209
2021-01-07 23:53:31,954 update: 237	fps: 56.432	
2021-01-07 23:53:31,954 update: 237	env-time: 12506.418s	pth-time: 4735.688s	frames: 974848
2021-01-07 23:53:31,955 Average window size: 10  reward: 12.213
2021-01-07 23:54:49,569 update: 238	fps: 56.415	
2021-01-07 23:54:49,569 update: 238	env-time: 12565.930s	pth-time: 4753.665s	frames: 978944
2021-01-07 23:54:49,569 Average window size: 10  reward: 12.242
2021-01-07 23:56:03,410 update: 239	fps: 56.411	
2021-01-07 23:56:03,411 update: 239	env-time: 12620.967s	pth-time: 4772.341s	frames: 983040
2021-01-07 23:56:03,411 Average window size: 10  reward: 12.384
2021-01-07 23:57:17,843 update: 240	fps: 56.405	
2021-01-07 23:57:17,844 update: 240	env-time: 12675.482s	pth-time: 4792.132s	frames: 987136
2021-01-07 23:57:17,844 Average window size: 10  reward: 12.345
2021-01-07 23:58:26,008 update: 241	fps: 56.420	
2021-01-07 23:58:26,009 update: 241	env-time: 12721.476s	pth-time: 4814.060s	frames: 991232
2021-01-07 23:58:26,009 Average window size: 10  reward: 12.355
2021-01-07 23:59:36,329 update: 242	fps: 56.427	
2021-01-07 23:59:36,330 update: 242	env-time: 12773.099s	pth-time: 4832.638s	frames: 995328
2021-01-07 23:59:36,330 Average window size: 10  reward: 12.385
2021-01-08 00:00:45,260 update: 243	fps: 56.439	
2021-01-08 00:00:45,261 update: 243	env-time: 12822.296s	pth-time: 4852.248s	frames: 999424
2021-01-08 00:00:45,261 Average window size: 10  reward: 12.533
2021-01-12 13:18:37,405 interaction_exploration/cv/nav-novelty-xz//run0/ckpt.24.pth
2021-01-12 13:18:37,406 num_steps: 1024
2021-01-12 13:44:28,256 Average episode reward: 2.7875
2021-01-25 14:55:26,159 interaction_exploration/cv/nav-novelty-xz//run0/ckpt.24.pth
2021-01-25 14:55:26,160 num_steps: 1024
2021-01-25 15:18:27,442 Average episode reward: 13.2000
