2020-12-29 03:49:06,623 agent number of parameters: 2230413
2020-12-29 03:52:16,869 update: 1	fps: 45.037	
2020-12-29 03:52:16,870 update: 1	env-time: 147.965s	pth-time: 33.499s	frames: 8192
2020-12-29 03:52:16,870 Average window size: 2  reward: 4.875
2020-12-29 03:53:43,072 update: 2	fps: 45.834	
2020-12-29 03:53:43,073 update: 2	env-time: 215.076s	pth-time: 52.471s	frames: 12288
2020-12-29 03:53:43,073 Average window size: 3  reward: 4.719
2020-12-29 03:55:07,577 update: 3	fps: 46.466	
2020-12-29 03:55:07,578 update: 3	env-time: 283.505s	pth-time: 68.384s	frames: 16384
2020-12-29 03:55:07,578 Average window size: 4  reward: 4.771
2020-12-29 03:56:31,760 update: 4	fps: 46.888	
2020-12-29 03:56:31,761 update: 4	env-time: 350.506s	pth-time: 85.450s	frames: 20480
2020-12-29 03:56:31,761 Average window size: 5  reward: 4.531
2020-12-29 03:58:03,306 update: 5	fps: 46.516	
2020-12-29 03:58:03,306 update: 5	env-time: 425.733s	pth-time: 101.652s	frames: 24576
2020-12-29 03:58:03,306 Average window size: 6  reward: 4.412
2020-12-29 03:59:27,954 update: 6	fps: 46.775	
2020-12-29 03:59:27,954 update: 6	env-time: 496.983s	pth-time: 114.940s	frames: 28672
2020-12-29 03:59:27,954 Average window size: 7  reward: 4.792
2020-12-29 04:00:53,899 update: 7	fps: 46.884	
2020-12-29 04:00:53,900 update: 7	env-time: 567.219s	pth-time: 130.535s	frames: 32768
2020-12-29 04:00:53,900 Average window size: 8  reward: 4.830
2020-12-29 04:02:22,930 update: 8	fps: 46.784	
2020-12-29 04:02:22,930 update: 8	env-time: 636.930s	pth-time: 149.730s	frames: 36864
2020-12-29 04:02:22,931 Average window size: 9  reward: 4.797
2020-12-29 04:03:49,192 update: 9	fps: 46.853	
2020-12-29 04:03:49,193 update: 9	env-time: 707.933s	pth-time: 164.868s	frames: 40960
2020-12-29 04:03:49,193 Average window size: 10  reward: 4.799
2020-12-29 04:05:25,177 update: 10	fps: 46.440	
2020-12-29 04:05:25,178 update: 10	env-time: 789.619s	pth-time: 179.053s	frames: 45056
2020-12-29 04:05:25,178 Average window size: 10  reward: 4.736
2020-12-29 04:06:52,331 update: 11	fps: 46.486	
2020-12-29 04:06:52,332 update: 11	env-time: 863.201s	pth-time: 192.409s	frames: 49152
2020-12-29 04:06:52,332 Average window size: 10  reward: 5.049
2020-12-29 04:08:21,169 update: 12	fps: 46.456	
2020-12-29 04:08:21,169 update: 12	env-time: 933.486s	pth-time: 210.842s	frames: 53248
2020-12-29 04:08:21,169 Average window size: 10  reward: 5.069
2020-12-29 04:09:54,974 update: 13	fps: 46.245	
2020-12-29 04:09:54,974 update: 13	env-time: 1010.206s	pth-time: 227.819s	frames: 57344
2020-12-29 04:09:54,975 Average window size: 10  reward: 5.257
2020-12-29 04:11:27,369 update: 14	fps: 46.113	
2020-12-29 04:11:27,370 update: 14	env-time: 1084.090s	pth-time: 246.219s	frames: 61440
2020-12-29 04:11:27,370 Average window size: 10  reward: 5.556
2020-12-29 04:12:52,021 update: 15	fps: 46.248	
2020-12-29 04:12:52,022 update: 15	env-time: 1150.339s	pth-time: 264.505s	frames: 65536
2020-12-29 04:12:52,022 Average window size: 10  reward: 5.535
2020-12-29 04:14:36,159 update: 16	fps: 45.775	
2020-12-29 04:14:36,160 update: 16	env-time: 1238.872s	pth-time: 279.991s	frames: 69632
2020-12-29 04:14:36,160 Average window size: 10  reward: 5.729
2020-12-29 04:15:59,041 update: 17	fps: 45.963	
2020-12-29 04:15:59,042 update: 17	env-time: 1305.252s	pth-time: 296.376s	frames: 73728
2020-12-29 04:15:59,042 Average window size: 10  reward: 5.944
2020-12-29 04:17:40,760 update: 18	fps: 45.624	
2020-12-29 04:17:40,761 update: 18	env-time: 1389.443s	pth-time: 313.785s	frames: 77824
2020-12-29 04:17:40,761 Average window size: 10  reward: 6.368
2020-12-29 04:19:08,885 update: 19	fps: 45.666	
2020-12-29 04:19:08,886 update: 19	env-time: 1459.088s	pth-time: 332.155s	frames: 81920
2020-12-29 04:19:08,886 Average window size: 10  reward: 6.729
2020-12-29 04:20:35,070 update: 20	fps: 45.751	
2020-12-29 04:20:35,072 update: 20	env-time: 1526.184s	pth-time: 351.131s	frames: 86016
2020-12-29 04:20:35,072 Average window size: 10  reward: 6.840
2020-12-29 04:22:02,262 update: 21	fps: 45.805	
2020-12-29 04:22:02,263 update: 21	env-time: 1596.197s	pth-time: 367.975s	frames: 90112
2020-12-29 04:22:02,263 Average window size: 10  reward: 7.139
2020-12-29 04:23:23,229 update: 22	fps: 45.994	
2020-12-29 04:23:23,229 update: 22	env-time: 1659.188s	pth-time: 385.833s	frames: 94208
2020-12-29 04:23:23,229 Average window size: 10  reward: 7.215
2020-12-29 04:24:53,123 update: 23	fps: 45.976	
2020-12-29 04:24:53,124 update: 23	env-time: 1728.906s	pth-time: 405.877s	frames: 98304
2020-12-29 04:24:53,124 Average window size: 10  reward: 7.500
2020-12-29 04:26:20,740 update: 24	fps: 46.007	
2020-12-29 04:26:20,741 update: 24	env-time: 1795.116s	pth-time: 427.169s	frames: 102400
2020-12-29 04:26:20,741 Average window size: 10  reward: 7.424
2020-12-29 04:27:43,108 update: 25	fps: 46.139	
2020-12-29 04:27:43,109 update: 25	env-time: 1860.583s	pth-time: 443.953s	frames: 106496
2020-12-29 04:27:43,109 Average window size: 10  reward: 7.653
2020-12-29 04:29:09,591 update: 26	fps: 46.184	
2020-12-29 04:29:09,592 update: 26	env-time: 1928.336s	pth-time: 462.570s	frames: 110592
2020-12-29 04:29:09,592 Average window size: 10  reward: 8.007
2020-12-29 04:30:39,868 update: 27	fps: 46.154	
2020-12-29 04:30:39,869 update: 27	env-time: 2000.972s	pth-time: 480.092s	frames: 114688
2020-12-29 04:30:39,869 Average window size: 10  reward: 8.042
2020-12-29 04:32:10,577 update: 28	fps: 46.119	
2020-12-29 04:32:10,578 update: 28	env-time: 2074.233s	pth-time: 497.420s	frames: 118784
2020-12-29 04:32:10,578 Average window size: 10  reward: 8.069
2020-12-29 04:33:41,372 update: 29	fps: 46.085	
2020-12-29 04:33:41,373 update: 29	env-time: 2145.858s	pth-time: 516.477s	frames: 122880
2020-12-29 04:33:41,373 Average window size: 10  reward: 8.125
2020-12-29 04:35:10,327 update: 30	fps: 46.083	
2020-12-29 04:35:10,328 update: 30	env-time: 2216.381s	pth-time: 534.797s	frames: 126976
2020-12-29 04:35:10,328 Average window size: 10  reward: 8.458
2020-12-29 04:36:40,677 update: 31	fps: 46.060	
2020-12-29 04:36:40,677 update: 31	env-time: 2286.297s	pth-time: 554.986s	frames: 131072
2020-12-29 04:36:40,677 Average window size: 10  reward: 8.826
2020-12-29 04:38:21,067 update: 32	fps: 45.880	
2020-12-29 04:38:21,067 update: 32	env-time: 2367.569s	pth-time: 573.992s	frames: 135168
2020-12-29 04:38:21,067 Average window size: 10  reward: 9.028
2020-12-29 04:39:51,025 update: 33	fps: 45.870	
2020-12-29 04:39:51,026 update: 33	env-time: 2437.587s	pth-time: 593.815s	frames: 139264
2020-12-29 04:39:51,026 Average window size: 10  reward: 9.854
2020-12-29 04:41:25,605 update: 34	fps: 45.793	
2020-12-29 04:41:25,606 update: 34	env-time: 2513.404s	pth-time: 612.465s	frames: 143360
2020-12-29 04:41:25,606 Average window size: 10  reward: 9.944
2020-12-29 04:42:58,904 update: 35	fps: 45.738	
2020-12-29 04:42:58,905 update: 35	env-time: 2588.580s	pth-time: 630.466s	frames: 147456
2020-12-29 04:42:58,905 Average window size: 10  reward: 10.062
2020-12-29 04:44:33,992 update: 36	fps: 45.662	
2020-12-29 04:44:33,993 update: 36	env-time: 2662.980s	pth-time: 651.039s	frames: 151552
2020-12-29 04:44:33,993 Average window size: 10  reward: 10.125
2020-12-29 04:46:03,988 update: 37	fps: 45.658	
2020-12-29 04:46:03,989 update: 37	env-time: 2731.716s	pth-time: 672.174s	frames: 155648
2020-12-29 04:46:03,989 Average window size: 10  reward: 10.312
2020-12-29 04:47:30,507 update: 38	fps: 45.699	
2020-12-29 04:47:30,508 update: 38	env-time: 2798.242s	pth-time: 692.042s	frames: 159744
2020-12-29 04:47:30,508 Average window size: 10  reward: 10.319
2020-12-29 04:48:59,543 update: 39	fps: 45.707	
2020-12-29 04:48:59,544 update: 39	env-time: 2867.601s	pth-time: 711.600s	frames: 163840
2020-12-29 04:48:59,544 Average window size: 10  reward: 10.660
2020-12-29 04:50:33,383 update: 40	fps: 45.655	
2020-12-29 04:50:33,384 update: 40	env-time: 2940.378s	pth-time: 732.548s	frames: 167936
2020-12-29 04:50:33,384 Average window size: 10  reward: 10.965
2020-12-29 04:52:11,207 update: 41	fps: 45.557	
2020-12-29 04:52:11,208 update: 41	env-time: 3013.926s	pth-time: 753.347s	frames: 172032
2020-12-29 04:52:11,208 Average window size: 10  reward: 11.299
2020-12-29 04:53:42,359 update: 42	fps: 45.542	
2020-12-29 04:53:42,359 update: 42	env-time: 3085.872s	pth-time: 772.435s	frames: 176128
2020-12-29 04:53:42,360 Average window size: 10  reward: 11.250
2020-12-29 04:55:20,015 update: 43	fps: 45.453	
2020-12-29 04:55:20,016 update: 43	env-time: 3165.178s	pth-time: 790.672s	frames: 180224
2020-12-29 04:55:20,016 Average window size: 10  reward: 11.958
2020-12-29 04:56:54,313 update: 44	fps: 45.406	
2020-12-29 04:56:54,314 update: 44	env-time: 3239.031s	pth-time: 810.999s	frames: 184320
2020-12-29 04:56:54,314 Average window size: 10  reward: 12.403
2020-12-29 04:58:28,414 update: 45	fps: 45.364	
2020-12-29 04:58:28,415 update: 45	env-time: 3314.442s	pth-time: 829.574s	frames: 188416
2020-12-29 04:58:28,415 Average window size: 10  reward: 12.604
2020-12-29 05:00:04,162 update: 46	fps: 45.306	
2020-12-29 05:00:04,163 update: 46	env-time: 3390.494s	pth-time: 849.147s	frames: 192512
2020-12-29 05:00:04,163 Average window size: 10  reward: 12.889
2020-12-29 05:01:41,683 update: 47	fps: 45.231	
2020-12-29 05:01:41,684 update: 47	env-time: 3468.693s	pth-time: 868.352s	frames: 196608
2020-12-29 05:01:41,684 Average window size: 10  reward: 13.222
2020-12-29 05:03:15,750 update: 48	fps: 45.196	
2020-12-29 05:03:15,751 update: 48	env-time: 3543.829s	pth-time: 887.160s	frames: 200704
2020-12-29 05:03:15,751 Average window size: 10  reward: 12.840
2020-12-29 05:04:51,578 update: 49	fps: 45.144	
2020-12-29 05:04:51,579 update: 49	env-time: 3619.203s	pth-time: 907.490s	frames: 204800
2020-12-29 05:04:51,579 Average window size: 10  reward: 13.375
2020-12-29 05:06:28,908 update: 50	fps: 45.080	
2020-12-29 05:06:28,909 update: 50	env-time: 3694.369s	pth-time: 929.535s	frames: 208896
2020-12-29 05:06:28,909 Average window size: 10  reward: 13.576
2020-12-29 05:08:06,248 update: 51	fps: 45.018	
2020-12-29 05:08:06,249 update: 51	env-time: 3772.736s	pth-time: 948.286s	frames: 212992
2020-12-29 05:08:06,249 Average window size: 10  reward: 13.694
2020-12-29 05:09:40,900 update: 52	fps: 44.984	
2020-12-29 05:09:40,901 update: 52	env-time: 3846.450s	pth-time: 969.099s	frames: 217088
2020-12-29 05:09:40,901 Average window size: 10  reward: 13.236
2020-12-29 05:11:16,371 update: 53	fps: 44.943	
2020-12-29 05:11:16,372 update: 53	env-time: 3922.331s	pth-time: 988.575s	frames: 221184
2020-12-29 05:11:16,373 Average window size: 10  reward: 13.604
2020-12-29 05:12:50,820 update: 54	fps: 44.914	
2020-12-29 05:12:50,820 update: 54	env-time: 3994.138s	pth-time: 1011.076s	frames: 225280
2020-12-29 05:12:50,821 Average window size: 10  reward: 13.771
2020-12-29 05:14:27,767 update: 55	fps: 44.863	
2020-12-29 05:14:27,768 update: 55	env-time: 4070.508s	pth-time: 1031.527s	frames: 229376
2020-12-29 05:14:27,768 Average window size: 10  reward: 13.938
2020-12-29 05:16:01,150 update: 56	fps: 44.845	
2020-12-29 05:16:01,151 update: 56	env-time: 4141.852s	pth-time: 1053.452s	frames: 233472
2020-12-29 05:16:01,151 Average window size: 10  reward: 14.451
2020-12-29 05:17:38,719 update: 57	fps: 44.793	
2020-12-29 05:17:38,720 update: 57	env-time: 4216.132s	pth-time: 1076.614s	frames: 237568
2020-12-29 05:17:38,720 Average window size: 10  reward: 14.729
2020-12-29 05:19:18,927 update: 58	fps: 44.720	
2020-12-29 05:19:18,928 update: 58	env-time: 4295.854s	pth-time: 1096.977s	frames: 241664
2020-12-29 05:19:18,928 Average window size: 10  reward: 14.556
2020-12-29 05:20:53,357 update: 59	fps: 44.697	
2020-12-29 05:20:53,358 update: 59	env-time: 4369.895s	pth-time: 1117.247s	frames: 245760
2020-12-29 05:20:53,358 Average window size: 10  reward: 14.618
2020-12-29 05:22:26,880 update: 60	fps: 44.682	
2020-12-29 05:22:26,881 update: 60	env-time: 4441.871s	pth-time: 1138.679s	frames: 249856
2020-12-29 05:22:26,881 Average window size: 10  reward: 14.812
2020-12-29 05:24:05,296 update: 61	fps: 44.629	
2020-12-29 05:24:05,310 update: 61	env-time: 4519.625s	pth-time: 1159.117s	frames: 253952
2020-12-29 05:24:05,310 Average window size: 10  reward: 15.542
2020-12-29 05:25:43,088 update: 62	fps: 44.582	
2020-12-29 05:25:43,089 update: 62	env-time: 4596.629s	pth-time: 1179.770s	frames: 258048
2020-12-29 05:25:43,089 Average window size: 10  reward: 15.153
2020-12-29 05:27:19,071 update: 63	fps: 44.551	
2020-12-29 05:27:19,072 update: 63	env-time: 4671.675s	pth-time: 1200.577s	frames: 262144
2020-12-29 05:27:19,072 Average window size: 10  reward: 15.090
2020-12-29 05:29:00,287 update: 64	fps: 44.482	
2020-12-29 05:29:00,290 update: 64	env-time: 4750.773s	pth-time: 1222.584s	frames: 266240
2020-12-29 05:29:00,290 Average window size: 10  reward: 15.764
2020-12-29 05:30:36,533 update: 65	fps: 44.452	
2020-12-29 05:30:36,534 update: 65	env-time: 4826.645s	pth-time: 1242.836s	frames: 270336
2020-12-29 05:30:36,534 Average window size: 10  reward: 15.312
2020-12-29 05:32:13,442 update: 66	fps: 44.417	
2020-12-29 05:32:13,443 update: 66	env-time: 4901.476s	pth-time: 1264.773s	frames: 274432
2020-12-29 05:32:13,443 Average window size: 10  reward: 16.014
2020-12-29 05:33:53,465 update: 67	fps: 44.362	
2020-12-29 05:33:53,466 update: 67	env-time: 4980.631s	pth-time: 1285.519s	frames: 278528
2020-12-29 05:33:53,466 Average window size: 10  reward: 16.326
2020-12-29 05:35:27,336 update: 68	fps: 44.352	
2020-12-29 05:35:27,337 update: 68	env-time: 5055.520s	pth-time: 1304.388s	frames: 282624
2020-12-29 05:35:27,337 Average window size: 10  reward: 16.715
2020-12-29 05:37:05,680 update: 69	fps: 44.310	
2020-12-29 05:37:05,681 update: 69	env-time: 5133.741s	pth-time: 1324.398s	frames: 286720
2020-12-29 05:37:05,681 Average window size: 10  reward: 16.799
2020-12-29 05:38:42,761 update: 70	fps: 44.279	
2020-12-29 05:38:42,762 update: 70	env-time: 5210.075s	pth-time: 1345.027s	frames: 290816
2020-12-29 05:38:42,762 Average window size: 10  reward: 16.688
2020-12-29 05:40:21,238 update: 71	fps: 44.239	
2020-12-29 05:40:21,239 update: 71	env-time: 5287.155s	pth-time: 1366.193s	frames: 294912
2020-12-29 05:40:21,239 Average window size: 10  reward: 16.986
2020-12-29 05:42:03,949 update: 72	fps: 44.173	
2020-12-29 05:42:03,950 update: 72	env-time: 5368.553s	pth-time: 1387.371s	frames: 299008
2020-12-29 05:42:03,950 Average window size: 10  reward: 17.410
2020-12-29 05:43:43,823 update: 73	fps: 44.127	
2020-12-29 05:43:43,824 update: 73	env-time: 5447.866s	pth-time: 1407.813s	frames: 303104
2020-12-29 05:43:43,824 Average window size: 10  reward: 17.188
2020-12-29 05:45:18,410 update: 74	fps: 44.116	
2020-12-29 05:45:18,411 update: 74	env-time: 5521.148s	pth-time: 1429.001s	frames: 307200
2020-12-29 05:45:18,411 Average window size: 10  reward: 18.007
2020-12-29 05:46:53,967 update: 75	fps: 44.099	
2020-12-29 05:46:53,968 update: 75	env-time: 5596.146s	pth-time: 1449.442s	frames: 311296
2020-12-29 05:46:53,968 Average window size: 10  reward: 18.069
2020-12-29 05:48:26,665 update: 76	fps: 44.100	
2020-12-29 05:48:26,667 update: 76	env-time: 5669.025s	pth-time: 1469.144s	frames: 315392
2020-12-29 05:48:26,667 Average window size: 10  reward: 17.875
2020-12-29 05:50:09,327 update: 77	fps: 44.041	
2020-12-29 05:50:09,328 update: 77	env-time: 5751.083s	pth-time: 1489.625s	frames: 319488
2020-12-29 05:50:09,329 Average window size: 10  reward: 17.743
2020-12-29 05:51:48,337 update: 78	fps: 44.005	
2020-12-29 05:51:48,338 update: 78	env-time: 5831.627s	pth-time: 1507.972s	frames: 323584
2020-12-29 05:51:48,338 Average window size: 10  reward: 18.111
2020-12-29 05:53:29,164 update: 79	fps: 43.959	
2020-12-29 05:53:29,165 update: 79	env-time: 5910.757s	pth-time: 1529.544s	frames: 327680
2020-12-29 05:53:29,165 Average window size: 10  reward: 18.062
2020-12-29 05:55:10,121 update: 80	fps: 43.914	
2020-12-29 05:55:10,121 update: 80	env-time: 5989.247s	pth-time: 1551.877s	frames: 331776
2020-12-29 05:55:10,122 Average window size: 10  reward: 17.868
2020-12-29 05:56:44,802 update: 81	fps: 43.906	
2020-12-29 05:56:44,803 update: 81	env-time: 6063.830s	pth-time: 1571.747s	frames: 335872
2020-12-29 05:56:44,803 Average window size: 10  reward: 18.326
2020-12-29 05:58:21,402 update: 82	fps: 43.887	
2020-12-29 05:58:21,403 update: 82	env-time: 6139.236s	pth-time: 1592.822s	frames: 339968
2020-12-29 05:58:21,403 Average window size: 10  reward: 18.194
2020-12-29 05:59:57,919 update: 83	fps: 43.869	
2020-12-29 05:59:57,920 update: 83	env-time: 6211.456s	pth-time: 1617.002s	frames: 344064
2020-12-29 05:59:57,920 Average window size: 10  reward: 18.104
2020-12-29 06:01:38,849 update: 84	fps: 43.827	
2020-12-29 06:01:38,854 update: 84	env-time: 6290.560s	pth-time: 1638.708s	frames: 348160
2020-12-29 06:01:38,854 Average window size: 10  reward: 18.111
2020-12-29 06:03:18,074 update: 85	fps: 43.796	
2020-12-29 06:03:18,074 update: 85	env-time: 6367.241s	pth-time: 1661.125s	frames: 352256
2020-12-29 06:03:18,075 Average window size: 10  reward: 18.444
2020-12-29 06:04:56,758 update: 86	fps: 43.768	
2020-12-29 06:04:56,759 update: 86	env-time: 6444.146s	pth-time: 1682.780s	frames: 356352
2020-12-29 06:04:56,759 Average window size: 10  reward: 18.396
2020-12-29 06:06:31,610 update: 87	fps: 43.762	
2020-12-29 06:06:31,610 update: 87	env-time: 6516.400s	pth-time: 1705.259s	frames: 360448
2020-12-29 06:06:31,611 Average window size: 10  reward: 18.535
2020-12-29 06:08:05,200 update: 88	fps: 43.762	
2020-12-29 06:08:05,201 update: 88	env-time: 6589.426s	pth-time: 1725.691s	frames: 364544
2020-12-29 06:08:05,201 Average window size: 10  reward: 18.792
2020-12-29 06:09:40,904 update: 89	fps: 43.751	
2020-12-29 06:09:40,905 update: 89	env-time: 6664.534s	pth-time: 1746.164s	frames: 368640
2020-12-29 06:09:40,905 Average window size: 10  reward: 18.750
2020-12-29 06:11:17,202 update: 90	fps: 43.737	
2020-12-29 06:11:17,203 update: 90	env-time: 6738.196s	pth-time: 1768.679s	frames: 372736
2020-12-29 06:11:17,203 Average window size: 10  reward: 18.375
2020-12-29 06:12:57,600 update: 91	fps: 43.703	
2020-12-29 06:12:57,601 update: 91	env-time: 6817.319s	pth-time: 1789.737s	frames: 376832
2020-12-29 06:12:57,601 Average window size: 10  reward: 18.264
2020-12-29 06:14:39,671 update: 92	fps: 43.661	
2020-12-29 06:14:39,672 update: 92	env-time: 6897.036s	pth-time: 1811.970s	frames: 380928
2020-12-29 06:14:39,672 Average window size: 10  reward: 18.035
2020-12-29 06:16:20,280 update: 93	fps: 43.627	
2020-12-29 06:16:20,281 update: 93	env-time: 6975.385s	pth-time: 1834.114s	frames: 385024
2020-12-29 06:16:20,281 Average window size: 10  reward: 18.174
2020-12-29 06:17:51,865 update: 94	fps: 43.639	
2020-12-29 06:17:51,865 update: 94	env-time: 7046.913s	pth-time: 1854.052s	frames: 389120
2020-12-29 06:17:51,866 Average window size: 10  reward: 17.799
2020-12-29 06:19:25,752 update: 95	fps: 43.638	
2020-12-29 06:19:25,752 update: 95	env-time: 7120.413s	pth-time: 1874.304s	frames: 393216
2020-12-29 06:19:25,753 Average window size: 10  reward: 17.882
2020-12-29 06:20:59,977 update: 96	fps: 43.637	
2020-12-29 06:20:59,978 update: 96	env-time: 7193.414s	pth-time: 1895.401s	frames: 397312
2020-12-29 06:20:59,978 Average window size: 10  reward: 17.889
2020-12-29 06:22:33,730 update: 97	fps: 43.637	
2020-12-29 06:22:33,731 update: 97	env-time: 7264.694s	pth-time: 1917.758s	frames: 401408
2020-12-29 06:22:33,731 Average window size: 10  reward: 17.674
2020-12-29 06:24:06,969 update: 98	fps: 43.640	
2020-12-29 06:24:06,970 update: 98	env-time: 7339.256s	pth-time: 1936.320s	frames: 405504
2020-12-29 06:24:06,970 Average window size: 10  reward: 18.299
2020-12-29 06:25:39,282 update: 99	fps: 43.647	
2020-12-29 06:25:39,283 update: 99	env-time: 7410.775s	pth-time: 1956.979s	frames: 409600
2020-12-29 06:25:39,283 Average window size: 10  reward: 18.382
2020-12-29 06:27:15,425 update: 100	fps: 43.637	
2020-12-29 06:27:15,426 update: 100	env-time: 7484.600s	pth-time: 1979.186s	frames: 413696
2020-12-29 06:27:15,426 Average window size: 10  reward: 18.458
2020-12-29 06:28:57,991 update: 101	fps: 43.597	
2020-12-29 06:28:57,992 update: 101	env-time: 7563.378s	pth-time: 2002.754s	frames: 417792
2020-12-29 06:28:57,992 Average window size: 10  reward: 17.972
2020-12-29 06:30:32,987 update: 102	fps: 43.592	
2020-12-29 06:30:32,994 update: 102	env-time: 7636.934s	pth-time: 2024.081s	frames: 421888
2020-12-29 06:30:32,994 Average window size: 10  reward: 17.556
2020-12-29 06:32:04,833 update: 103	fps: 43.602	
2020-12-29 06:32:04,834 update: 103	env-time: 7708.533s	pth-time: 2044.195s	frames: 425984
2020-12-29 06:32:04,834 Average window size: 10  reward: 17.646
2020-12-29 06:33:44,209 update: 104	fps: 43.578	
2020-12-29 06:33:44,210 update: 104	env-time: 7786.594s	pth-time: 2065.394s	frames: 430080
2020-12-29 06:33:44,210 Average window size: 10  reward: 18.056
2020-12-29 06:35:16,698 update: 105	fps: 43.584	
2020-12-29 06:35:16,699 update: 105	env-time: 7858.109s	pth-time: 2086.240s	frames: 434176
2020-12-29 06:35:16,699 Average window size: 10  reward: 17.972
2020-12-29 06:36:53,979 update: 106	fps: 43.570	
2020-12-29 06:36:53,982 update: 106	env-time: 7933.110s	pth-time: 2108.390s	frames: 438272
2020-12-29 06:36:53,982 Average window size: 10  reward: 17.674
2020-12-29 06:38:30,866 update: 107	fps: 43.558	
2020-12-29 06:38:30,867 update: 107	env-time: 8009.175s	pth-time: 2129.086s	frames: 442368
2020-12-29 06:38:30,867 Average window size: 10  reward: 17.326
2020-12-29 06:40:03,235 update: 108	fps: 43.565	
2020-12-29 06:40:03,236 update: 108	env-time: 8081.670s	pth-time: 2148.838s	frames: 446464
2020-12-29 06:40:03,236 Average window size: 10  reward: 17.646
2020-12-29 06:41:39,736 update: 109	fps: 43.554	
2020-12-29 06:41:39,736 update: 109	env-time: 8155.250s	pth-time: 2171.639s	frames: 450560
2020-12-29 06:41:39,737 Average window size: 10  reward: 17.854
2020-12-29 06:43:17,239 update: 110	fps: 43.540	
2020-12-29 06:43:17,239 update: 110	env-time: 8234.054s	pth-time: 2190.219s	frames: 454656
2020-12-29 06:43:17,239 Average window size: 10  reward: 18.569
2020-12-29 06:44:52,506 update: 111	fps: 43.535	
2020-12-29 06:44:52,507 update: 111	env-time: 8308.767s	pth-time: 2210.546s	frames: 458752
2020-12-29 06:44:52,508 Average window size: 10  reward: 19.028
2020-12-29 06:46:28,427 update: 112	fps: 43.528	
2020-12-29 06:46:28,428 update: 112	env-time: 8383.310s	pth-time: 2231.785s	frames: 462848
2020-12-29 06:46:28,428 Average window size: 10  reward: 19.583
2020-12-29 06:47:57,570 update: 113	fps: 43.548	
2020-12-29 06:47:57,571 update: 113	env-time: 8453.679s	pth-time: 2250.448s	frames: 466944
2020-12-29 06:47:57,571 Average window size: 10  reward: 19.285
2020-12-29 06:49:39,053 update: 114	fps: 43.518	
2020-12-29 06:49:39,054 update: 114	env-time: 8533.392s	pth-time: 2272.076s	frames: 471040
2020-12-29 06:49:39,054 Average window size: 10  reward: 19.257
2020-12-29 06:51:19,177 update: 115	fps: 43.494	
2020-12-29 06:51:19,178 update: 115	env-time: 8611.535s	pth-time: 2293.923s	frames: 475136
2020-12-29 06:51:19,178 Average window size: 10  reward: 19.632
2020-12-29 06:52:55,080 update: 116	fps: 43.487	
2020-12-29 06:52:55,081 update: 116	env-time: 8687.464s	pth-time: 2313.773s	frames: 479232
2020-12-29 06:52:55,081 Average window size: 10  reward: 19.653
2020-12-29 06:54:31,782 update: 117	fps: 43.477	
2020-12-29 06:54:31,783 update: 117	env-time: 8762.621s	pth-time: 2335.188s	frames: 483328
2020-12-29 06:54:31,783 Average window size: 10  reward: 19.521
2020-12-29 06:56:03,738 update: 118	fps: 43.486	
2020-12-29 06:56:03,739 update: 118	env-time: 8835.394s	pth-time: 2354.243s	frames: 487424
2020-12-29 06:56:03,739 Average window size: 10  reward: 19.417
2020-12-29 06:57:36,455 update: 119	fps: 43.492	
2020-12-29 06:57:36,456 update: 119	env-time: 8904.754s	pth-time: 2377.476s	frames: 491520
2020-12-29 06:57:36,456 Average window size: 10  reward: 19.535
2020-12-29 06:59:16,378 update: 120	fps: 43.470	
2020-12-29 06:59:16,378 update: 120	env-time: 8982.591s	pth-time: 2399.438s	frames: 495616
2020-12-29 06:59:16,378 Average window size: 10  reward: 19.257
2020-12-29 07:00:46,914 update: 121	fps: 43.484	
2020-12-29 07:00:46,916 update: 121	env-time: 9051.548s	pth-time: 2420.789s	frames: 499712
2020-12-29 07:00:46,917 Average window size: 10  reward: 19.333
2020-12-29 07:02:24,589 update: 122	fps: 43.471	
2020-12-29 07:02:24,590 update: 122	env-time: 9128.286s	pth-time: 2441.599s	frames: 503808
2020-12-29 07:02:24,590 Average window size: 10  reward: 19.611
2020-12-29 07:04:03,650 update: 123	fps: 43.453	
2020-12-29 07:04:03,651 update: 123	env-time: 9204.446s	pth-time: 2464.372s	frames: 507904
2020-12-29 07:04:03,651 Average window size: 10  reward: 19.424
2020-12-29 07:05:36,567 update: 124	fps: 43.458	
2020-12-29 07:05:36,568 update: 124	env-time: 9276.647s	pth-time: 2484.968s	frames: 512000
2020-12-29 07:05:36,568 Average window size: 10  reward: 19.778
2020-12-29 07:07:09,033 update: 125	fps: 43.464	
2020-12-29 07:07:09,034 update: 125	env-time: 9349.050s	pth-time: 2504.917s	frames: 516096
2020-12-29 07:07:09,034 Average window size: 10  reward: 20.306
2020-12-29 07:08:48,945 update: 126	fps: 43.444	
2020-12-29 07:08:48,946 update: 126	env-time: 9425.842s	pth-time: 2527.916s	frames: 520192
2020-12-29 07:08:48,946 Average window size: 10  reward: 20.201
2020-12-29 07:10:24,731 update: 127	fps: 43.438	
2020-12-29 07:10:24,732 update: 127	env-time: 9500.121s	pth-time: 2549.310s	frames: 524288
2020-12-29 07:10:24,732 Average window size: 10  reward: 21.083
2020-12-29 07:12:01,847 update: 128	fps: 43.428	
2020-12-29 07:12:01,848 update: 128	env-time: 9576.319s	pth-time: 2570.107s	frames: 528384
2020-12-29 07:12:01,848 Average window size: 10  reward: 21.042
2020-12-29 07:13:42,165 update: 129	fps: 43.407	
2020-12-29 07:13:42,166 update: 129	env-time: 9654.497s	pth-time: 2592.137s	frames: 532480
2020-12-29 07:13:42,167 Average window size: 10  reward: 21.174
2020-12-29 07:15:22,318 update: 130	fps: 43.387	
2020-12-29 07:15:22,319 update: 130	env-time: 9732.945s	pth-time: 2613.715s	frames: 536576
2020-12-29 07:15:22,319 Average window size: 10  reward: 20.618
2020-12-29 07:17:01,697 update: 131	fps: 43.369	
2020-12-29 07:17:01,697 update: 131	env-time: 9809.427s	pth-time: 2636.389s	frames: 540672
2020-12-29 07:17:01,697 Average window size: 10  reward: 20.507
2020-12-29 07:18:38,022 update: 132	fps: 43.363	
2020-12-29 07:18:38,023 update: 132	env-time: 9884.114s	pth-time: 2657.907s	frames: 544768
2020-12-29 07:18:38,023 Average window size: 10  reward: 20.333
2020-12-29 07:20:13,977 update: 133	fps: 43.358	
2020-12-29 07:20:13,978 update: 133	env-time: 9956.995s	pth-time: 2680.851s	frames: 548864
2020-12-29 07:20:13,978 Average window size: 10  reward: 19.521
2020-12-29 07:21:53,821 update: 134	fps: 43.339	
2020-12-29 07:21:53,822 update: 134	env-time: 10035.684s	pth-time: 2701.887s	frames: 552960
2020-12-29 07:21:53,822 Average window size: 10  reward: 19.139
2020-12-29 07:23:28,063 update: 135	fps: 43.340	
2020-12-29 07:23:28,064 update: 135	env-time: 10109.351s	pth-time: 2722.329s	frames: 557056
2020-12-29 07:23:28,064 Average window size: 10  reward: 19.194
2020-12-29 07:25:03,243 update: 136	fps: 43.338	
2020-12-29 07:25:03,244 update: 136	env-time: 10182.686s	pth-time: 2744.049s	frames: 561152
2020-12-29 07:25:03,244 Average window size: 10  reward: 18.604
2020-12-29 07:26:40,627 update: 137	fps: 43.328	
2020-12-29 07:26:40,628 update: 137	env-time: 10257.540s	pth-time: 2766.454s	frames: 565248
2020-12-29 07:26:40,628 Average window size: 10  reward: 18.653
2020-12-29 07:28:09,198 update: 138	fps: 43.348	
2020-12-29 07:28:09,198 update: 138	env-time: 10326.548s	pth-time: 2785.896s	frames: 569344
2020-12-29 07:28:09,199 Average window size: 10  reward: 18.090
2020-12-29 07:29:40,876 update: 139	fps: 43.357	
2020-12-29 07:29:40,877 update: 139	env-time: 10396.828s	pth-time: 2807.160s	frames: 573440
2020-12-29 07:29:40,877 Average window size: 10  reward: 17.861
2020-12-29 07:31:14,859 update: 140	fps: 43.359	
2020-12-29 07:31:14,861 update: 140	env-time: 10469.700s	pth-time: 2828.154s	frames: 577536
2020-12-29 07:31:14,861 Average window size: 10  reward: 17.215
2020-12-29 07:32:48,319 update: 141	fps: 43.362	
2020-12-29 07:32:48,320 update: 141	env-time: 10540.708s	pth-time: 2850.366s	frames: 581632
2020-12-29 07:32:48,320 Average window size: 10  reward: 17.104
2020-12-29 07:34:25,564 update: 142	fps: 43.353	
2020-12-29 07:34:25,565 update: 142	env-time: 10615.146s	pth-time: 2873.049s	frames: 585728
2020-12-29 07:34:25,565 Average window size: 10  reward: 18.118
2020-12-29 07:35:56,628 update: 143	fps: 43.364	
2020-12-29 07:35:56,629 update: 143	env-time: 10686.915s	pth-time: 2892.194s	frames: 589824
2020-12-29 07:35:56,629 Average window size: 10  reward: 18.000
2020-12-29 07:37:33,254 update: 144	fps: 43.357	
2020-12-29 07:37:33,255 update: 144	env-time: 10763.401s	pth-time: 2912.217s	frames: 593920
2020-12-29 07:37:33,255 Average window size: 10  reward: 18.146
2020-12-29 07:39:07,238 update: 145	fps: 43.359	
2020-12-29 07:39:07,239 update: 145	env-time: 10836.988s	pth-time: 2932.503s	frames: 598016
2020-12-29 07:39:07,239 Average window size: 10  reward: 18.007
2020-12-29 07:40:45,787 update: 146	fps: 43.346	
2020-12-29 07:40:45,791 update: 146	env-time: 10911.599s	pth-time: 2956.317s	frames: 602112
2020-12-29 07:40:45,791 Average window size: 10  reward: 18.229
2020-12-29 07:42:16,893 update: 147	fps: 43.357	
2020-12-29 07:42:16,893 update: 147	env-time: 10981.957s	pth-time: 2976.915s	frames: 606208
2020-12-29 07:42:16,894 Average window size: 10  reward: 18.569
2020-12-29 07:43:51,646 update: 148	fps: 43.356	
2020-12-29 07:43:51,647 update: 148	env-time: 11055.535s	pth-time: 2997.961s	frames: 610304
2020-12-29 07:43:51,647 Average window size: 10  reward: 19.451
2020-12-29 07:45:27,780 update: 149	fps: 43.351	
2020-12-29 07:45:27,781 update: 149	env-time: 11130.527s	pth-time: 3018.991s	frames: 614400
2020-12-29 07:45:27,781 Average window size: 10  reward: 19.896
2020-12-29 07:47:06,358 update: 150	fps: 43.338	
2020-12-29 07:47:06,359 update: 150	env-time: 11208.741s	pth-time: 3039.229s	frames: 618496
2020-12-29 07:47:06,359 Average window size: 10  reward: 20.583
2020-12-29 07:48:39,826 update: 151	fps: 43.341	
2020-12-29 07:48:39,827 update: 151	env-time: 11279.929s	pth-time: 3061.289s	frames: 622592
2020-12-29 07:48:39,827 Average window size: 10  reward: 20.201
2020-12-29 07:50:17,853 update: 152	fps: 43.331	
2020-12-29 07:50:17,853 update: 152	env-time: 11355.507s	pth-time: 3083.612s	frames: 626688
2020-12-29 07:50:17,854 Average window size: 10  reward: 20.167
2020-12-29 07:51:55,382 update: 153	fps: 43.322	
2020-12-29 07:51:55,383 update: 153	env-time: 11430.071s	pth-time: 3106.451s	frames: 630784
2020-12-29 07:51:55,383 Average window size: 10  reward: 20.194
2020-12-29 07:53:32,286 update: 154	fps: 43.315	
2020-12-29 07:53:32,286 update: 154	env-time: 11505.703s	pth-time: 3127.607s	frames: 634880
2020-12-29 07:53:32,287 Average window size: 10  reward: 20.375
2020-12-29 07:55:08,935 update: 155	fps: 43.309	
2020-12-29 07:55:08,935 update: 155	env-time: 11581.367s	pth-time: 3148.461s	frames: 638976
2020-12-29 07:55:08,936 Average window size: 10  reward: 20.271
2020-12-29 07:56:48,161 update: 156	fps: 43.295	
2020-12-29 07:56:48,162 update: 156	env-time: 11660.084s	pth-time: 3168.854s	frames: 643072
2020-12-29 07:56:48,163 Average window size: 10  reward: 20.736
2020-12-29 07:58:24,099 update: 157	fps: 43.291	
2020-12-29 07:58:24,099 update: 157	env-time: 11735.952s	pth-time: 3188.794s	frames: 647168
2020-12-29 07:58:24,099 Average window size: 10  reward: 20.681
2020-12-29 08:00:03,942 update: 158	fps: 43.276	
2020-12-29 08:00:03,943 update: 158	env-time: 11814.748s	pth-time: 3209.720s	frames: 651264
2020-12-29 08:00:03,943 Average window size: 10  reward: 20.715
2020-12-29 08:01:41,447 update: 159	fps: 43.268	
2020-12-29 08:01:41,448 update: 159	env-time: 11892.093s	pth-time: 3229.768s	frames: 655360
2020-12-29 08:01:41,448 Average window size: 10  reward: 20.382
2020-12-29 08:03:17,990 update: 160	fps: 43.263	
2020-12-29 08:03:17,991 update: 160	env-time: 11968.697s	pth-time: 3249.595s	frames: 659456
2020-12-29 08:03:17,991 Average window size: 10  reward: 20.583
2020-12-29 08:04:50,569 update: 161	fps: 43.269	
2020-12-29 08:04:50,570 update: 161	env-time: 12041.622s	pth-time: 3269.028s	frames: 663552
2020-12-29 08:04:50,570 Average window size: 10  reward: 21.250
2020-12-29 08:06:23,997 update: 162	fps: 43.272	
2020-12-29 08:06:23,998 update: 162	env-time: 12114.900s	pth-time: 3289.058s	frames: 667648
2020-12-29 08:06:23,998 Average window size: 10  reward: 21.188
2020-12-29 08:08:02,966 update: 163	fps: 43.260	
2020-12-29 08:08:02,967 update: 163	env-time: 12185.466s	pth-time: 3317.337s	frames: 671744
2020-12-29 08:08:02,967 Average window size: 10  reward: 21.521
2020-12-29 08:09:46,450 update: 164	fps: 43.236	
2020-12-29 08:09:46,452 update: 164	env-time: 12262.925s	pth-time: 3343.234s	frames: 675840
2020-12-29 08:09:46,452 Average window size: 10  reward: 21.778
2020-12-29 08:11:28,962 update: 165	fps: 43.214	
2020-12-29 08:11:28,963 update: 165	env-time: 12337.100s	pth-time: 3371.447s	frames: 679936
2020-12-29 08:11:28,963 Average window size: 10  reward: 22.118
2020-12-29 08:13:18,081 update: 166	fps: 43.175	
2020-12-29 08:13:18,082 update: 166	env-time: 12414.595s	pth-time: 3402.939s	frames: 684032
2020-12-29 08:13:18,082 Average window size: 10  reward: 22.132
2020-12-29 08:15:03,318 update: 167	fps: 43.147	
2020-12-29 08:15:03,319 update: 167	env-time: 12490.707s	pth-time: 3431.929s	frames: 688128
2020-12-29 08:15:03,320 Average window size: 10  reward: 22.299
2020-12-29 08:16:46,054 update: 168	fps: 43.126	
2020-12-29 08:16:46,055 update: 168	env-time: 12566.126s	pth-time: 3459.120s	frames: 692224
2020-12-29 08:16:46,055 Average window size: 10  reward: 22.069
2020-12-29 08:18:29,309 update: 169	fps: 43.104	
2020-12-29 08:18:29,310 update: 169	env-time: 12641.674s	pth-time: 3486.694s	frames: 696320
2020-12-29 08:18:29,310 Average window size: 10  reward: 22.028
2020-12-29 08:20:15,897 update: 170	fps: 43.074	
2020-12-29 08:20:15,898 update: 170	env-time: 12718.255s	pth-time: 3516.580s	frames: 700416
2020-12-29 08:20:15,898 Average window size: 10  reward: 21.576
2020-12-29 08:21:54,013 update: 171	fps: 43.066	
2020-12-29 08:21:54,013 update: 171	env-time: 12792.457s	pth-time: 3540.275s	frames: 704512
2020-12-29 08:21:54,014 Average window size: 10  reward: 21.340
2020-12-29 08:23:43,714 update: 172	fps: 43.027	
2020-12-29 08:23:43,715 update: 172	env-time: 12871.554s	pth-time: 3570.764s	frames: 708608
2020-12-29 08:23:43,715 Average window size: 10  reward: 21.188
2020-12-29 08:25:27,686 update: 173	fps: 43.005	
2020-12-29 08:25:27,687 update: 173	env-time: 12944.398s	pth-time: 3601.775s	frames: 712704
2020-12-29 08:25:27,687 Average window size: 10  reward: 20.722
2020-12-29 08:27:17,947 update: 174	fps: 42.966	
2020-12-29 08:27:17,947 update: 174	env-time: 13024.505s	pth-time: 3631.784s	frames: 716800
2020-12-29 08:27:17,947 Average window size: 10  reward: 20.861
2020-12-29 08:29:03,680 update: 175	fps: 42.939	
2020-12-29 08:29:03,680 update: 175	env-time: 13102.294s	pth-time: 3659.613s	frames: 720896
2020-12-29 08:29:03,681 Average window size: 10  reward: 20.285
2020-12-29 08:30:45,415 update: 176	fps: 42.923	
2020-12-29 08:30:45,417 update: 176	env-time: 13174.207s	pth-time: 3689.320s	frames: 724992
2020-12-29 08:30:45,417 Average window size: 10  reward: 20.250
2020-12-29 08:32:37,082 update: 177	fps: 42.882	
2020-12-29 08:32:37,082 update: 177	env-time: 13252.819s	pth-time: 3722.237s	frames: 729088
2020-12-29 08:32:37,083 Average window size: 10  reward: 20.972
2020-12-29 08:34:21,159 update: 178	fps: 42.861	
2020-12-29 08:34:21,160 update: 178	env-time: 13326.590s	pth-time: 3752.421s	frames: 733184
2020-12-29 08:34:21,160 Average window size: 10  reward: 20.660
2020-12-29 08:36:00,800 update: 179	fps: 42.851	
2020-12-29 08:36:00,801 update: 179	env-time: 13398.740s	pth-time: 3779.787s	frames: 737280
2020-12-29 08:36:00,801 Average window size: 10  reward: 20.785
2020-12-29 08:37:42,753 update: 180	fps: 42.835	
2020-12-29 08:37:42,753 update: 180	env-time: 13470.997s	pth-time: 3809.351s	frames: 741376
2020-12-29 08:37:42,754 Average window size: 10  reward: 20.771
2020-12-29 08:39:32,117 update: 181	fps: 42.801	
2020-12-29 08:39:32,119 update: 181	env-time: 13550.844s	pth-time: 3838.223s	frames: 745472
2020-12-29 08:39:32,120 Average window size: 10  reward: 20.215
2020-12-29 08:41:15,265 update: 182	fps: 42.783	
2020-12-29 08:41:15,265 update: 182	env-time: 13625.136s	pth-time: 3866.955s	frames: 749568
2020-12-29 08:41:15,266 Average window size: 10  reward: 20.806
2020-12-29 08:43:03,477 update: 183	fps: 42.753	
2020-12-29 08:43:03,478 update: 183	env-time: 13703.417s	pth-time: 3896.737s	frames: 753664
2020-12-29 08:43:03,478 Average window size: 10  reward: 20.174
2020-12-29 08:44:44,682 update: 184	fps: 42.740	
2020-12-29 08:44:44,683 update: 184	env-time: 13774.304s	pth-time: 3926.926s	frames: 757760
2020-12-29 08:44:44,683 Average window size: 10  reward: 20.639
2020-12-29 08:46:32,847 update: 185	fps: 42.710	
2020-12-29 08:46:32,847 update: 185	env-time: 13850.056s	pth-time: 3959.220s	frames: 761856
2020-12-29 08:46:32,847 Average window size: 10  reward: 21.139
2020-12-29 08:48:14,371 update: 186	fps: 42.697	
2020-12-29 08:48:14,372 update: 186	env-time: 13925.124s	pth-time: 3985.563s	frames: 765952
2020-12-29 08:48:14,372 Average window size: 10  reward: 21.056
2020-12-29 08:50:00,297 update: 187	fps: 42.673	
2020-12-29 08:50:00,298 update: 187	env-time: 14002.415s	pth-time: 4014.068s	frames: 770048
2020-12-29 08:50:00,298 Average window size: 10  reward: 21.306
2020-12-29 08:51:46,543 update: 188	fps: 42.649	
2020-12-29 08:51:46,543 update: 188	env-time: 14080.328s	pth-time: 4042.264s	frames: 774144
2020-12-29 08:51:46,544 Average window size: 10  reward: 21.500
2020-12-29 08:53:27,817 update: 189	fps: 42.637	
2020-12-29 08:53:27,818 update: 189	env-time: 14154.883s	pth-time: 4068.864s	frames: 778240
2020-12-29 08:53:27,818 Average window size: 10  reward: 21.667
2020-12-29 08:55:11,956 update: 190	fps: 42.618	
2020-12-29 08:55:11,957 update: 190	env-time: 14228.717s	pth-time: 4099.058s	frames: 782336
2020-12-29 08:55:11,957 Average window size: 10  reward: 22.160
2020-12-29 08:56:55,263 update: 191	fps: 42.601	
2020-12-29 08:56:55,264 update: 191	env-time: 14303.422s	pth-time: 4127.432s	frames: 786432
2020-12-29 08:56:55,264 Average window size: 10  reward: 21.708
2020-12-29 08:58:42,838 update: 192	fps: 42.575	
2020-12-29 08:58:42,838 update: 192	env-time: 14381.952s	pth-time: 4156.350s	frames: 790528
2020-12-29 08:58:42,839 Average window size: 10  reward: 21.549
2020-12-29 09:00:28,941 update: 193	fps: 42.553	
2020-12-29 09:00:28,942 update: 193	env-time: 14459.547s	pth-time: 4184.741s	frames: 794624
2020-12-29 09:00:28,942 Average window size: 10  reward: 21.611
2020-12-29 09:02:14,792 update: 194	fps: 42.531	
2020-12-29 09:02:14,793 update: 194	env-time: 14537.017s	pth-time: 4213.002s	frames: 798720
2020-12-29 09:02:14,793 Average window size: 10  reward: 20.938
2020-12-29 09:03:59,506 update: 195	fps: 42.512	
2020-12-29 09:03:59,507 update: 195	env-time: 14616.114s	pth-time: 4238.486s	frames: 802816
2020-12-29 09:03:59,507 Average window size: 10  reward: 20.618
2020-12-29 09:05:46,909 update: 196	fps: 42.487	
2020-12-29 09:05:46,910 update: 196	env-time: 14694.940s	pth-time: 4266.942s	frames: 806912
2020-12-29 09:05:46,910 Average window size: 10  reward: 20.556
2020-12-29 09:07:33,564 update: 197	fps: 42.464	
2020-12-29 09:07:33,565 update: 197	env-time: 14770.584s	pth-time: 4297.819s	frames: 811008
2020-12-29 09:07:33,565 Average window size: 10  reward: 20.674
2020-12-29 09:09:17,878 update: 198	fps: 42.447	
2020-12-29 09:09:17,879 update: 198	env-time: 14846.255s	pth-time: 4326.337s	frames: 815104
2020-12-29 09:09:17,879 Average window size: 10  reward: 20.972
2020-12-29 09:11:02,301 update: 199	fps: 42.429	
2020-12-29 09:11:02,302 update: 199	env-time: 14922.032s	pth-time: 4354.862s	frames: 819200
2020-12-29 09:11:02,302 Average window size: 10  reward: 21.354
2020-12-29 09:12:46,280 update: 200	fps: 42.413	
2020-12-29 09:12:46,281 update: 200	env-time: 14997.089s	pth-time: 4383.655s	frames: 823296
2020-12-29 09:12:46,281 Average window size: 10  reward: 21.493
2020-12-29 09:14:31,257 update: 201	fps: 42.395	
2020-12-29 09:14:31,258 update: 201	env-time: 15073.444s	pth-time: 4412.049s	frames: 827392
2020-12-29 09:14:31,258 Average window size: 10  reward: 21.674
2020-12-29 09:16:20,074 update: 202	fps: 42.369	
2020-12-29 09:16:20,075 update: 202	env-time: 15152.404s	pth-time: 4441.788s	frames: 831488
2020-12-29 09:16:20,075 Average window size: 10  reward: 21.257
2020-12-29 09:18:05,713 update: 203	fps: 42.349	
2020-12-29 09:18:05,714 update: 203	env-time: 15228.892s	pth-time: 4470.805s	frames: 835584
2020-12-29 09:18:05,714 Average window size: 10  reward: 21.653
2020-12-29 09:19:46,536 update: 204	fps: 42.341	
2020-12-29 09:19:46,537 update: 204	env-time: 15300.962s	pth-time: 4499.434s	frames: 839680
2020-12-29 09:19:46,537 Average window size: 10  reward: 22.215
2020-12-29 09:21:29,811 update: 205	fps: 42.327	
2020-12-29 09:21:29,812 update: 205	env-time: 15374.284s	pth-time: 4529.263s	frames: 843776
2020-12-29 09:21:29,812 Average window size: 10  reward: 22.528
2020-12-29 09:23:11,525 update: 206	fps: 42.316	
2020-12-29 09:23:11,526 update: 206	env-time: 15450.063s	pth-time: 4555.086s	frames: 847872
2020-12-29 09:23:11,526 Average window size: 10  reward: 22.465
2020-12-29 09:24:50,276 update: 207	fps: 42.312	
2020-12-29 09:24:50,277 update: 207	env-time: 15521.822s	pth-time: 4581.960s	frames: 851968
2020-12-29 09:24:50,277 Average window size: 10  reward: 22.521
2020-12-29 09:26:33,418 update: 208	fps: 42.299	
2020-12-29 09:26:33,418 update: 208	env-time: 15596.913s	pth-time: 4609.894s	frames: 856064
2020-12-29 09:26:33,419 Average window size: 10  reward: 22.194
2020-12-29 09:28:15,339 update: 209	fps: 42.288	
2020-12-29 09:28:15,340 update: 209	env-time: 15669.884s	pth-time: 4638.723s	frames: 860160
2020-12-29 09:28:15,340 Average window size: 10  reward: 22.139
2020-12-29 09:29:56,306 update: 210	fps: 42.280	
2020-12-29 09:29:56,307 update: 210	env-time: 15740.523s	pth-time: 4668.931s	frames: 864256
2020-12-29 09:29:56,307 Average window size: 10  reward: 22.396
2020-12-29 09:31:40,811 update: 211	fps: 42.264	
2020-12-29 09:31:40,812 update: 211	env-time: 15815.647s	pth-time: 4698.089s	frames: 868352
2020-12-29 09:31:40,812 Average window size: 10  reward: 22.319
2020-12-29 09:33:26,971 update: 212	fps: 42.245	
2020-12-29 09:33:26,972 update: 212	env-time: 15893.704s	pth-time: 4726.055s	frames: 872448
2020-12-29 09:33:26,972 Average window size: 10  reward: 22.528
2020-12-29 09:35:13,639 update: 213	fps: 42.225	
2020-12-29 09:35:13,640 update: 213	env-time: 15971.383s	pth-time: 4754.915s	frames: 876544
2020-12-29 09:35:13,640 Average window size: 10  reward: 22.194
2020-12-29 09:36:57,996 update: 214	fps: 42.211	
2020-12-29 09:36:57,996 update: 214	env-time: 16048.385s	pth-time: 4782.157s	frames: 880640
2020-12-29 09:36:57,996 Average window size: 10  reward: 22.389
2020-12-29 09:38:43,667 update: 215	fps: 42.193	
2020-12-29 09:38:43,667 update: 215	env-time: 16123.975s	pth-time: 4812.106s	frames: 884736
2020-12-29 09:38:43,667 Average window size: 10  reward: 21.986
2020-12-29 09:40:25,966 update: 216	fps: 42.183	
2020-12-29 09:40:25,966 update: 216	env-time: 16196.879s	pth-time: 4841.376s	frames: 888832
2020-12-29 09:40:25,966 Average window size: 10  reward: 22.257
2020-12-29 09:42:12,488 update: 217	fps: 42.164	
2020-12-29 09:42:12,489 update: 217	env-time: 16271.700s	pth-time: 4872.940s	frames: 892928
2020-12-29 09:42:12,489 Average window size: 10  reward: 22.132
2020-12-29 09:43:57,573 update: 218	fps: 42.148	
2020-12-29 09:43:57,574 update: 218	env-time: 16349.713s	pth-time: 4899.870s	frames: 897024
2020-12-29 09:43:57,574 Average window size: 10  reward: 21.986
2020-12-29 09:45:41,592 update: 219	fps: 42.135	
2020-12-29 09:45:41,593 update: 219	env-time: 16425.047s	pth-time: 4928.429s	frames: 901120
2020-12-29 09:45:41,593 Average window size: 10  reward: 21.243
2020-12-29 09:47:23,222 update: 220	fps: 42.126	
2020-12-29 09:47:23,223 update: 220	env-time: 16499.102s	pth-time: 4955.884s	frames: 905216
2020-12-29 09:47:23,223 Average window size: 10  reward: 21.868
2020-12-29 09:49:05,644 update: 221	fps: 42.116	
2020-12-29 09:49:05,645 update: 221	env-time: 16573.872s	pth-time: 4983.313s	frames: 909312
2020-12-29 09:49:05,645 Average window size: 10  reward: 21.451
2020-12-29 09:50:53,047 update: 222	fps: 42.096	
2020-12-29 09:50:53,049 update: 222	env-time: 16651.906s	pth-time: 5012.562s	frames: 913408
2020-12-29 09:50:53,050 Average window size: 10  reward: 21.431
2020-12-29 09:52:37,680 update: 223	fps: 42.082	
2020-12-29 09:52:37,681 update: 223	env-time: 16728.098s	pth-time: 5040.871s	frames: 917504
2020-12-29 09:52:37,681 Average window size: 10  reward: 21.438
2020-12-29 09:54:22,779 update: 224	fps: 42.067	
2020-12-29 09:54:22,780 update: 224	env-time: 16804.550s	pth-time: 5069.402s	frames: 921600
2020-12-29 09:54:22,780 Average window size: 10  reward: 22.028
2020-12-29 09:56:11,516 update: 225	fps: 42.045	
2020-12-29 09:56:11,517 update: 225	env-time: 16881.468s	pth-time: 5101.088s	frames: 925696
2020-12-29 09:56:11,517 Average window size: 10  reward: 22.014
2020-12-29 09:57:57,723 update: 226	fps: 42.029	
2020-12-29 09:57:57,727 update: 226	env-time: 16959.993s	pth-time: 5128.648s	frames: 929792
2020-12-29 09:57:57,728 Average window size: 10  reward: 22.222
2020-12-29 09:59:43,285 update: 227	fps: 42.013	
2020-12-29 09:59:43,285 update: 227	env-time: 17038.906s	pth-time: 5155.143s	frames: 933888
2020-12-29 09:59:43,286 Average window size: 10  reward: 22.715
2020-12-29 10:01:24,493 update: 228	fps: 42.006	
2020-12-29 10:01:24,494 update: 228	env-time: 17114.777s	pth-time: 5180.357s	frames: 937984
2020-12-29 10:01:24,494 Average window size: 10  reward: 23.201
2020-12-29 10:03:06,016 update: 229	fps: 41.999	
2020-12-29 10:03:06,017 update: 229	env-time: 17188.755s	pth-time: 5207.783s	frames: 942080
2020-12-29 10:03:06,017 Average window size: 10  reward: 23.035
2020-12-29 10:04:53,868 update: 230	fps: 41.980	
2020-12-29 10:04:53,868 update: 230	env-time: 17270.127s	pth-time: 5234.152s	frames: 946176
2020-12-29 10:04:53,869 Average window size: 10  reward: 22.819
2020-12-29 10:06:32,159 update: 231	fps: 41.978	
2020-12-29 10:06:32,159 update: 231	env-time: 17342.343s	pth-time: 5260.005s	frames: 950272
2020-12-29 10:06:32,160 Average window size: 10  reward: 22.660
2020-12-29 10:08:16,927 update: 232	fps: 41.965	
2020-12-29 10:08:16,928 update: 232	env-time: 17416.291s	pth-time: 5290.688s	frames: 954368
2020-12-29 10:08:16,928 Average window size: 10  reward: 22.264
2020-12-29 10:09:54,656 update: 233	fps: 41.965	
2020-12-29 10:09:54,657 update: 233	env-time: 17488.702s	pth-time: 5315.893s	frames: 958464
2020-12-29 10:09:54,657 Average window size: 10  reward: 21.958
2020-12-29 10:11:41,766 update: 234	fps: 41.947	
2020-12-29 10:11:41,767 update: 234	env-time: 17569.651s	pth-time: 5341.943s	frames: 962560
2020-12-29 10:11:41,768 Average window size: 10  reward: 21.722
2020-12-29 10:13:26,226 update: 235	fps: 41.935	
2020-12-29 10:13:26,227 update: 235	env-time: 17644.693s	pth-time: 5371.246s	frames: 966656
2020-12-29 10:13:26,227 Average window size: 10  reward: 21.861
2020-12-29 10:15:11,580 update: 236	fps: 41.921	
2020-12-29 10:15:11,580 update: 236	env-time: 17716.846s	pth-time: 5404.320s	frames: 970752
2020-12-29 10:15:11,580 Average window size: 10  reward: 21.812
2020-12-29 10:16:57,233 update: 237	fps: 41.907	
2020-12-29 10:16:57,234 update: 237	env-time: 17790.713s	pth-time: 5435.985s	frames: 974848
2020-12-29 10:16:57,234 Average window size: 10  reward: 22.229
2020-12-29 10:18:41,777 update: 238	fps: 41.895	
2020-12-29 10:18:41,778 update: 238	env-time: 17866.871s	pth-time: 5464.244s	frames: 978944
2020-12-29 10:18:41,778 Average window size: 10  reward: 22.111
2020-12-29 10:20:23,097 update: 239	fps: 41.888	
2020-12-29 10:20:23,097 update: 239	env-time: 17938.868s	pth-time: 5493.423s	frames: 983040
2020-12-29 10:20:23,098 Average window size: 10  reward: 22.590
2020-12-29 10:22:08,183 update: 240	fps: 41.875	
2020-12-29 10:22:08,184 update: 240	env-time: 18016.890s	pth-time: 5520.375s	frames: 987136
2020-12-29 10:22:08,184 Average window size: 10  reward: 22.854
2020-12-29 10:23:49,956 update: 241	fps: 41.868	
2020-12-29 10:23:49,962 update: 241	env-time: 18089.395s	pth-time: 5549.417s	frames: 991232
2020-12-29 10:23:49,970 Average window size: 10  reward: 23.076
2020-12-29 10:25:05,152 update: 242	fps: 41.908	
2020-12-29 10:25:05,153 update: 242	env-time: 18153.970s	pth-time: 5559.912s	frames: 995328
2020-12-29 10:25:05,153 Average window size: 10  reward: 23.090
2020-12-29 10:26:20,361 update: 243	fps: 41.948	
2020-12-29 10:26:20,362 update: 243	env-time: 18220.877s	pth-time: 5568.115s	frames: 999424
2020-12-29 10:26:20,362 Average window size: 10  reward: 23.604
2020-12-29 15:06:14,813 interaction_exploration/cv/obj-coverage//run2/ckpt.24.pth
2020-12-29 15:06:14,815 num_steps: 1024
2020-12-29 15:26:47,142 Average episode reward: 12.8875
