2021-01-06 19:18:33,638 agent number of parameters: 3411213
2021-01-06 19:20:50,755 update: 1	fps: 63.635	
2021-01-06 19:20:50,756 update: 1	env-time: 96.782s	pth-time: 31.610s	frames: 8192
2021-01-06 19:20:50,756 Average window size: 2  reward: 1.438
2021-01-06 19:22:05,042 update: 2	fps: 60.526	
2021-01-06 19:22:05,043 update: 2	env-time: 149.849s	pth-time: 52.739s	frames: 12288
2021-01-06 19:22:05,043 Average window size: 3  reward: 1.438
2021-01-06 19:23:18,444 update: 3	fps: 59.272	
2021-01-06 19:23:18,445 update: 3	env-time: 205.460s	pth-time: 70.449s	frames: 16384
2021-01-06 19:23:18,445 Average window size: 4  reward: 1.792
2021-01-06 19:24:27,900 update: 4	fps: 59.212	
2021-01-06 19:24:27,901 update: 4	env-time: 255.084s	pth-time: 90.198s	frames: 20480
2021-01-06 19:24:27,901 Average window size: 5  reward: 1.547
2021-01-06 19:25:40,084 update: 5	fps: 58.785	
2021-01-06 19:25:40,085 update: 5	env-time: 307.099s	pth-time: 110.286s	frames: 24576
2021-01-06 19:25:40,085 Average window size: 6  reward: 1.425
2021-01-06 19:26:52,328 update: 6	fps: 58.478	
2021-01-06 19:26:52,329 update: 6	env-time: 360.448s	pth-time: 129.098s	frames: 28672
2021-01-06 19:26:52,329 Average window size: 7  reward: 1.625
2021-01-06 19:28:08,891 update: 7	fps: 57.805	
2021-01-06 19:28:08,892 update: 7	env-time: 419.815s	pth-time: 146.208s	frames: 32768
2021-01-06 19:28:08,892 Average window size: 8  reward: 2.018
2021-01-06 19:29:18,640 update: 8	fps: 57.906	
2021-01-06 19:29:18,640 update: 8	env-time: 473.216s	pth-time: 162.472s	frames: 36864
2021-01-06 19:29:18,641 Average window size: 9  reward: 2.102
2021-01-06 19:30:46,004 update: 9	fps: 56.576	
2021-01-06 19:30:46,005 update: 9	env-time: 541.092s	pth-time: 181.877s	frames: 40960
2021-01-06 19:30:46,005 Average window size: 10  reward: 2.146
2021-01-06 19:31:54,919 update: 10	fps: 56.824	
2021-01-06 19:31:54,920 update: 10	env-time: 591.856s	pth-time: 199.938s	frames: 45056
2021-01-06 19:31:54,920 Average window size: 10  reward: 2.174
2021-01-06 19:32:56,614 update: 11	fps: 57.515	
2021-01-06 19:32:56,615 update: 11	env-time: 639.946s	pth-time: 213.306s	frames: 49152
2021-01-06 19:32:56,615 Average window size: 10  reward: 2.278
2021-01-06 19:34:08,994 update: 12	fps: 57.443	
2021-01-06 19:34:08,995 update: 12	env-time: 695.825s	pth-time: 229.725s	frames: 53248
2021-01-06 19:34:08,995 Average window size: 10  reward: 2.333
2021-01-06 19:36:02,690 update: 13	fps: 55.103	
2021-01-06 19:36:02,691 update: 13	env-time: 792.358s	pth-time: 246.789s	frames: 57344
2021-01-06 19:36:02,691 Average window size: 10  reward: 2.535
2021-01-06 19:37:31,063 update: 14	fps: 54.418	
2021-01-06 19:37:31,063 update: 14	env-time: 865.007s	pth-time: 262.418s	frames: 61440
2021-01-06 19:37:31,063 Average window size: 10  reward: 2.688
2021-01-06 19:38:45,635 update: 15	fps: 54.449	
2021-01-06 19:38:45,636 update: 15	env-time: 924.981s	pth-time: 276.933s	frames: 65536
2021-01-06 19:38:45,636 Average window size: 10  reward: 2.694
2021-01-06 19:40:06,870 update: 16	fps: 54.195	
2021-01-06 19:40:06,870 update: 16	env-time: 990.002s	pth-time: 293.064s	frames: 69632
2021-01-06 19:40:06,871 Average window size: 10  reward: 2.653
2021-01-06 19:41:23,847 update: 17	fps: 54.139	
2021-01-06 19:41:23,848 update: 17	env-time: 1054.928s	pth-time: 305.019s	frames: 73728
2021-01-06 19:41:23,848 Average window size: 10  reward: 2.965
2021-01-06 19:42:49,630 update: 18	fps: 53.760	
2021-01-06 19:42:49,630 update: 18	env-time: 1129.118s	pth-time: 316.522s	frames: 77824
2021-01-06 19:42:49,630 Average window size: 10  reward: 3.264
2021-01-06 19:44:10,582 update: 19	fps: 53.593	
2021-01-06 19:44:10,583 update: 19	env-time: 1195.815s	pth-time: 330.693s	frames: 81920
2021-01-06 19:44:10,583 Average window size: 10  reward: 3.590
2021-01-06 19:45:39,536 update: 20	fps: 53.178	
2021-01-06 19:45:39,536 update: 20	env-time: 1270.018s	pth-time: 345.345s	frames: 86016
2021-01-06 19:45:39,537 Average window size: 10  reward: 4.007
2021-01-06 19:47:01,653 update: 21	fps: 53.019	
2021-01-06 19:47:01,654 update: 21	env-time: 1337.852s	pth-time: 359.331s	frames: 90112
2021-01-06 19:47:01,654 Average window size: 10  reward: 4.160
2021-01-06 19:48:12,818 update: 22	fps: 53.201	
2021-01-06 19:48:12,818 update: 22	env-time: 1397.357s	pth-time: 370.905s	frames: 94208
2021-01-06 19:48:12,818 Average window size: 10  reward: 4.264
2021-01-06 19:49:42,202 update: 23	fps: 52.846	
2021-01-06 19:49:42,203 update: 23	env-time: 1474.922s	pth-time: 382.637s	frames: 98304
2021-01-06 19:49:42,203 Average window size: 10  reward: 4.514
2021-01-06 19:50:56,741 update: 24	fps: 52.928	
2021-01-06 19:50:56,742 update: 24	env-time: 1536.226s	pth-time: 395.789s	frames: 102400
2021-01-06 19:50:56,742 Average window size: 10  reward: 4.715
2021-01-06 19:52:06,819 update: 25	fps: 53.121	
2021-01-06 19:52:06,820 update: 25	env-time: 1591.854s	pth-time: 410.157s	frames: 106496
2021-01-06 19:52:06,820 Average window size: 10  reward: 4.653
2021-01-06 19:54:09,289 update: 26	fps: 51.988	
2021-01-06 19:54:09,289 update: 26	env-time: 1699.932s	pth-time: 424.459s	frames: 110592
2021-01-06 19:54:09,289 Average window size: 10  reward: 4.910
2021-01-06 19:55:54,724 update: 27	fps: 51.367	
2021-01-06 19:55:54,724 update: 27	env-time: 1792.729s	pth-time: 437.012s	frames: 114688
2021-01-06 19:55:54,724 Average window size: 10  reward: 4.889
2021-01-06 19:57:22,337 update: 28	fps: 51.193	
2021-01-06 19:57:22,338 update: 28	env-time: 1868.265s	pth-time: 449.003s	frames: 118784
2021-01-06 19:57:22,338 Average window size: 10  reward: 5.000
2021-01-06 19:59:00,262 update: 29	fps: 50.814	
2021-01-06 19:59:00,263 update: 29	env-time: 1953.175s	pth-time: 461.931s	frames: 122880
2021-01-06 19:59:00,263 Average window size: 10  reward: 4.965
2021-01-06 20:00:42,313 update: 30	fps: 50.381	
2021-01-06 20:00:42,314 update: 30	env-time: 2043.793s	pth-time: 473.281s	frames: 126976
2021-01-06 20:00:42,314 Average window size: 10  reward: 4.806
2021-01-06 20:03:01,976 update: 31	fps: 49.276	
2021-01-06 20:03:01,976 update: 31	env-time: 2169.914s	pth-time: 486.590s	frames: 131072
2021-01-06 20:03:01,976 Average window size: 10  reward: 5.097
2021-01-06 20:04:20,932 update: 32	fps: 49.351	
2021-01-06 20:04:20,932 update: 32	env-time: 2233.832s	pth-time: 501.543s	frames: 135168
2021-01-06 20:04:20,932 Average window size: 10  reward: 5.118
2021-01-06 20:05:57,455 update: 33	fps: 49.116	
2021-01-06 20:05:57,455 update: 33	env-time: 2311.615s	pth-time: 520.197s	frames: 139264
2021-01-06 20:05:57,456 Average window size: 10  reward: 5.049
2021-01-06 20:07:31,488 update: 34	fps: 48.937	
2021-01-06 20:07:31,489 update: 34	env-time: 2391.275s	pth-time: 534.479s	frames: 143360
2021-01-06 20:07:31,489 Average window size: 10  reward: 5.375
2021-01-06 20:09:49,927 update: 35	fps: 48.064	
2021-01-06 20:09:49,928 update: 35	env-time: 2517.067s	pth-time: 547.026s	frames: 147456
2021-01-06 20:09:49,928 Average window size: 10  reward: 5.188
2021-01-06 20:11:17,279 update: 36	fps: 48.032	
2021-01-06 20:11:17,280 update: 36	env-time: 2590.506s	pth-time: 560.853s	frames: 151552
2021-01-06 20:11:17,280 Average window size: 10  reward: 5.201
2021-01-06 20:13:44,929 update: 37	fps: 47.125	
2021-01-06 20:13:44,929 update: 37	env-time: 2726.421s	pth-time: 572.501s	frames: 155648
2021-01-06 20:13:44,929 Average window size: 10  reward: 5.326
2021-01-06 20:15:27,053 update: 38	fps: 46.914	
2021-01-06 20:15:27,054 update: 38	env-time: 2813.021s	pth-time: 587.937s	frames: 159744
2021-01-06 20:15:27,054 Average window size: 10  reward: 5.535
2021-01-06 20:17:24,597 update: 39	fps: 46.511	
2021-01-06 20:17:24,598 update: 39	env-time: 2916.096s	pth-time: 602.318s	frames: 163840
2021-01-06 20:17:24,598 Average window size: 10  reward: 6.083
2021-01-06 20:19:07,880 update: 40	fps: 46.316	
2021-01-06 20:19:07,881 update: 40	env-time: 3004.624s	pth-time: 616.977s	frames: 167936
2021-01-06 20:19:07,881 Average window size: 10  reward: 6.153
2021-01-06 20:21:15,627 update: 41	fps: 45.831	
2021-01-06 20:21:15,628 update: 41	env-time: 3115.091s	pth-time: 634.020s	frames: 172032
2021-01-06 20:21:15,628 Average window size: 10  reward: 6.188
2021-01-06 20:23:12,922 update: 42	fps: 45.501	
2021-01-06 20:23:12,923 update: 42	env-time: 3216.825s	pth-time: 649.493s	frames: 176128
2021-01-06 20:23:12,923 Average window size: 10  reward: 6.479
2021-01-06 20:25:09,129 update: 43	fps: 45.202	
2021-01-06 20:25:09,130 update: 43	env-time: 3320.513s	pth-time: 661.927s	frames: 180224
2021-01-06 20:25:09,130 Average window size: 10  reward: 6.458
2021-01-06 20:26:34,266 update: 44	fps: 45.263	
2021-01-06 20:26:34,266 update: 44	env-time: 3389.903s	pth-time: 677.588s	frames: 184320
2021-01-06 20:26:34,266 Average window size: 10  reward: 6.486
2021-01-06 20:27:52,427 update: 45	fps: 45.397	
2021-01-06 20:27:52,427 update: 45	env-time: 3457.637s	pth-time: 687.935s	frames: 188416
2021-01-06 20:27:52,428 Average window size: 10  reward: 6.500
2021-01-06 20:29:29,788 update: 46	fps: 45.321	
2021-01-06 20:29:29,789 update: 46	env-time: 3542.773s	pth-time: 700.074s	frames: 192512
2021-01-06 20:29:29,789 Average window size: 10  reward: 6.660
2021-01-06 20:31:11,335 update: 47	fps: 45.204	
2021-01-06 20:31:11,336 update: 47	env-time: 3631.690s	pth-time: 712.620s	frames: 196608
2021-01-06 20:31:11,336 Average window size: 10  reward: 6.438
2021-01-06 20:33:01,019 update: 48	fps: 45.011	
2021-01-06 20:33:01,020 update: 48	env-time: 3727.689s	pth-time: 726.220s	frames: 200704
2021-01-06 20:33:01,020 Average window size: 10  reward: 6.153
2021-01-06 20:34:39,898 update: 49	fps: 44.933	
2021-01-06 20:34:39,898 update: 49	env-time: 3810.576s	pth-time: 742.127s	frames: 204800
2021-01-06 20:34:39,899 Average window size: 10  reward: 6.000
2021-01-06 20:36:35,044 update: 50	fps: 44.703	
2021-01-06 20:36:35,044 update: 50	env-time: 3909.801s	pth-time: 757.963s	frames: 208896
2021-01-06 20:36:35,045 Average window size: 10  reward: 6.090
2021-01-06 20:38:30,502 update: 51	fps: 44.480	
2021-01-06 20:38:30,502 update: 51	env-time: 4012.472s	pth-time: 770.520s	frames: 212992
2021-01-06 20:38:30,503 Average window size: 10  reward: 5.958
2021-01-06 20:40:22,266 update: 52	fps: 44.301	
2021-01-06 20:40:22,266 update: 52	env-time: 4108.265s	pth-time: 786.402s	frames: 217088
2021-01-06 20:40:22,266 Average window size: 10  reward: 5.938
2021-01-06 20:42:12,951 update: 53	fps: 44.140	
2021-01-06 20:42:12,952 update: 53	env-time: 4202.878s	pth-time: 802.385s	frames: 221184
2021-01-06 20:42:12,952 Average window size: 10  reward: 5.972
2021-01-06 20:45:27,465 update: 54	fps: 43.278	
2021-01-06 20:45:27,466 update: 54	env-time: 4383.470s	pth-time: 816.219s	frames: 225280
2021-01-06 20:45:27,466 Average window size: 10  reward: 6.118
2021-01-06 20:47:22,765 update: 55	fps: 43.110	
2021-01-06 20:47:22,766 update: 55	env-time: 4486.912s	pth-time: 827.985s	frames: 229376
2021-01-06 20:47:22,766 Average window size: 10  reward: 5.854
2021-01-06 20:49:17,759 update: 56	fps: 42.951	
2021-01-06 20:49:17,760 update: 56	env-time: 4590.282s	pth-time: 839.523s	frames: 233472
2021-01-06 20:49:17,760 Average window size: 10  reward: 5.840
2021-01-06 20:51:06,788 update: 57	fps: 42.845	
2021-01-06 20:51:06,788 update: 57	env-time: 4684.649s	pth-time: 854.098s	frames: 237568
2021-01-06 20:51:06,789 Average window size: 10  reward: 5.771
2021-01-06 20:52:55,632 update: 58	fps: 42.745	
2021-01-06 20:52:55,633 update: 58	env-time: 4780.786s	pth-time: 866.720s	frames: 241664
2021-01-06 20:52:55,633 Average window size: 10  reward: 5.958
2021-01-06 20:54:46,248 update: 59	fps: 42.635	
2021-01-06 20:54:46,249 update: 59	env-time: 4878.047s	pth-time: 879.989s	frames: 245760
2021-01-06 20:54:46,249 Average window size: 10  reward: 5.833
2021-01-06 20:56:31,995 update: 60	fps: 42.565	
2021-01-06 20:56:31,996 update: 60	env-time: 4971.414s	pth-time: 892.282s	frames: 249856
2021-01-06 20:56:31,996 Average window size: 10  reward: 6.021
2021-01-06 20:58:06,590 update: 61	fps: 42.577	
2021-01-06 20:58:06,591 update: 61	env-time: 5054.265s	pth-time: 903.781s	frames: 253952
2021-01-06 20:58:06,591 Average window size: 10  reward: 6.243
2021-01-06 21:00:38,961 update: 62	fps: 42.186	
2021-01-06 21:00:38,962 update: 62	env-time: 5193.775s	pth-time: 916.550s	frames: 258048
2021-01-06 21:00:38,962 Average window size: 10  reward: 6.347
2021-01-06 21:02:07,675 update: 63	fps: 42.243	
2021-01-06 21:02:07,675 update: 63	env-time: 5269.500s	pth-time: 929.451s	frames: 262144
2021-01-06 21:02:07,675 Average window size: 10  reward: 6.319
2021-01-06 21:03:42,201 update: 64	fps: 42.259	
2021-01-06 21:03:42,202 update: 64	env-time: 5352.243s	pth-time: 941.150s	frames: 266240
2021-01-06 21:03:42,202 Average window size: 10  reward: 6.243
2021-01-06 21:05:31,444 update: 65	fps: 42.178	
2021-01-06 21:05:31,444 update: 65	env-time: 5445.074s	pth-time: 957.474s	frames: 270336
2021-01-06 21:05:31,445 Average window size: 10  reward: 6.458
2021-01-06 21:07:21,259 update: 66	fps: 42.096	
2021-01-06 21:07:21,259 update: 66	env-time: 5542.959s	pth-time: 969.318s	frames: 274432
2021-01-06 21:07:21,259 Average window size: 10  reward: 6.576
2021-01-06 21:09:51,064 update: 67	fps: 41.764	
2021-01-06 21:09:51,065 update: 67	env-time: 5678.484s	pth-time: 983.513s	frames: 278528
2021-01-06 21:09:51,065 Average window size: 10  reward: 6.340
2021-01-06 21:11:19,641 update: 68	fps: 41.823	
2021-01-06 21:11:19,642 update: 68	env-time: 5754.530s	pth-time: 995.951s	frames: 282624
2021-01-06 21:11:19,642 Average window size: 10  reward: 6.590
2021-01-06 21:13:53,450 update: 69	fps: 41.485	
2021-01-06 21:13:53,450 update: 69	env-time: 5893.392s	pth-time: 1010.808s	frames: 286720
2021-01-06 21:13:53,450 Average window size: 10  reward: 6.646
2021-01-06 21:15:33,493 update: 70	fps: 41.477	
2021-01-06 21:15:33,494 update: 70	env-time: 5980.036s	pth-time: 1024.121s	frames: 290816
2021-01-06 21:15:33,494 Average window size: 10  reward: 6.507
2021-01-06 21:17:10,679 update: 71	fps: 41.486	
2021-01-06 21:17:10,680 update: 71	env-time: 6064.540s	pth-time: 1036.573s	frames: 294912
2021-01-06 21:17:10,680 Average window size: 10  reward: 6.410
2021-01-06 21:19:02,767 update: 72	fps: 41.410	
2021-01-06 21:19:02,768 update: 72	env-time: 6160.819s	pth-time: 1052.296s	frames: 299008
2021-01-06 21:19:02,768 Average window size: 10  reward: 6.576
2021-01-06 21:21:14,501 update: 73	fps: 41.225	
2021-01-06 21:21:14,502 update: 73	env-time: 6277.064s	pth-time: 1067.700s	frames: 303104
2021-01-06 21:21:14,502 Average window size: 10  reward: 6.757
2021-01-06 21:23:09,728 update: 74	fps: 41.137	
2021-01-06 21:23:09,729 update: 74	env-time: 6378.653s	pth-time: 1081.249s	frames: 307200
2021-01-06 21:23:09,729 Average window size: 10  reward: 6.424
2021-01-06 21:24:59,679 update: 75	fps: 41.081	
2021-01-06 21:24:59,680 update: 75	env-time: 6474.580s	pth-time: 1095.189s	frames: 311296
2021-01-06 21:24:59,680 Average window size: 10  reward: 6.493
2021-01-06 21:26:25,361 update: 76	fps: 41.156	
2021-01-06 21:26:25,361 update: 76	env-time: 6543.103s	pth-time: 1112.261s	frames: 315392
2021-01-06 21:26:25,361 Average window size: 10  reward: 6.493
2021-01-06 21:28:19,271 update: 77	fps: 41.080	
2021-01-06 21:28:19,271 update: 77	env-time: 6646.089s	pth-time: 1123.098s	frames: 319488
2021-01-06 21:28:19,271 Average window size: 10  reward: 6.576
2021-01-06 21:29:54,110 update: 78	fps: 41.105	
2021-01-06 21:29:54,111 update: 78	env-time: 6724.714s	pth-time: 1139.227s	frames: 323584
2021-01-06 21:29:54,111 Average window size: 10  reward: 6.431
2021-01-06 21:31:52,212 update: 79	fps: 41.010	
2021-01-06 21:31:52,213 update: 79	env-time: 6828.613s	pth-time: 1153.337s	frames: 327680
2021-01-06 21:31:52,213 Average window size: 10  reward: 6.597
2021-01-06 21:33:18,160 update: 80	fps: 41.081	
2021-01-06 21:33:18,161 update: 80	env-time: 6898.684s	pth-time: 1169.126s	frames: 331776
2021-01-06 21:33:18,161 Average window size: 10  reward: 6.549
2021-01-06 21:35:20,759 update: 81	fps: 40.966	
2021-01-06 21:35:20,759 update: 81	env-time: 7006.849s	pth-time: 1183.327s	frames: 335872
2021-01-06 21:35:20,759 Average window size: 10  reward: 6.660
2021-01-06 21:37:04,732 update: 82	fps: 40.947	
2021-01-06 21:37:04,733 update: 82	env-time: 7096.036s	pth-time: 1198.026s	frames: 339968
2021-01-06 21:37:04,733 Average window size: 10  reward: 6.806
2021-01-06 21:38:46,688 update: 83	fps: 40.937	
2021-01-06 21:38:46,689 update: 83	env-time: 7188.012s	pth-time: 1207.923s	frames: 344064
2021-01-06 21:38:46,689 Average window size: 10  reward: 7.299
2021-01-06 21:41:35,782 update: 84	fps: 40.608	
2021-01-06 21:41:35,782 update: 84	env-time: 7341.559s	pth-time: 1223.379s	frames: 348160
2021-01-06 21:41:35,783 Average window size: 10  reward: 7.326
2021-01-06 21:43:25,030 update: 85	fps: 40.568	
2021-01-06 21:43:25,031 update: 85	env-time: 7437.680s	pth-time: 1236.416s	frames: 352256
2021-01-06 21:43:25,031 Average window size: 10  reward: 7.708
2021-01-06 21:45:54,045 update: 86	fps: 40.348	
2021-01-06 21:45:54,046 update: 86	env-time: 7569.337s	pth-time: 1253.686s	frames: 356352
2021-01-06 21:45:54,046 Average window size: 10  reward: 7.660
2021-01-06 21:47:57,380 update: 87	fps: 40.249	
2021-01-06 21:47:57,381 update: 87	env-time: 7676.755s	pth-time: 1269.516s	frames: 360448
2021-01-06 21:47:57,381 Average window size: 10  reward: 7.618
2021-01-06 21:49:37,287 update: 88	fps: 40.258	
2021-01-06 21:49:37,288 update: 88	env-time: 7761.810s	pth-time: 1284.267s	frames: 364544
2021-01-06 21:49:37,288 Average window size: 10  reward: 7.438
2021-01-06 21:51:21,039 update: 89	fps: 40.249	
2021-01-06 21:51:21,039 update: 89	env-time: 7850.445s	pth-time: 1299.291s	frames: 368640
2021-01-06 21:51:21,039 Average window size: 10  reward: 7.542
2021-01-06 21:52:50,721 update: 90	fps: 40.301	
2021-01-06 21:52:50,721 update: 90	env-time: 7926.023s	pth-time: 1313.307s	frames: 372736
2021-01-06 21:52:50,721 Average window size: 10  reward: 7.285
2021-01-06 21:55:17,761 update: 91	fps: 40.107	
2021-01-06 21:55:17,762 update: 91	env-time: 8057.039s	pth-time: 1329.068s	frames: 376832
2021-01-06 21:55:17,762 Average window size: 10  reward: 7.062
2021-01-06 21:57:37,291 update: 92	fps: 39.949	
2021-01-06 21:57:37,291 update: 92	env-time: 8179.877s	pth-time: 1345.669s	frames: 380928
2021-01-06 21:57:37,291 Average window size: 10  reward: 6.833
2021-01-06 21:59:12,840 update: 93	fps: 39.978	
2021-01-06 21:59:12,841 update: 93	env-time: 8259.286s	pth-time: 1361.722s	frames: 385024
2021-01-06 21:59:12,841 Average window size: 10  reward: 6.736
2021-01-06 22:00:58,581 update: 94	fps: 39.965	
2021-01-06 22:00:58,582 update: 94	env-time: 8348.487s	pth-time: 1378.173s	frames: 389120
2021-01-06 22:00:58,582 Average window size: 10  reward: 6.722
2021-01-06 22:02:53,945 update: 95	fps: 39.913	
2021-01-06 22:02:53,946 update: 95	env-time: 8446.606s	pth-time: 1395.327s	frames: 393216
2021-01-06 22:02:53,946 Average window size: 10  reward: 6.986
2021-01-06 22:04:34,819 update: 96	fps: 39.920	
2021-01-06 22:04:34,820 update: 96	env-time: 8529.969s	pth-time: 1412.750s	frames: 397312
2021-01-06 22:04:34,820 Average window size: 10  reward: 6.924
2021-01-06 22:06:54,390 update: 97	fps: 39.773	
2021-01-06 22:06:54,391 update: 97	env-time: 8653.751s	pth-time: 1428.449s	frames: 401408
2021-01-06 22:06:54,391 Average window size: 10  reward: 7.278
2021-01-06 22:08:52,039 update: 98	fps: 39.716	
2021-01-06 22:08:52,039 update: 98	env-time: 8755.531s	pth-time: 1444.227s	frames: 405504
2021-01-06 22:08:52,039 Average window size: 10  reward: 7.549
2021-01-06 22:10:16,752 update: 99	fps: 39.787	
2021-01-06 22:10:16,753 update: 99	env-time: 8826.339s	pth-time: 1458.045s	frames: 409600
2021-01-06 22:10:16,753 Average window size: 10  reward: 7.674
2021-01-06 22:11:50,984 update: 100	fps: 39.821	
2021-01-06 22:11:50,985 update: 100	env-time: 8902.451s	pth-time: 1476.075s	frames: 413696
2021-01-06 22:11:50,985 Average window size: 10  reward: 7.771
2021-01-06 22:13:30,920 update: 101	fps: 39.832	
2021-01-06 22:13:30,920 update: 101	env-time: 8989.604s	pth-time: 1488.611s	frames: 417792
2021-01-06 22:13:30,920 Average window size: 10  reward: 7.764
2021-01-06 22:15:51,760 update: 102	fps: 39.689	
2021-01-06 22:15:51,761 update: 102	env-time: 9119.055s	pth-time: 1499.912s	frames: 421888
2021-01-06 22:15:51,761 Average window size: 10  reward: 8.021
2021-01-06 22:18:19,389 update: 103	fps: 39.526	
2021-01-06 22:18:19,389 update: 103	env-time: 9250.084s	pth-time: 1516.413s	frames: 425984
2021-01-06 22:18:19,389 Average window size: 10  reward: 7.979
2021-01-06 22:20:00,118 update: 104	fps: 39.536	
2021-01-06 22:20:00,119 update: 104	env-time: 9335.568s	pth-time: 1531.569s	frames: 430080
2021-01-06 22:20:00,119 Average window size: 10  reward: 7.701
2021-01-06 22:22:22,417 update: 105	fps: 39.397	
2021-01-06 22:22:22,417 update: 105	env-time: 9464.065s	pth-time: 1545.279s	frames: 434176
2021-01-06 22:22:22,417 Average window size: 10  reward: 8.090
2021-01-06 22:23:53,319 update: 106	fps: 39.444	
2021-01-06 22:23:53,320 update: 106	env-time: 9541.163s	pth-time: 1558.997s	frames: 438272
2021-01-06 22:23:53,320 Average window size: 10  reward: 7.778
2021-01-06 22:25:29,893 update: 107	fps: 39.469	
2021-01-06 22:25:29,893 update: 107	env-time: 9623.444s	pth-time: 1573.201s	frames: 442368
2021-01-06 22:25:29,893 Average window size: 10  reward: 7.590
2021-01-06 22:27:19,115 update: 108	fps: 39.450	
2021-01-06 22:27:19,116 update: 108	env-time: 9720.100s	pth-time: 1585.679s	frames: 446464
2021-01-06 22:27:19,116 Average window size: 10  reward: 7.681
2021-01-06 22:28:49,228 update: 109	fps: 39.498	
2021-01-06 22:28:49,229 update: 109	env-time: 9794.453s	pth-time: 1601.353s	frames: 450560
2021-01-06 22:28:49,229 Average window size: 10  reward: 7.514
2021-01-06 22:30:28,120 update: 110	fps: 39.514	
2021-01-06 22:30:28,121 update: 110	env-time: 9877.881s	pth-time: 1616.729s	frames: 454656
2021-01-06 22:30:28,121 Average window size: 10  reward: 7.514
2021-01-06 22:32:09,785 update: 111	fps: 39.521	
2021-01-06 22:32:09,786 update: 111	env-time: 9966.026s	pth-time: 1630.014s	frames: 458752
2021-01-06 22:32:09,786 Average window size: 10  reward: 7.542
2021-01-06 22:33:50,860 update: 112	fps: 39.530	
2021-01-06 22:33:50,860 update: 112	env-time: 10053.597s	pth-time: 1643.427s	frames: 462848
2021-01-06 22:33:50,861 Average window size: 10  reward: 7.597
2021-01-06 22:35:47,967 update: 113	fps: 39.485	
2021-01-06 22:35:47,968 update: 113	env-time: 10154.160s	pth-time: 1659.878s	frames: 466944
2021-01-06 22:35:47,968 Average window size: 10  reward: 7.611
2021-01-06 22:37:24,324 update: 114	fps: 39.509	
2021-01-06 22:37:24,325 update: 114	env-time: 10235.417s	pth-time: 1674.889s	frames: 471040
2021-01-06 22:37:24,325 Average window size: 10  reward: 7.583
2021-01-06 22:39:08,183 update: 115	fps: 39.509	
2021-01-06 22:39:08,183 update: 115	env-time: 10323.685s	pth-time: 1690.390s	frames: 475136
2021-01-06 22:39:08,184 Average window size: 10  reward: 7.639
2021-01-06 22:40:42,714 update: 116	fps: 39.538	
2021-01-06 22:40:42,715 update: 116	env-time: 10403.785s	pth-time: 1704.736s	frames: 479232
2021-01-06 22:40:42,715 Average window size: 10  reward: 7.472
2021-01-06 22:42:04,658 update: 117	fps: 39.608	
2021-01-06 22:42:04,659 update: 117	env-time: 10472.114s	pth-time: 1718.259s	frames: 483328
2021-01-06 22:42:04,659 Average window size: 10  reward: 7.465
2021-01-06 22:43:54,608 update: 118	fps: 39.587	
2021-01-06 22:43:54,608 update: 118	env-time: 10565.664s	pth-time: 1734.573s	frames: 487424
2021-01-06 22:43:54,608 Average window size: 10  reward: 7.847
2021-01-06 22:45:39,896 update: 119	fps: 39.582	
2021-01-06 22:45:39,897 update: 119	env-time: 10654.511s	pth-time: 1750.915s	frames: 491520
2021-01-06 22:45:39,897 Average window size: 10  reward: 8.125
2021-01-06 22:47:12,624 update: 120	fps: 39.616	
2021-01-06 22:47:12,624 update: 120	env-time: 10733.155s	pth-time: 1764.910s	frames: 495616
2021-01-06 22:47:12,624 Average window size: 10  reward: 8.146
2021-01-06 22:48:51,207 update: 121	fps: 39.631	
2021-01-06 22:48:51,208 update: 121	env-time: 10815.440s	pth-time: 1780.404s	frames: 499712
2021-01-06 22:48:51,208 Average window size: 10  reward: 7.840
2021-01-06 22:50:09,965 update: 122	fps: 39.708	
2021-01-06 22:50:09,966 update: 122	env-time: 10880.575s	pth-time: 1793.939s	frames: 503808
2021-01-06 22:50:09,966 Average window size: 10  reward: 7.819
2021-01-06 22:51:46,073 update: 123	fps: 39.730	
2021-01-06 22:51:46,074 update: 123	env-time: 10962.426s	pth-time: 1808.107s	frames: 507904
2021-01-06 22:51:46,074 Average window size: 10  reward: 7.521
2021-01-06 22:54:30,610 update: 124	fps: 39.541	
2021-01-06 22:54:30,611 update: 124	env-time: 11115.710s	pth-time: 1819.268s	frames: 512000
2021-01-06 22:54:30,611 Average window size: 10  reward: 7.639
2021-01-06 22:56:04,854 update: 125	fps: 39.569	
2021-01-06 22:56:04,855 update: 125	env-time: 11195.572s	pth-time: 1833.551s	frames: 516096
2021-01-06 22:56:04,855 Average window size: 10  reward: 7.708
2021-01-06 22:57:57,955 update: 126	fps: 39.540	
2021-01-06 22:57:57,956 update: 126	env-time: 11294.474s	pth-time: 1847.662s	frames: 520192
2021-01-06 22:57:57,956 Average window size: 10  reward: 7.715
2021-01-06 22:59:58,520 update: 127	fps: 39.490	
2021-01-06 22:59:58,521 update: 127	env-time: 11402.766s	pth-time: 1859.840s	frames: 524288
2021-01-06 22:59:58,521 Average window size: 10  reward: 7.389
2021-01-06 23:01:52,751 update: 128	fps: 39.459	
2021-01-06 23:01:52,751 update: 128	env-time: 11502.562s	pth-time: 1874.186s	frames: 528384
2021-01-06 23:01:52,751 Average window size: 10  reward: 7.111
2021-01-06 23:04:05,696 update: 129	fps: 39.374	
2021-01-06 23:04:05,697 update: 129	env-time: 11618.866s	pth-time: 1890.739s	frames: 532480
2021-01-06 23:04:05,697 Average window size: 10  reward: 6.847
2021-01-06 23:05:44,017 update: 130	fps: 39.390	
2021-01-06 23:05:44,017 update: 130	env-time: 11700.444s	pth-time: 1907.393s	frames: 536576
2021-01-06 23:05:44,017 Average window size: 10  reward: 6.833
2021-01-06 23:07:35,511 update: 131	fps: 39.369	
2021-01-06 23:07:35,511 update: 131	env-time: 11797.915s	pth-time: 1921.174s	frames: 540672
2021-01-06 23:07:35,511 Average window size: 10  reward: 6.701
2021-01-06 23:10:11,858 update: 132	fps: 39.221	
2021-01-06 23:10:11,859 update: 132	env-time: 11940.663s	pth-time: 1934.683s	frames: 544768
2021-01-06 23:10:11,859 Average window size: 10  reward: 7.097
2021-01-06 23:11:47,987 update: 133	fps: 39.244	
2021-01-06 23:11:47,988 update: 133	env-time: 12020.186s	pth-time: 1951.201s	frames: 548864
2021-01-06 23:11:47,988 Average window size: 10  reward: 7.007
2021-01-06 23:13:16,981 update: 134	fps: 39.287	
2021-01-06 23:13:16,982 update: 134	env-time: 12095.289s	pth-time: 1965.005s	frames: 552960
2021-01-06 23:13:16,982 Average window size: 10  reward: 6.889
2021-01-06 23:15:19,739 update: 135	fps: 39.236	
2021-01-06 23:15:19,739 update: 135	env-time: 12200.479s	pth-time: 1982.487s	frames: 557056
2021-01-06 23:15:19,739 Average window size: 10  reward: 6.861
2021-01-06 23:17:50,577 update: 136	fps: 39.109	
2021-01-06 23:17:50,578 update: 136	env-time: 12338.663s	pth-time: 1995.041s	frames: 561152
2021-01-06 23:17:50,578 Average window size: 10  reward: 7.194
2021-01-06 23:20:21,580 update: 137	fps: 38.984	
2021-01-06 23:20:21,581 update: 137	env-time: 12477.524s	pth-time: 2007.098s	frames: 565248
2021-01-06 23:20:21,581 Average window size: 10  reward: 7.472
2021-01-06 23:22:11,390 update: 138	fps: 38.971	
2021-01-06 23:22:11,391 update: 138	env-time: 12572.929s	pth-time: 2021.412s	frames: 569344
2021-01-06 23:22:11,391 Average window size: 10  reward: 7.604
2021-01-06 23:24:17,585 update: 139	fps: 38.915	
2021-01-06 23:24:17,585 update: 139	env-time: 12683.896s	pth-time: 2036.551s	frames: 573440
2021-01-06 23:24:17,585 Average window size: 10  reward: 7.944
2021-01-06 23:26:30,280 update: 140	fps: 38.844	
2021-01-06 23:26:30,280 update: 140	env-time: 12799.463s	pth-time: 2053.589s	frames: 577536
2021-01-06 23:26:30,281 Average window size: 10  reward: 8.118
2021-01-06 23:28:16,686 update: 141	fps: 38.841	
2021-01-06 23:28:16,687 update: 141	env-time: 12890.520s	pth-time: 2068.682s	frames: 581632
2021-01-06 23:28:16,687 Average window size: 10  reward: 7.924
2021-01-06 23:30:04,009 update: 142	fps: 38.836	
2021-01-06 23:30:04,010 update: 142	env-time: 12980.657s	pth-time: 2085.781s	frames: 585728
2021-01-06 23:30:04,010 Average window size: 10  reward: 7.972
2021-01-06 23:31:36,539 update: 143	fps: 38.869	
2021-01-06 23:31:36,539 update: 143	env-time: 13059.195s	pth-time: 2099.682s	frames: 589824
2021-01-06 23:31:36,539 Average window size: 10  reward: 8.062
2021-01-06 23:34:09,948 update: 144	fps: 38.748	
2021-01-06 23:34:09,949 update: 144	env-time: 13196.803s	pth-time: 2115.390s	frames: 593920
2021-01-06 23:34:09,949 Average window size: 10  reward: 7.757
2021-01-06 23:35:55,437 update: 145	fps: 38.748	
2021-01-06 23:35:55,438 update: 145	env-time: 13288.563s	pth-time: 2129.031s	frames: 598016
2021-01-06 23:35:55,438 Average window size: 10  reward: 7.688
2021-01-06 23:38:30,118 update: 146	fps: 38.626	
2021-01-06 23:38:30,119 update: 146	env-time: 13427.836s	pth-time: 2144.346s	frames: 602112
2021-01-06 23:38:30,119 Average window size: 10  reward: 7.667
2021-01-06 23:40:06,675 update: 147	fps: 38.650	
2021-01-06 23:40:06,676 update: 147	env-time: 13511.706s	pth-time: 2156.948s	frames: 606208
2021-01-06 23:40:06,676 Average window size: 10  reward: 7.701
2021-01-06 23:41:43,103 update: 148	fps: 38.673	
2021-01-06 23:41:43,103 update: 148	env-time: 13592.721s	pth-time: 2172.274s	frames: 610304
2021-01-06 23:41:43,103 Average window size: 10  reward: 7.535
2021-01-06 23:43:15,378 update: 149	fps: 38.706	
2021-01-06 23:43:15,379 update: 149	env-time: 13674.355s	pth-time: 2182.829s	frames: 614400
2021-01-06 23:43:15,379 Average window size: 10  reward: 7.688
2021-01-06 23:44:45,922 update: 150	fps: 38.743	
2021-01-06 23:44:45,922 update: 150	env-time: 13749.192s	pth-time: 2198.448s	frames: 618496
2021-01-06 23:44:45,923 Average window size: 10  reward: 7.542
2021-01-06 23:46:57,155 update: 151	fps: 38.682	
2021-01-06 23:46:57,156 update: 151	env-time: 13864.702s	pth-time: 2213.939s	frames: 622592
2021-01-06 23:46:57,156 Average window size: 10  reward: 7.660
2021-01-06 23:48:29,022 update: 152	fps: 38.716	
2021-01-06 23:48:29,022 update: 152	env-time: 13945.587s	pth-time: 2224.834s	frames: 626688
2021-01-06 23:48:29,023 Average window size: 10  reward: 7.764
2021-01-06 23:50:19,264 update: 153	fps: 38.705	
2021-01-06 23:50:19,265 update: 153	env-time: 14037.986s	pth-time: 2242.588s	frames: 630784
2021-01-06 23:50:19,265 Average window size: 10  reward: 7.819
2021-01-06 23:51:51,168 update: 154	fps: 38.738	
2021-01-06 23:51:51,169 update: 154	env-time: 14114.531s	pth-time: 2257.854s	frames: 634880
2021-01-06 23:51:51,169 Average window size: 10  reward: 7.854
2021-01-06 23:53:38,166 update: 155	fps: 38.735	
2021-01-06 23:53:38,167 update: 155	env-time: 14203.659s	pth-time: 2275.634s	frames: 638976
2021-01-06 23:53:38,167 Average window size: 10  reward: 7.500
2021-01-06 23:55:21,315 update: 156	fps: 38.741	
2021-01-06 23:55:21,315 update: 156	env-time: 14289.111s	pth-time: 2293.239s	frames: 643072
2021-01-06 23:55:21,315 Average window size: 10  reward: 7.681
2021-01-06 23:57:39,426 update: 157	fps: 38.666	
2021-01-06 23:57:39,427 update: 157	env-time: 14414.115s	pth-time: 2306.258s	frames: 647168
2021-01-06 23:57:39,427 Average window size: 10  reward: 7.910
2021-01-06 23:59:20,095 update: 158	fps: 38.678	
2021-01-06 23:59:20,095 update: 158	env-time: 14498.310s	pth-time: 2322.641s	frames: 651264
2021-01-06 23:59:20,095 Average window size: 10  reward: 8.146
2021-01-07 00:01:10,065 update: 159	fps: 38.669	
2021-01-07 00:01:10,066 update: 159	env-time: 14592.344s	pth-time: 2338.485s	frames: 655360
2021-01-07 00:01:10,066 Average window size: 10  reward: 8.486
2021-01-07 00:03:26,538 update: 160	fps: 38.600	
2021-01-07 00:03:26,539 update: 160	env-time: 14713.944s	pth-time: 2353.268s	frames: 659456
2021-01-07 00:03:26,539 Average window size: 10  reward: 8.451
2021-01-07 00:05:17,736 update: 161	fps: 38.588	
2021-01-07 00:05:17,737 update: 161	env-time: 14807.845s	pth-time: 2370.330s	frames: 663552
2021-01-07 00:05:17,737 Average window size: 10  reward: 8.542
2021-01-07 00:07:50,463 update: 162	fps: 38.485	
2021-01-07 00:07:50,464 update: 162	env-time: 14946.782s	pth-time: 2384.032s	frames: 667648
2021-01-07 00:07:50,464 Average window size: 10  reward: 8.938
2021-01-07 00:09:28,753 update: 163	fps: 38.503	
2021-01-07 00:09:28,754 update: 163	env-time: 15029.303s	pth-time: 2399.712s	frames: 671744
2021-01-07 00:09:28,754 Average window size: 10  reward: 8.903
2021-01-07 00:10:48,659 update: 164	fps: 38.561	
2021-01-07 00:10:48,660 update: 164	env-time: 15096.671s	pth-time: 2412.162s	frames: 675840
2021-01-07 00:10:48,660 Average window size: 10  reward: 9.104
2021-01-07 00:12:22,568 update: 165	fps: 38.588	
2021-01-07 00:12:22,569 update: 165	env-time: 15174.123s	pth-time: 2428.532s	frames: 679936
2021-01-07 00:12:22,569 Average window size: 10  reward: 8.806
2021-01-07 00:14:41,136 update: 166	fps: 38.517	
2021-01-07 00:14:41,136 update: 166	env-time: 15296.133s	pth-time: 2445.002s	frames: 684032
2021-01-07 00:14:41,136 Average window size: 10  reward: 8.479
2021-01-07 00:16:36,476 update: 167	fps: 38.498	
2021-01-07 00:16:36,476 update: 167	env-time: 15395.647s	pth-time: 2460.734s	frames: 688128
2021-01-07 00:16:36,476 Average window size: 10  reward: 8.090
2021-01-07 00:18:26,824 update: 168	fps: 38.489	
2021-01-07 00:18:26,825 update: 168	env-time: 15493.813s	pth-time: 2472.826s	frames: 692224
2021-01-07 00:18:26,825 Average window size: 10  reward: 8.125
2021-01-07 00:20:34,490 update: 169	fps: 38.444	
2021-01-07 00:20:34,491 update: 169	env-time: 15604.860s	pth-time: 2489.356s	frames: 696320
2021-01-07 00:20:34,491 Average window size: 10  reward: 8.090
2021-01-07 00:22:10,119 update: 170	fps: 38.467	
2021-01-07 00:22:10,120 update: 170	env-time: 15683.294s	pth-time: 2506.456s	frames: 700416
2021-01-07 00:22:10,120 Average window size: 10  reward: 7.917
2021-01-07 00:24:04,595 update: 171	fps: 38.450	
2021-01-07 00:24:04,596 update: 171	env-time: 15780.899s	pth-time: 2523.093s	frames: 704512
2021-01-07 00:24:04,596 Average window size: 10  reward: 7.931
2021-01-07 00:25:54,023 update: 172	fps: 38.444	
2021-01-07 00:25:54,024 update: 172	env-time: 15876.737s	pth-time: 2536.590s	frames: 708608
2021-01-07 00:25:54,024 Average window size: 10  reward: 8.118
2021-01-07 00:27:47,184 update: 173	fps: 38.431	
2021-01-07 00:27:47,185 update: 173	env-time: 15969.094s	pth-time: 2557.305s	frames: 712704
2021-01-07 00:27:47,185 Average window size: 10  reward: 8.000
2021-01-07 00:29:07,980 update: 174	fps: 38.484	
2021-01-07 00:29:07,981 update: 174	env-time: 16037.552s	pth-time: 2569.556s	frames: 716800
2021-01-07 00:29:07,981 Average window size: 10  reward: 8.431
2021-01-07 00:30:32,327 update: 175	fps: 38.529	
2021-01-07 00:30:32,328 update: 175	env-time: 16109.610s	pth-time: 2581.756s	frames: 720896
2021-01-07 00:30:32,328 Average window size: 10  reward: 8.701
2021-01-07 00:32:37,996 update: 176	fps: 38.490	
2021-01-07 00:32:37,996 update: 176	env-time: 16221.029s	pth-time: 2595.918s	frames: 724992
2021-01-07 00:32:37,996 Average window size: 10  reward: 9.000
2021-01-07 00:34:29,577 update: 177	fps: 38.479	
2021-01-07 00:34:29,578 update: 177	env-time: 16318.788s	pth-time: 2609.655s	frames: 729088
2021-01-07 00:34:29,578 Average window size: 10  reward: 8.708
2021-01-07 00:36:11,938 update: 178	fps: 38.488	
2021-01-07 00:36:11,938 update: 178	env-time: 16404.655s	pth-time: 2626.054s	frames: 733184
2021-01-07 00:36:11,939 Average window size: 10  reward: 8.722
2021-01-07 00:37:53,216 update: 179	fps: 38.498	
2021-01-07 00:37:53,217 update: 179	env-time: 16490.247s	pth-time: 2641.644s	frames: 737280
2021-01-07 00:37:53,217 Average window size: 10  reward: 9.160
2021-01-07 00:39:29,371 update: 180	fps: 38.518	
2021-01-07 00:39:29,372 update: 180	env-time: 16572.556s	pth-time: 2655.400s	frames: 741376
2021-01-07 00:39:29,372 Average window size: 10  reward: 9.299
2021-01-07 00:41:06,037 update: 181	fps: 38.538	
2021-01-07 00:41:06,038 update: 181	env-time: 16652.444s	pth-time: 2671.929s	frames: 745472
2021-01-07 00:41:06,038 Average window size: 10  reward: 9.396
2021-01-07 00:42:41,718 update: 182	fps: 38.559	
2021-01-07 00:42:41,719 update: 182	env-time: 16732.320s	pth-time: 2687.647s	frames: 749568
2021-01-07 00:42:41,719 Average window size: 10  reward: 9.833
2021-01-07 00:44:56,229 update: 183	fps: 38.503	
2021-01-07 00:44:56,230 update: 183	env-time: 16849.784s	pth-time: 2704.603s	frames: 753664
2021-01-07 00:44:56,230 Average window size: 10  reward: 9.924
2021-01-07 00:46:53,960 update: 184	fps: 38.481	
2021-01-07 00:46:53,961 update: 184	env-time: 16950.634s	pth-time: 2721.394s	frames: 757760
2021-01-07 00:46:53,961 Average window size: 10  reward: 10.354
2021-01-07 00:48:49,546 update: 185	fps: 38.463	
2021-01-07 00:48:49,547 update: 185	env-time: 17049.933s	pth-time: 2737.591s	frames: 761856
2021-01-07 00:48:49,547 Average window size: 10  reward: 10.438
2021-01-07 00:50:26,170 update: 186	fps: 38.482	
2021-01-07 00:50:26,171 update: 186	env-time: 17128.403s	pth-time: 2755.657s	frames: 765952
2021-01-07 00:50:26,171 Average window size: 10  reward: 10.583
2021-01-07 00:52:12,865 update: 187	fps: 38.482	
2021-01-07 00:52:12,866 update: 187	env-time: 17216.646s	pth-time: 2774.015s	frames: 770048
2021-01-07 00:52:12,866 Average window size: 10  reward: 10.778
2021-01-07 00:54:25,085 update: 188	fps: 38.432	
2021-01-07 00:54:25,086 update: 188	env-time: 17333.745s	pth-time: 2789.047s	frames: 774144
2021-01-07 00:54:25,086 Average window size: 10  reward: 10.576
2021-01-07 00:56:09,837 update: 189	fps: 38.436	
2021-01-07 00:56:09,838 update: 189	env-time: 17427.875s	pth-time: 2799.582s	frames: 778240
2021-01-07 00:56:09,838 Average window size: 10  reward: 10.424
2021-01-07 00:58:22,015 update: 190	fps: 38.387	
2021-01-07 00:58:22,016 update: 190	env-time: 17545.378s	pth-time: 2814.163s	frames: 782336
2021-01-07 00:58:22,016 Average window size: 10  reward: 10.299
2021-01-07 01:00:09,909 update: 191	fps: 38.385	
2021-01-07 01:00:09,909 update: 191	env-time: 17635.807s	pth-time: 2831.391s	frames: 786432
2021-01-07 01:00:09,909 Average window size: 10  reward: 10.188
2021-01-07 01:03:16,456 update: 192	fps: 38.237	
2021-01-07 01:03:16,456 update: 192	env-time: 17808.041s	pth-time: 2845.614s	frames: 790528
2021-01-07 01:03:16,456 Average window size: 10  reward: 10.097
2021-01-07 01:05:16,907 update: 193	fps: 38.212	
2021-01-07 01:05:16,908 update: 193	env-time: 17915.410s	pth-time: 2858.610s	frames: 794624
2021-01-07 01:05:16,908 Average window size: 10  reward: 9.736
2021-01-07 01:07:17,191 update: 194	fps: 38.189	
2021-01-07 01:07:17,192 update: 194	env-time: 18021.678s	pth-time: 2872.534s	frames: 798720
2021-01-07 01:07:17,192 Average window size: 10  reward: 9.792
2021-01-07 01:09:17,056 update: 195	fps: 38.166	
2021-01-07 01:09:17,057 update: 195	env-time: 18124.858s	pth-time: 2889.129s	frames: 802816
2021-01-07 01:09:17,057 Average window size: 10  reward: 10.403
2021-01-07 01:11:13,402 update: 196	fps: 38.149	
2021-01-07 01:11:13,403 update: 196	env-time: 18227.250s	pth-time: 2902.999s	frames: 806912
2021-01-07 01:11:13,403 Average window size: 10  reward: 10.569
2021-01-07 01:14:23,538 update: 197	fps: 38.001	
2021-01-07 01:14:23,538 update: 197	env-time: 18400.353s	pth-time: 2919.945s	frames: 811008
2021-01-07 01:14:23,538 Average window size: 10  reward: 10.403
2021-01-07 01:16:03,513 update: 198	fps: 38.015	
2021-01-07 01:16:03,514 update: 198	env-time: 18485.567s	pth-time: 2934.618s	frames: 815104
2021-01-07 01:16:03,514 Average window size: 10  reward: 10.431
2021-01-07 01:18:27,790 update: 199	fps: 37.951	
2021-01-07 01:18:27,791 update: 199	env-time: 18614.292s	pth-time: 2950.077s	frames: 819200
2021-01-07 01:18:27,791 Average window size: 10  reward: 10.507
2021-01-07 01:20:02,911 update: 200	fps: 37.973	
2021-01-07 01:20:02,912 update: 200	env-time: 18695.294s	pth-time: 2964.107s	frames: 823296
2021-01-07 01:20:02,912 Average window size: 10  reward: 10.681
2021-01-07 01:21:57,000 update: 201	fps: 37.963	
2021-01-07 01:21:57,001 update: 201	env-time: 18794.572s	pth-time: 2978.686s	frames: 827392
2021-01-07 01:21:57,001 Average window size: 10  reward: 10.743
2021-01-07 01:23:39,603 update: 202	fps: 37.972	
2021-01-07 01:23:39,603 update: 202	env-time: 18881.964s	pth-time: 2993.807s	frames: 831488
2021-01-07 01:23:39,604 Average window size: 10  reward: 10.896
2021-01-07 01:25:39,572 update: 203	fps: 37.951	
2021-01-07 01:25:39,573 update: 203	env-time: 18987.303s	pth-time: 3008.347s	frames: 835584
2021-01-07 01:25:39,573 Average window size: 10  reward: 10.854
2021-01-07 01:27:43,058 update: 204	fps: 37.924	
2021-01-07 01:27:43,058 update: 204	env-time: 19096.132s	pth-time: 3022.914s	frames: 839680
2021-01-07 01:27:43,058 Average window size: 10  reward: 10.667
2021-01-07 01:29:37,121 update: 205	fps: 37.914	
2021-01-07 01:29:37,121 update: 205	env-time: 19194.895s	pth-time: 3038.125s	frames: 843776
2021-01-07 01:29:37,121 Average window size: 10  reward: 10.743
2021-01-07 01:31:14,074 update: 206	fps: 37.933	
2021-01-07 01:31:14,074 update: 206	env-time: 19275.743s	pth-time: 3054.140s	frames: 847872
2021-01-07 01:31:14,074 Average window size: 10  reward: 11.111
2021-01-07 01:33:02,760 update: 207	fps: 37.931	
2021-01-07 01:33:02,761 update: 207	env-time: 19368.187s	pth-time: 3070.294s	frames: 851968
2021-01-07 01:33:02,761 Average window size: 10  reward: 10.785
2021-01-07 01:35:16,539 update: 208	fps: 37.888	
2021-01-07 01:35:16,539 update: 208	env-time: 19486.068s	pth-time: 3086.100s	frames: 856064
2021-01-07 01:35:16,539 Average window size: 10  reward: 11.007
2021-01-07 01:37:39,079 update: 209	fps: 37.831	
2021-01-07 01:37:39,079 update: 209	env-time: 19609.587s	pth-time: 3105.033s	frames: 860160
2021-01-07 01:37:39,079 Average window size: 10  reward: 10.972
2021-01-07 01:40:26,707 update: 210	fps: 37.733	
2021-01-07 01:40:26,708 update: 210	env-time: 19762.662s	pth-time: 3119.497s	frames: 864256
2021-01-07 01:40:26,708 Average window size: 10  reward: 10.868
2021-01-07 01:42:31,564 update: 211	fps: 37.706	
2021-01-07 01:42:31,565 update: 211	env-time: 19870.429s	pth-time: 3136.349s	frames: 868352
2021-01-07 01:42:31,565 Average window size: 10  reward: 10.903
2021-01-07 01:44:24,856 update: 212	fps: 37.698	
2021-01-07 01:44:24,857 update: 212	env-time: 19966.821s	pth-time: 3153.153s	frames: 872448
2021-01-07 01:44:24,857 Average window size: 10  reward: 10.701
2021-01-07 01:46:53,344 update: 213	fps: 37.634	
2021-01-07 01:46:53,345 update: 213	env-time: 20101.217s	pth-time: 3167.154s	frames: 876544
2021-01-07 01:46:53,345 Average window size: 10  reward: 10.479
2021-01-07 01:48:59,088 update: 214	fps: 37.607	
2021-01-07 01:48:59,089 update: 214	env-time: 20210.383s	pth-time: 3183.642s	frames: 880640
2021-01-07 01:48:59,089 Average window size: 10  reward: 10.292
2021-01-07 01:50:42,072 update: 215	fps: 37.616	
2021-01-07 01:50:42,072 update: 215	env-time: 20300.077s	pth-time: 3196.844s	frames: 884736
2021-01-07 01:50:42,072 Average window size: 10  reward: 10.368
2021-01-07 01:52:22,815 update: 216	fps: 37.629	
2021-01-07 01:52:22,815 update: 216	env-time: 20384.910s	pth-time: 3212.664s	frames: 888832
2021-01-07 01:52:22,815 Average window size: 10  reward: 10.667
2021-01-07 01:54:30,167 update: 217	fps: 37.600	
2021-01-07 01:54:30,168 update: 217	env-time: 20499.549s	pth-time: 3225.283s	frames: 892928
2021-01-07 01:54:30,168 Average window size: 10  reward: 10.861
2021-01-07 01:56:34,877 update: 218	fps: 37.575	
2021-01-07 01:56:34,878 update: 218	env-time: 20609.984s	pth-time: 3239.470s	frames: 897024
2021-01-07 01:56:34,878 Average window size: 10  reward: 10.812
2021-01-07 01:58:26,588 update: 219	fps: 37.571	
2021-01-07 01:58:26,589 update: 219	env-time: 20705.264s	pth-time: 3255.804s	frames: 901120
2021-01-07 01:58:26,589 Average window size: 10  reward: 11.132
2021-01-07 02:00:40,838 update: 220	fps: 37.532	
2021-01-07 02:00:40,838 update: 220	env-time: 20822.839s	pth-time: 3272.388s	frames: 905216
2021-01-07 02:00:40,838 Average window size: 10  reward: 11.139
2021-01-07 02:03:01,286 update: 221	fps: 37.483	
2021-01-07 02:03:01,287 update: 221	env-time: 20947.140s	pth-time: 3288.301s	frames: 909312
2021-01-07 02:03:01,287 Average window size: 10  reward: 11.264
2021-01-07 02:05:01,212 update: 222	fps: 37.467	
2021-01-07 02:05:01,213 update: 222	env-time: 21047.848s	pth-time: 3307.426s	frames: 913408
2021-01-07 02:05:01,213 Average window size: 10  reward: 11.507
2021-01-07 02:07:39,131 update: 223	fps: 37.393	
2021-01-07 02:07:39,132 update: 223	env-time: 21190.635s	pth-time: 3322.472s	frames: 917504
2021-01-07 02:07:39,132 Average window size: 10  reward: 11.319
2021-01-07 02:09:32,330 update: 224	fps: 37.387	
2021-01-07 02:09:32,331 update: 224	env-time: 21289.783s	pth-time: 3336.433s	frames: 921600
2021-01-07 02:09:32,331 Average window size: 10  reward: 11.215
2021-01-07 02:11:02,148 update: 225	fps: 37.417	
2021-01-07 02:11:02,148 update: 225	env-time: 21369.192s	pth-time: 3346.753s	frames: 925696
2021-01-07 02:11:02,148 Average window size: 10  reward: 11.299
2021-01-07 02:13:10,342 update: 226	fps: 37.389	
2021-01-07 02:13:10,343 update: 226	env-time: 21484.962s	pth-time: 3359.089s	frames: 929792
2021-01-07 02:13:10,343 Average window size: 10  reward: 10.951
2021-01-07 02:15:41,623 update: 227	fps: 37.326	
2021-01-07 02:15:41,624 update: 227	env-time: 21619.399s	pth-time: 3375.843s	frames: 933888
2021-01-07 02:15:41,624 Average window size: 10  reward: 11.347
2021-01-07 02:18:30,656 update: 228	fps: 37.238	
2021-01-07 02:18:30,657 update: 228	env-time: 21771.550s	pth-time: 3392.636s	frames: 937984
2021-01-07 02:18:30,657 Average window size: 10  reward: 11.153
2021-01-07 02:20:20,422 update: 229	fps: 37.239	
2021-01-07 02:20:20,422 update: 229	env-time: 21866.487s	pth-time: 3407.375s	frames: 942080
2021-01-07 02:20:20,422 Average window size: 10  reward: 11.000
2021-01-07 02:22:31,261 update: 230	fps: 37.208	
2021-01-07 02:22:31,262 update: 230	env-time: 21983.323s	pth-time: 3421.284s	frames: 946176
2021-01-07 02:22:31,262 Average window size: 10  reward: 11.201
2021-01-07 02:24:12,556 update: 231	fps: 37.221	
2021-01-07 02:24:12,557 update: 231	env-time: 22069.868s	pth-time: 3435.784s	frames: 950272
2021-01-07 02:24:12,557 Average window size: 10  reward: 10.875
2021-01-07 02:26:33,219 update: 232	fps: 37.177	
2021-01-07 02:26:33,220 update: 232	env-time: 22194.247s	pth-time: 3451.974s	frames: 954368
2021-01-07 02:26:33,220 Average window size: 10  reward: 10.938
2021-01-07 02:28:28,000 update: 233	fps: 37.170	
2021-01-07 02:28:28,001 update: 233	env-time: 22291.470s	pth-time: 3469.428s	frames: 958464
2021-01-07 02:28:28,001 Average window size: 10  reward: 11.083
2021-01-07 02:30:13,392 update: 234	fps: 37.177	
2021-01-07 02:30:13,392 update: 234	env-time: 22382.344s	pth-time: 3483.850s	frames: 962560
2021-01-07 02:30:13,392 Average window size: 10  reward: 11.083
2021-01-07 02:32:41,497 update: 235	fps: 37.123	
2021-01-07 02:32:41,498 update: 235	env-time: 22513.669s	pth-time: 3500.536s	frames: 966656
2021-01-07 02:32:41,498 Average window size: 10  reward: 11.417
2021-01-07 02:34:27,966 update: 236	fps: 37.128	
2021-01-07 02:34:27,966 update: 236	env-time: 22600.177s	pth-time: 3520.395s	frames: 970752
2021-01-07 02:34:27,966 Average window size: 10  reward: 10.757
2021-01-07 02:36:08,847 update: 237	fps: 37.142	
2021-01-07 02:36:08,848 update: 237	env-time: 22687.226s	pth-time: 3534.135s	frames: 974848
2021-01-07 02:36:08,848 Average window size: 10  reward: 10.646
2021-01-07 02:38:30,886 update: 238	fps: 37.097	
2021-01-07 02:38:30,887 update: 238	env-time: 22818.749s	pth-time: 3544.556s	frames: 978944
2021-01-07 02:38:30,887 Average window size: 10  reward: 11.104
2021-01-07 02:41:25,132 update: 239	fps: 37.008	
2021-01-07 02:41:25,132 update: 239	env-time: 22978.027s	pth-time: 3559.418s	frames: 983040
2021-01-07 02:41:25,133 Average window size: 10  reward: 10.854
2021-01-07 02:43:33,111 update: 240	fps: 36.984	
2021-01-07 02:43:33,111 update: 240	env-time: 23089.329s	pth-time: 3575.999s	frames: 987136
2021-01-07 02:43:33,111 Average window size: 10  reward: 11.125
2021-01-07 02:45:18,909 update: 241	fps: 36.991	
2021-01-07 02:45:18,909 update: 241	env-time: 23181.451s	pth-time: 3588.885s	frames: 991232
2021-01-07 02:45:18,909 Average window size: 10  reward: 10.951
2021-01-07 02:47:22,123 update: 242	fps: 36.973	
2021-01-07 02:47:22,123 update: 242	env-time: 23286.262s	pth-time: 3607.194s	frames: 995328
2021-01-07 02:47:22,123 Average window size: 10  reward: 10.722
2021-01-07 02:50:11,054 update: 243	fps: 36.894	
2021-01-07 02:50:11,055 update: 243	env-time: 23436.011s	pth-time: 3626.283s	frames: 999424
2021-01-07 02:50:11,055 Average window size: 10  reward: 11.076
2021-01-07 13:18:08,200 interaction_exploration/cv/intexp//run0/ckpt.24.pth
2021-01-07 13:18:08,201 num_steps: 1024
2021-01-07 13:53:58,696 Average episode reward: 18.9250
