2021-01-06 19:18:33,616 agent number of parameters: 3411213
2021-01-06 19:21:11,126 update: 1	fps: 54.918	
2021-01-06 19:21:11,127 update: 1	env-time: 117.217s	pth-time: 31.571s	frames: 8192
2021-01-06 19:21:11,127 Average window size: 2  reward: 3.312
2021-01-06 19:22:22,350 update: 2	fps: 55.756	
2021-01-06 19:22:22,350 update: 2	env-time: 167.353s	pth-time: 52.569s	frames: 12288
2021-01-06 19:22:22,351 Average window size: 3  reward: 2.375
2021-01-06 19:23:37,390 update: 3	fps: 55.458	
2021-01-06 19:23:37,391 update: 3	env-time: 223.668s	pth-time: 71.211s	frames: 16384
2021-01-06 19:23:37,391 Average window size: 4  reward: 2.708
2021-01-06 19:24:45,742 update: 4	fps: 56.297	
2021-01-06 19:24:45,743 update: 4	env-time: 273.020s	pth-time: 90.119s	frames: 20480
2021-01-06 19:24:45,743 Average window size: 5  reward: 2.219
2021-01-06 19:25:53,102 update: 5	fps: 57.002	
2021-01-06 19:25:53,103 update: 5	env-time: 322.792s	pth-time: 107.625s	frames: 24576
2021-01-06 19:25:53,103 Average window size: 6  reward: 2.112
2021-01-06 19:27:08,046 update: 6	fps: 56.654	
2021-01-06 19:27:08,047 update: 6	env-time: 378.690s	pth-time: 126.573s	frames: 28672
2021-01-06 19:27:08,047 Average window size: 7  reward: 2.167
2021-01-06 19:28:30,872 update: 7	fps: 55.642	
2021-01-06 19:28:30,872 update: 7	env-time: 441.430s	pth-time: 146.574s	frames: 32768
2021-01-06 19:28:30,872 Average window size: 8  reward: 2.357
2021-01-06 19:29:55,297 update: 8	fps: 54.748	
2021-01-06 19:29:55,297 update: 8	env-time: 505.484s	pth-time: 166.858s	frames: 36864
2021-01-06 19:29:55,297 Average window size: 9  reward: 2.531
2021-01-06 19:31:24,153 update: 9	fps: 53.740	
2021-01-06 19:31:24,154 update: 9	env-time: 577.399s	pth-time: 183.718s	frames: 40960
2021-01-06 19:31:24,154 Average window size: 10  reward: 2.521
2021-01-06 19:32:33,957 update: 10	fps: 54.154	
2021-01-06 19:32:33,958 update: 10	env-time: 631.112s	pth-time: 199.724s	frames: 45056
2021-01-06 19:32:33,958 Average window size: 10  reward: 2.389
2021-01-06 19:34:14,446 update: 11	fps: 52.711	
2021-01-06 19:34:14,446 update: 11	env-time: 711.555s	pth-time: 219.534s	frames: 49152
2021-01-06 19:34:14,446 Average window size: 10  reward: 2.611
2021-01-06 19:35:46,906 update: 12	fps: 51.952	
2021-01-06 19:35:46,906 update: 12	env-time: 789.459s	pth-time: 234.007s	frames: 53248
2021-01-06 19:35:46,906 Average window size: 10  reward: 2.556
2021-01-06 19:37:25,228 update: 13	fps: 51.051	
2021-01-06 19:37:25,229 update: 13	env-time: 868.353s	pth-time: 253.351s	frames: 57344
2021-01-06 19:37:25,229 Average window size: 10  reward: 3.014
2021-01-06 19:39:01,998 update: 14	fps: 50.359	
2021-01-06 19:39:01,999 update: 14	env-time: 946.769s	pth-time: 271.618s	frames: 61440
2021-01-06 19:39:01,999 Average window size: 10  reward: 3.431
2021-01-06 19:41:05,812 update: 15	fps: 48.767	
2021-01-06 19:41:05,812 update: 15	env-time: 1053.833s	pth-time: 288.274s	frames: 65536
2021-01-06 19:41:05,813 Average window size: 10  reward: 3.556
2021-01-06 19:42:32,934 update: 16	fps: 48.661	
2021-01-06 19:42:32,935 update: 16	env-time: 1127.486s	pth-time: 301.657s	frames: 69632
2021-01-06 19:42:32,935 Average window size: 10  reward: 3.507
2021-01-06 19:44:04,173 update: 17	fps: 48.435	
2021-01-06 19:44:04,174 update: 17	env-time: 1202.186s	pth-time: 318.109s	frames: 73728
2021-01-06 19:44:04,174 Average window size: 10  reward: 3.604
2021-01-06 19:45:30,823 update: 18	fps: 48.372	
2021-01-06 19:45:30,823 update: 18	env-time: 1273.454s	pth-time: 333.406s	frames: 77824
2021-01-06 19:45:30,823 Average window size: 10  reward: 3.931
2021-01-06 19:46:59,651 update: 19	fps: 48.254	
2021-01-06 19:46:59,652 update: 19	env-time: 1346.700s	pth-time: 348.898s	frames: 81920
2021-01-06 19:46:59,652 Average window size: 10  reward: 4.257
2021-01-06 19:48:26,533 update: 20	fps: 48.200	
2021-01-06 19:48:26,534 update: 20	env-time: 1419.572s	pth-time: 362.816s	frames: 86016
2021-01-06 19:48:26,534 Average window size: 10  reward: 4.424
2021-01-06 19:50:01,492 update: 21	fps: 47.944	
2021-01-06 19:50:01,492 update: 21	env-time: 1500.847s	pth-time: 376.263s	frames: 90112
2021-01-06 19:50:01,492 Average window size: 10  reward: 4.660
2021-01-06 19:51:55,514 update: 22	fps: 47.256	
2021-01-06 19:51:55,515 update: 22	env-time: 1602.593s	pth-time: 388.454s	frames: 94208
2021-01-06 19:51:55,515 Average window size: 10  reward: 4.583
2021-01-06 19:53:33,050 update: 23	fps: 47.011	
2021-01-06 19:53:33,050 update: 23	env-time: 1687.116s	pth-time: 401.380s	frames: 98304
2021-01-06 19:53:33,050 Average window size: 10  reward: 4.431
2021-01-06 19:55:06,482 update: 24	fps: 46.875	
2021-01-06 19:55:06,483 update: 24	env-time: 1764.744s	pth-time: 417.092s	frames: 102400
2021-01-06 19:55:06,483 Average window size: 10  reward: 4.708
2021-01-06 19:56:34,545 update: 25	fps: 46.861	
2021-01-06 19:56:34,545 update: 25	env-time: 1838.279s	pth-time: 431.532s	frames: 106496
2021-01-06 19:56:34,546 Average window size: 10  reward: 4.938
2021-01-06 19:58:39,598 update: 26	fps: 46.125	
2021-01-06 19:58:39,598 update: 26	env-time: 1948.669s	pth-time: 446.112s	frames: 110592
2021-01-06 19:58:39,599 Average window size: 10  reward: 4.986
2021-01-06 20:01:00,307 update: 27	fps: 45.182	
2021-01-06 20:01:00,308 update: 27	env-time: 2073.478s	pth-time: 461.926s	frames: 114688
2021-01-06 20:01:00,308 Average window size: 10  reward: 4.979
2021-01-06 20:02:32,882 update: 28	fps: 45.149	
2021-01-06 20:02:32,883 update: 28	env-time: 2152.394s	pth-time: 475.498s	frames: 118784
2021-01-06 20:02:32,883 Average window size: 10  reward: 4.958
2021-01-06 20:03:58,921 update: 29	fps: 45.227	
2021-01-06 20:03:58,921 update: 29	env-time: 2222.159s	pth-time: 491.683s	frames: 122880
2021-01-06 20:03:58,921 Average window size: 10  reward: 4.951
2021-01-06 20:05:37,302 update: 30	fps: 45.101	
2021-01-06 20:05:37,302 update: 30	env-time: 2304.946s	pth-time: 507.190s	frames: 126976
2021-01-06 20:05:37,302 Average window size: 10  reward: 5.257
2021-01-06 20:07:34,028 update: 31	fps: 44.703	
2021-01-06 20:07:34,029 update: 31	env-time: 2404.797s	pth-time: 523.829s	frames: 131072
2021-01-06 20:07:34,030 Average window size: 10  reward: 5.472
2021-01-06 20:10:15,640 update: 32	fps: 43.692	
2021-01-06 20:10:15,641 update: 32	env-time: 2551.081s	pth-time: 539.069s	frames: 135168
2021-01-06 20:10:15,641 Average window size: 10  reward: 5.660
2021-01-06 20:14:27,782 update: 33	fps: 41.623	
2021-01-06 20:14:27,782 update: 33	env-time: 2787.048s	pth-time: 555.156s	frames: 139264
2021-01-06 20:14:27,782 Average window size: 10  reward: 5.840
2021-01-06 20:16:34,364 update: 34	fps: 41.286	
2021-01-06 20:16:34,364 update: 34	env-time: 2897.760s	pth-time: 570.941s	frames: 143360
2021-01-06 20:16:34,364 Average window size: 10  reward: 6.028
2021-01-06 20:18:09,502 update: 35	fps: 41.333	
2021-01-06 20:18:09,503 update: 35	env-time: 2978.776s	pth-time: 584.966s	frames: 147456
2021-01-06 20:18:09,503 Average window size: 10  reward: 6.056
2021-01-06 20:19:52,237 update: 36	fps: 41.292	
2021-01-06 20:19:52,237 update: 36	env-time: 3065.620s	pth-time: 600.769s	frames: 151552
2021-01-06 20:19:52,237 Average window size: 10  reward: 6.083
2021-01-06 20:21:09,269 update: 37	fps: 41.536	
2021-01-06 20:21:09,270 update: 37	env-time: 3131.445s	pth-time: 611.891s	frames: 155648
2021-01-06 20:21:09,270 Average window size: 10  reward: 6.146
2021-01-06 20:23:03,752 update: 38	fps: 41.365	
2021-01-06 20:23:03,752 update: 38	env-time: 3231.110s	pth-time: 626.617s	frames: 159744
2021-01-06 20:23:03,753 Average window size: 10  reward: 6.090
2021-01-06 20:25:25,973 update: 39	fps: 40.919	
2021-01-06 20:25:25,974 update: 39	env-time: 3360.208s	pth-time: 639.654s	frames: 163840
2021-01-06 20:25:25,974 Average window size: 10  reward: 6.049
2021-01-06 20:29:50,993 update: 40	fps: 39.338	
2021-01-06 20:29:50,993 update: 40	env-time: 3609.504s	pth-time: 655.289s	frames: 167936
2021-01-06 20:29:50,993 Average window size: 10  reward: 5.931
2021-01-06 20:32:05,293 update: 41	fps: 39.069	
2021-01-06 20:32:05,294 update: 41	env-time: 3729.264s	pth-time: 669.590s	frames: 172032
2021-01-06 20:32:05,294 Average window size: 10  reward: 6.035
2021-01-06 20:34:01,461 update: 42	fps: 38.971	
2021-01-06 20:34:01,462 update: 42	env-time: 3830.112s	pth-time: 684.818s	frames: 176128
2021-01-06 20:34:01,462 Average window size: 10  reward: 5.750
2021-01-06 20:35:34,148 update: 43	fps: 39.076	
2021-01-06 20:35:34,148 update: 43	env-time: 3909.392s	pth-time: 698.140s	frames: 180224
2021-01-06 20:35:34,149 Average window size: 10  reward: 5.569
2021-01-06 20:37:14,780 update: 44	fps: 39.110	
2021-01-06 20:37:14,781 update: 44	env-time: 3995.553s	pth-time: 712.525s	frames: 184320
2021-01-06 20:37:14,781 Average window size: 10  reward: 5.625
2021-01-06 20:38:43,641 update: 45	fps: 39.240	
2021-01-06 20:38:43,641 update: 45	env-time: 4069.675s	pth-time: 727.179s	frames: 188416
2021-01-06 20:38:43,641 Average window size: 10  reward: 5.646
2021-01-06 20:40:59,428 update: 46	fps: 38.990	
2021-01-06 20:40:59,429 update: 46	env-time: 4190.102s	pth-time: 742.452s	frames: 192512
2021-01-06 20:40:59,429 Average window size: 10  reward: 5.764
2021-01-06 20:42:31,766 update: 47	fps: 39.089	
2021-01-06 20:42:31,767 update: 47	env-time: 4263.284s	pth-time: 761.518s	frames: 196608
2021-01-06 20:42:31,767 Average window size: 10  reward: 6.153
2021-01-06 20:43:53,888 update: 48	fps: 39.262	
2021-01-06 20:43:53,888 update: 48	env-time: 4330.115s	pth-time: 776.719s	frames: 200704
2021-01-06 20:43:53,888 Average window size: 10  reward: 6.000
2021-01-06 20:46:19,819 update: 49	fps: 38.951	
2021-01-06 20:46:19,820 update: 49	env-time: 4463.380s	pth-time: 789.300s	frames: 204800
2021-01-06 20:46:19,820 Average window size: 10  reward: 5.958
2021-01-06 20:48:32,401 update: 50	fps: 38.753	
2021-01-06 20:48:32,402 update: 50	env-time: 4582.918s	pth-time: 802.257s	frames: 208896
2021-01-06 20:48:32,402 Average window size: 10  reward: 5.979
2021-01-06 20:50:26,209 update: 51	fps: 38.696	
2021-01-06 20:50:26,210 update: 51	env-time: 4683.194s	pth-time: 815.557s	frames: 212992
2021-01-06 20:50:26,210 Average window size: 10  reward: 6.118
2021-01-06 20:52:14,017 update: 52	fps: 38.682	
2021-01-06 20:52:14,018 update: 52	env-time: 4779.614s	pth-time: 826.858s	frames: 217088
2021-01-06 20:52:14,018 Average window size: 10  reward: 6.194
2021-01-06 20:54:39,804 update: 53	fps: 38.414	
2021-01-06 20:54:39,805 update: 53	env-time: 4913.516s	pth-time: 838.654s	frames: 221184
2021-01-06 20:54:39,805 Average window size: 10  reward: 6.118
2021-01-06 20:57:00,434 update: 54	fps: 38.193	
2021-01-06 20:57:00,435 update: 54	env-time: 5038.567s	pth-time: 854.148s	frames: 225280
2021-01-06 20:57:00,435 Average window size: 10  reward: 6.049
2021-01-06 20:58:42,042 update: 55	fps: 38.229	
2021-01-06 20:58:42,043 update: 55	env-time: 5127.439s	pth-time: 866.795s	frames: 229376
2021-01-06 20:58:42,043 Average window size: 10  reward: 6.132
2021-01-06 21:00:41,595 update: 56	fps: 38.151	
2021-01-06 21:00:41,595 update: 56	env-time: 5232.519s	pth-time: 881.178s	frames: 233472
2021-01-06 21:00:41,596 Average window size: 10  reward: 5.944
2021-01-06 21:02:25,682 update: 57	fps: 38.171	
2021-01-06 21:02:25,682 update: 57	env-time: 5321.059s	pth-time: 896.635s	frames: 237568
2021-01-06 21:02:25,682 Average window size: 10  reward: 6.000
2021-01-06 21:05:14,481 update: 58	fps: 37.804	
2021-01-06 21:05:14,482 update: 58	env-time: 5473.885s	pth-time: 912.521s	frames: 241664
2021-01-06 21:05:14,482 Average window size: 10  reward: 6.354
2021-01-06 21:07:24,975 update: 59	fps: 37.676	
2021-01-06 21:07:24,976 update: 59	env-time: 5585.788s	pth-time: 931.027s	frames: 245760
2021-01-06 21:07:24,976 Average window size: 10  reward: 6.354
2021-01-06 21:09:04,974 update: 60	fps: 37.725	
2021-01-06 21:09:04,974 update: 60	env-time: 5672.942s	pth-time: 943.787s	frames: 249856
2021-01-06 21:09:04,974 Average window size: 10  reward: 6.562
2021-01-06 21:11:56,243 update: 61	fps: 37.377	
2021-01-06 21:11:56,244 update: 61	env-time: 5825.013s	pth-time: 962.731s	frames: 253952
2021-01-06 21:11:56,244 Average window size: 10  reward: 6.639
2021-01-06 21:13:47,747 update: 62	fps: 37.367	
2021-01-06 21:13:47,747 update: 62	env-time: 5922.805s	pth-time: 976.356s	frames: 258048
2021-01-06 21:13:47,747 Average window size: 10  reward: 6.701
2021-01-06 21:15:25,032 update: 63	fps: 37.433	
2021-01-06 21:15:25,033 update: 63	env-time: 6004.882s	pth-time: 991.476s	frames: 262144
2021-01-06 21:15:25,033 Average window size: 10  reward: 6.757
2021-01-06 21:17:19,229 update: 64	fps: 37.408	
2021-01-06 21:17:19,230 update: 64	env-time: 6104.259s	pth-time: 1006.205s	frames: 266240
2021-01-06 21:17:19,230 Average window size: 10  reward: 6.840
2021-01-06 21:19:43,068 update: 65	fps: 37.231	
2021-01-06 21:19:43,069 update: 65	env-time: 6235.207s	pth-time: 1019.010s	frames: 270336
2021-01-06 21:19:43,069 Average window size: 10  reward: 7.000
2021-01-06 21:21:39,009 update: 66	fps: 37.201	
2021-01-06 21:21:39,010 update: 66	env-time: 6334.257s	pth-time: 1035.813s	frames: 274432
2021-01-06 21:21:39,010 Average window size: 10  reward: 7.076
2021-01-06 21:23:42,331 update: 67	fps: 37.135	
2021-01-06 21:23:42,331 update: 67	env-time: 6441.334s	pth-time: 1051.972s	frames: 278528
2021-01-06 21:23:42,331 Average window size: 10  reward: 6.826
2021-01-06 21:25:28,920 update: 68	fps: 37.153	
2021-01-06 21:25:28,921 update: 68	env-time: 6530.944s	pth-time: 1068.859s	frames: 282624
2021-01-06 21:25:28,921 Average window size: 10  reward: 6.826
2021-01-06 21:27:58,177 update: 69	fps: 36.966	
2021-01-06 21:27:58,178 update: 69	env-time: 6666.624s	pth-time: 1082.349s	frames: 286720
2021-01-06 21:27:58,178 Average window size: 10  reward: 6.722
2021-01-06 21:29:30,925 update: 70	fps: 37.052	
2021-01-06 21:29:30,926 update: 70	env-time: 6742.749s	pth-time: 1098.883s	frames: 290816
2021-01-06 21:29:30,926 Average window size: 10  reward: 6.611
2021-01-06 21:31:16,341 update: 71	fps: 37.075	
2021-01-06 21:31:16,342 update: 71	env-time: 6835.446s	pth-time: 1111.365s	frames: 294912
2021-01-06 21:31:16,342 Average window size: 10  reward: 6.708
2021-01-06 21:33:51,445 update: 72	fps: 36.871	
2021-01-06 21:33:51,446 update: 72	env-time: 6974.042s	pth-time: 1127.781s	frames: 299008
2021-01-06 21:33:51,446 Average window size: 10  reward: 6.722
2021-01-06 21:36:37,999 update: 73	fps: 36.624	
2021-01-06 21:36:38,000 update: 73	env-time: 7129.031s	pth-time: 1139.258s	frames: 303104
2021-01-06 21:36:38,000 Average window size: 10  reward: 6.660
2021-01-06 21:39:38,641 update: 74	fps: 36.326	
2021-01-06 21:39:38,642 update: 74	env-time: 7293.698s	pth-time: 1155.145s	frames: 307200
2021-01-06 21:39:38,642 Average window size: 10  reward: 6.347
2021-01-06 21:41:13,861 update: 75	fps: 36.401	
2021-01-06 21:41:13,862 update: 75	env-time: 7373.566s	pth-time: 1170.407s	frames: 311296
2021-01-06 21:41:13,862 Average window size: 10  reward: 6.340
2021-01-06 21:43:10,308 update: 76	fps: 36.384	
2021-01-06 21:43:10,309 update: 76	env-time: 7475.256s	pth-time: 1185.074s	frames: 315392
2021-01-06 21:43:10,309 Average window size: 10  reward: 6.278
2021-01-06 21:45:32,419 update: 77	fps: 36.262	
2021-01-06 21:45:32,420 update: 77	env-time: 7603.259s	pth-time: 1199.091s	frames: 319488
2021-01-06 21:45:32,420 Average window size: 10  reward: 6.431
2021-01-06 21:47:08,405 update: 78	fps: 36.331	
2021-01-06 21:47:08,406 update: 78	env-time: 7684.999s	pth-time: 1213.248s	frames: 323584
2021-01-06 21:47:08,406 Average window size: 10  reward: 6.424
2021-01-06 21:48:38,556 update: 79	fps: 36.423	
2021-01-06 21:48:38,557 update: 79	env-time: 7758.317s	pth-time: 1229.995s	frames: 327680
2021-01-06 21:48:38,557 Average window size: 10  reward: 6.194
2021-01-06 21:50:21,077 update: 80	fps: 36.462	
2021-01-06 21:50:21,078 update: 80	env-time: 7844.287s	pth-time: 1246.456s	frames: 331776
2021-01-06 21:50:21,078 Average window size: 10  reward: 6.125
2021-01-06 21:52:16,900 update: 81	fps: 36.449	
2021-01-06 21:52:16,901 update: 81	env-time: 7943.190s	pth-time: 1263.142s	frames: 335872
2021-01-06 21:52:16,901 Average window size: 10  reward: 6.285
2021-01-06 21:54:07,325 update: 82	fps: 36.456	
2021-01-06 21:54:07,325 update: 82	env-time: 8037.974s	pth-time: 1278.684s	frames: 339968
2021-01-06 21:54:07,325 Average window size: 10  reward: 6.125
2021-01-06 21:56:19,675 update: 83	fps: 36.379	
2021-01-06 21:56:19,676 update: 83	env-time: 8156.079s	pth-time: 1292.839s	frames: 344064
2021-01-06 21:56:19,676 Average window size: 10  reward: 6.326
2021-01-06 21:58:32,246 update: 84	fps: 36.303	
2021-01-06 21:58:32,246 update: 84	env-time: 8272.253s	pth-time: 1309.147s	frames: 348160
2021-01-06 21:58:32,246 Average window size: 10  reward: 6.257
2021-01-06 22:00:26,350 update: 85	fps: 36.299	
2021-01-06 22:00:26,350 update: 85	env-time: 8370.237s	pth-time: 1325.181s	frames: 352256
2021-01-06 22:00:26,350 Average window size: 10  reward: 6.528
2021-01-06 22:02:39,223 update: 86	fps: 36.225	
2021-01-06 22:02:39,224 update: 86	env-time: 8487.248s	pth-time: 1340.955s	frames: 356352
2021-01-06 22:02:39,224 Average window size: 10  reward: 6.618
2021-01-06 22:04:23,884 update: 87	fps: 36.255	
2021-01-06 22:04:23,885 update: 87	env-time: 8577.709s	pth-time: 1355.066s	frames: 360448
2021-01-06 22:04:23,885 Average window size: 10  reward: 6.722
2021-01-06 22:06:13,221 update: 88	fps: 36.268	
2021-01-06 22:06:13,222 update: 88	env-time: 8668.801s	pth-time: 1373.217s	frames: 364544
2021-01-06 22:06:13,222 Average window size: 10  reward: 7.083
2021-01-06 22:08:21,840 update: 89	fps: 36.213	
2021-01-06 22:08:21,841 update: 89	env-time: 8783.836s	pth-time: 1386.712s	frames: 368640
2021-01-06 22:08:21,841 Average window size: 10  reward: 7.146
2021-01-06 22:11:01,164 update: 90	fps: 36.051	
2021-01-06 22:11:01,165 update: 90	env-time: 8922.768s	pth-time: 1407.015s	frames: 372736
2021-01-06 22:11:01,165 Average window size: 10  reward: 7.194
2021-01-06 22:13:04,879 update: 91	fps: 36.016	
2021-01-06 22:13:04,879 update: 91	env-time: 9030.150s	pth-time: 1422.930s	frames: 376832
2021-01-06 22:13:04,879 Average window size: 10  reward: 7.222
2021-01-06 22:14:45,678 update: 92	fps: 36.060	
2021-01-06 22:14:45,678 update: 92	env-time: 9120.678s	pth-time: 1433.116s	frames: 380928
2021-01-06 22:14:45,678 Average window size: 10  reward: 7.271
2021-01-06 22:16:40,629 update: 93	fps: 36.055	
2021-01-06 22:16:40,629 update: 93	env-time: 9223.263s	pth-time: 1445.393s	frames: 385024
2021-01-06 22:16:40,630 Average window size: 10  reward: 7.646
2021-01-06 22:18:34,696 update: 94	fps: 36.054	
2021-01-06 22:18:34,697 update: 94	env-time: 9323.520s	pth-time: 1459.118s	frames: 389120
2021-01-06 22:18:34,697 Average window size: 10  reward: 7.514
2021-01-06 22:20:13,340 update: 95	fps: 36.103	
2021-01-06 22:20:13,340 update: 95	env-time: 9407.237s	pth-time: 1473.961s	frames: 393216
2021-01-06 22:20:13,340 Average window size: 10  reward: 7.076
2021-01-06 22:22:10,288 update: 96	fps: 36.092	
2021-01-06 22:22:10,289 update: 96	env-time: 9510.999s	pth-time: 1487.058s	frames: 397312
2021-01-06 22:22:10,289 Average window size: 10  reward: 7.062
2021-01-06 22:25:20,869 update: 97	fps: 35.843	
2021-01-06 22:25:20,870 update: 97	env-time: 9686.802s	pth-time: 1501.742s	frames: 401408
2021-01-06 22:25:20,870 Average window size: 10  reward: 7.090
2021-01-06 22:27:44,361 update: 98	fps: 35.751	
2021-01-06 22:27:44,362 update: 98	env-time: 9815.366s	pth-time: 1516.577s	frames: 405504
2021-01-06 22:27:44,362 Average window size: 10  reward: 7.174
2021-01-06 22:29:18,676 update: 99	fps: 35.814	
2021-01-06 22:29:18,677 update: 99	env-time: 9893.690s	pth-time: 1532.480s	frames: 409600
2021-01-06 22:29:18,677 Average window size: 10  reward: 6.924
2021-01-06 22:30:53,144 update: 100	fps: 35.876	
2021-01-06 22:30:53,145 update: 100	env-time: 9972.570s	pth-time: 1547.981s	frames: 413696
2021-01-06 22:30:53,145 Average window size: 10  reward: 6.924
2021-01-06 22:32:53,741 update: 101	fps: 35.856	
2021-01-06 22:32:53,741 update: 101	env-time: 10077.099s	pth-time: 1563.800s	frames: 417792
2021-01-06 22:32:53,741 Average window size: 10  reward: 6.708
2021-01-06 22:34:30,423 update: 102	fps: 35.910	
2021-01-06 22:34:30,424 update: 102	env-time: 10158.915s	pth-time: 1578.579s	frames: 421888
2021-01-06 22:34:30,424 Average window size: 10  reward: 6.139
2021-01-06 22:36:20,989 update: 103	fps: 35.921	
2021-01-06 22:36:20,990 update: 103	env-time: 10250.205s	pth-time: 1597.767s	frames: 425984
2021-01-06 22:36:20,990 Average window size: 10  reward: 6.153
2021-01-06 22:38:40,165 update: 104	fps: 35.845	
2021-01-06 22:38:40,166 update: 104	env-time: 10375.315s	pth-time: 1611.744s	frames: 430080
2021-01-06 22:38:40,166 Average window size: 10  reward: 6.472
2021-01-06 22:41:14,091 update: 105	fps: 35.728	
2021-01-06 22:41:14,092 update: 105	env-time: 10512.929s	pth-time: 1627.970s	frames: 434176
2021-01-06 22:41:14,092 Average window size: 10  reward: 6.667
2021-01-06 22:42:53,726 update: 106	fps: 35.772	
2021-01-06 22:42:53,727 update: 106	env-time: 10596.225s	pth-time: 1644.221s	frames: 438272
2021-01-06 22:42:53,727 Average window size: 10  reward: 6.569
2021-01-06 22:44:21,583 update: 107	fps: 35.849	
2021-01-06 22:44:21,584 update: 107	env-time: 10670.729s	pth-time: 1657.486s	frames: 442368
2021-01-06 22:44:21,584 Average window size: 10  reward: 6.479
2021-01-06 22:46:42,278 update: 108	fps: 35.773	
2021-01-06 22:46:42,278 update: 108	env-time: 10793.840s	pth-time: 1674.981s	frames: 446464
2021-01-06 22:46:42,278 Average window size: 10  reward: 6.924
2021-01-06 22:48:25,116 update: 109	fps: 35.807	
2021-01-06 22:48:25,117 update: 109	env-time: 10880.346s	pth-time: 1691.224s	frames: 450560
2021-01-06 22:48:25,117 Average window size: 10  reward: 6.931
2021-01-06 22:50:08,298 update: 110	fps: 35.838	
2021-01-06 22:50:08,299 update: 110	env-time: 10968.897s	pth-time: 1705.770s	frames: 454656
2021-01-06 22:50:08,299 Average window size: 10  reward: 7.174
2021-01-06 22:52:55,421 update: 111	fps: 35.691	
2021-01-06 22:52:55,422 update: 111	env-time: 11121.803s	pth-time: 1719.750s	frames: 458752
2021-01-06 22:52:55,422 Average window size: 10  reward: 7.833
2021-01-06 22:55:13,884 update: 112	fps: 35.626	
2021-01-06 22:55:13,884 update: 112	env-time: 11245.076s	pth-time: 1734.852s	frames: 462848
2021-01-06 22:55:13,885 Average window size: 10  reward: 7.854
2021-01-06 22:56:51,438 update: 113	fps: 35.673	
2021-01-06 22:56:51,439 update: 113	env-time: 11325.467s	pth-time: 1751.929s	frames: 466944
2021-01-06 22:56:51,439 Average window size: 10  reward: 7.840
2021-01-06 22:58:28,875 update: 114	fps: 35.720	
2021-01-06 22:58:28,876 update: 114	env-time: 11411.736s	pth-time: 1763.009s	frames: 471040
2021-01-06 22:58:28,876 Average window size: 10  reward: 7.750
2021-01-06 23:00:31,012 update: 115	fps: 35.700	
2021-01-06 23:00:31,013 update: 115	env-time: 11518.302s	pth-time: 1778.493s	frames: 475136
2021-01-06 23:00:31,013 Average window size: 10  reward: 8.021
2021-01-06 23:02:02,213 update: 116	fps: 35.763	
2021-01-06 23:02:02,214 update: 116	env-time: 11594.241s	pth-time: 1793.668s	frames: 479232
2021-01-06 23:02:02,214 Average window size: 10  reward: 8.014
2021-01-06 23:03:53,707 update: 117	fps: 35.771	
2021-01-06 23:03:53,708 update: 117	env-time: 11694.040s	pth-time: 1805.278s	frames: 483328
2021-01-06 23:03:53,708 Average window size: 10  reward: 7.736
2021-01-06 23:05:36,501 update: 118	fps: 35.802	
2021-01-06 23:05:36,502 update: 118	env-time: 11781.583s	pth-time: 1820.440s	frames: 487424
2021-01-06 23:05:36,502 Average window size: 10  reward: 7.938
2021-01-06 23:07:42,010 update: 119	fps: 35.773	
2021-01-06 23:07:42,011 update: 119	env-time: 11891.092s	pth-time: 1836.345s	frames: 491520
2021-01-06 23:07:42,011 Average window size: 10  reward: 8.097
2021-01-06 23:09:22,138 update: 120	fps: 35.810	
2021-01-06 23:09:22,139 update: 120	env-time: 11981.670s	pth-time: 1845.809s	frames: 495616
2021-01-06 23:09:22,139 Average window size: 10  reward: 7.889
2021-01-06 23:11:49,955 update: 121	fps: 35.724	
2021-01-06 23:11:49,956 update: 121	env-time: 12114.173s	pth-time: 1860.774s	frames: 499712
2021-01-06 23:11:49,956 Average window size: 10  reward: 8.153
2021-01-06 23:13:50,530 update: 122	fps: 35.709	
2021-01-06 23:13:50,531 update: 122	env-time: 12221.270s	pth-time: 1874.162s	frames: 503808
2021-01-06 23:13:50,531 Average window size: 10  reward: 8.125
2021-01-06 23:15:57,749 update: 123	fps: 35.678	
2021-01-06 23:15:57,750 update: 123	env-time: 12332.036s	pth-time: 1890.528s	frames: 507904
2021-01-06 23:15:57,750 Average window size: 10  reward: 7.736
2021-01-06 23:19:12,264 update: 124	fps: 35.481	
2021-01-06 23:19:12,265 update: 124	env-time: 12511.202s	pth-time: 1905.785s	frames: 512000
2021-01-06 23:19:12,265 Average window size: 10  reward: 7.549
2021-01-06 23:21:01,339 update: 125	fps: 35.496	
2021-01-06 23:21:01,340 update: 125	env-time: 12606.617s	pth-time: 1919.357s	frames: 516096
2021-01-06 23:21:01,340 Average window size: 10  reward: 7.736
2021-01-06 23:23:01,428 update: 126	fps: 35.485	
2021-01-06 23:23:01,429 update: 126	env-time: 12712.669s	pth-time: 1933.307s	frames: 520192
2021-01-06 23:23:01,429 Average window size: 10  reward: 7.972
2021-01-06 23:24:43,583 update: 127	fps: 35.517	
2021-01-06 23:24:43,584 update: 127	env-time: 12799.181s	pth-time: 1948.861s	frames: 524288
2021-01-06 23:24:43,584 Average window size: 10  reward: 8.090
2021-01-06 23:26:43,363 update: 128	fps: 35.506	
2021-01-06 23:26:43,364 update: 128	env-time: 12902.189s	pth-time: 1965.546s	frames: 528384
2021-01-06 23:26:43,364 Average window size: 10  reward: 7.875
2021-01-06 23:28:35,955 update: 129	fps: 35.513	
2021-01-06 23:28:35,955 update: 129	env-time: 12995.810s	pth-time: 1984.426s	frames: 532480
2021-01-06 23:28:35,955 Average window size: 10  reward: 7.826
2021-01-06 23:30:52,601 update: 130	fps: 35.463	
2021-01-06 23:30:52,602 update: 130	env-time: 13116.849s	pth-time: 1999.936s	frames: 536576
2021-01-06 23:30:52,602 Average window size: 10  reward: 7.750
2021-01-06 23:32:39,570 update: 131	fps: 35.483	
2021-01-06 23:32:39,570 update: 131	env-time: 13208.895s	pth-time: 2014.619s	frames: 540672
2021-01-06 23:32:39,570 Average window size: 10  reward: 7.764
2021-01-06 23:34:42,778 update: 132	fps: 35.465	
2021-01-06 23:34:42,778 update: 132	env-time: 13317.874s	pth-time: 2028.761s	frames: 544768
2021-01-06 23:34:42,778 Average window size: 10  reward: 7.861
2021-01-06 23:36:48,117 update: 133	fps: 35.442	
2021-01-06 23:36:48,118 update: 133	env-time: 13429.872s	pth-time: 2042.016s	frames: 548864
2021-01-06 23:36:48,118 Average window size: 10  reward: 7.840
2021-01-06 23:39:16,618 update: 134	fps: 35.368	
2021-01-06 23:39:16,619 update: 134	env-time: 13563.870s	pth-time: 2056.426s	frames: 552960
2021-01-06 23:39:16,619 Average window size: 10  reward: 7.812
2021-01-06 23:41:06,843 update: 135	fps: 35.380	
2021-01-06 23:41:06,844 update: 135	env-time: 13660.325s	pth-time: 2070.105s	frames: 557056
2021-01-06 23:41:06,844 Average window size: 10  reward: 7.792
2021-01-06 23:43:57,406 update: 136	fps: 35.258	
2021-01-06 23:43:57,407 update: 136	env-time: 13817.129s	pth-time: 2083.772s	frames: 561152
2021-01-06 23:43:57,407 Average window size: 10  reward: 7.688
2021-01-06 23:45:42,026 update: 137	fps: 35.284	
2021-01-06 23:45:42,027 update: 137	env-time: 13906.901s	pth-time: 2098.532s	frames: 565248
2021-01-06 23:45:42,027 Average window size: 10  reward: 8.049
2021-01-06 23:47:40,614 update: 138	fps: 35.278	
2021-01-06 23:47:40,615 update: 138	env-time: 14009.106s	pth-time: 2114.829s	frames: 569344
2021-01-06 23:47:40,615 Average window size: 10  reward: 7.611
2021-01-06 23:49:11,201 update: 139	fps: 35.334	
2021-01-06 23:49:11,202 update: 139	env-time: 14084.179s	pth-time: 2130.257s	frames: 573440
2021-01-06 23:49:11,202 Average window size: 10  reward: 7.535
2021-01-06 23:50:40,468 update: 140	fps: 35.391	
2021-01-06 23:50:40,469 update: 140	env-time: 14158.731s	pth-time: 2144.886s	frames: 577536
2021-01-06 23:50:40,469 Average window size: 10  reward: 7.451
2021-01-06 23:52:46,268 update: 141	fps: 35.370	
2021-01-06 23:52:46,268 update: 141	env-time: 14265.792s	pth-time: 2162.826s	frames: 581632
2021-01-06 23:52:46,268 Average window size: 10  reward: 7.549
2021-01-06 23:54:49,346 update: 142	fps: 35.354	
2021-01-06 23:54:49,347 update: 142	env-time: 14368.630s	pth-time: 2182.973s	frames: 585728
2021-01-06 23:54:49,347 Average window size: 10  reward: 8.042
2021-01-06 23:57:02,911 update: 143	fps: 35.317	
2021-01-06 23:57:02,911 update: 143	env-time: 14486.637s	pth-time: 2198.443s	frames: 589824
2021-01-06 23:57:02,912 Average window size: 10  reward: 8.486
2021-01-06 23:58:49,508 update: 144	fps: 35.337	
2021-01-06 23:58:49,509 update: 144	env-time: 14577.602s	pth-time: 2213.986s	frames: 593920
2021-01-06 23:58:49,509 Average window size: 10  reward: 8.458
2021-01-07 00:00:20,668 update: 145	fps: 35.388	
2021-01-07 00:00:20,669 update: 145	env-time: 14651.339s	pth-time: 2231.322s	frames: 598016
2021-01-07 00:00:20,669 Average window size: 10  reward: 8.347
2021-01-07 00:02:13,272 update: 146	fps: 35.395	
2021-01-07 00:02:13,273 update: 146	env-time: 14751.834s	pth-time: 2243.335s	frames: 602112
2021-01-07 00:02:13,273 Average window size: 10  reward: 8.382
2021-01-07 00:03:55,214 update: 147	fps: 35.423	
2021-01-07 00:03:55,215 update: 147	env-time: 14837.375s	pth-time: 2259.650s	frames: 606208
2021-01-07 00:03:55,215 Average window size: 10  reward: 8.771
2021-01-07 00:05:43,506 update: 148	fps: 35.438	
2021-01-07 00:05:43,507 update: 148	env-time: 14929.724s	pth-time: 2275.503s	frames: 610304
2021-01-07 00:05:43,507 Average window size: 10  reward: 9.167
2021-01-07 00:07:05,124 update: 149	fps: 35.508	
2021-01-07 00:07:05,125 update: 149	env-time: 14998.159s	pth-time: 2288.597s	frames: 614400
2021-01-07 00:07:05,125 Average window size: 10  reward: 9.174
2021-01-07 00:08:42,635 update: 150	fps: 35.544	
2021-01-07 00:08:42,636 update: 150	env-time: 15081.554s	pth-time: 2302.627s	frames: 618496
2021-01-07 00:08:42,636 Average window size: 10  reward: 9.215
2021-01-07 00:11:02,670 update: 151	fps: 35.494	
2021-01-07 00:11:02,671 update: 151	env-time: 15205.561s	pth-time: 2318.414s	frames: 622592
2021-01-07 00:11:02,671 Average window size: 10  reward: 9.215
2021-01-07 00:12:30,815 update: 152	fps: 35.549	
2021-01-07 00:12:30,816 update: 152	env-time: 15278.525s	pth-time: 2333.509s	frames: 626688
2021-01-07 00:12:30,816 Average window size: 10  reward: 8.715
2021-01-07 00:14:28,352 update: 153	fps: 35.544	
2021-01-07 00:14:28,353 update: 153	env-time: 15380.605s	pth-time: 2348.881s	frames: 630784
2021-01-07 00:14:28,353 Average window size: 10  reward: 8.653
2021-01-07 00:16:06,176 update: 154	fps: 35.579	
2021-01-07 00:16:06,177 update: 154	env-time: 15462.318s	pth-time: 2364.903s	frames: 634880
2021-01-07 00:16:06,177 Average window size: 10  reward: 8.757
2021-01-07 00:18:31,627 update: 155	fps: 35.519	
2021-01-07 00:18:31,628 update: 155	env-time: 15593.259s	pth-time: 2379.325s	frames: 638976
2021-01-07 00:18:31,628 Average window size: 10  reward: 8.688
2021-01-07 00:20:06,943 update: 156	fps: 35.558	
2021-01-07 00:20:06,944 update: 156	env-time: 15674.347s	pth-time: 2393.468s	frames: 643072
2021-01-07 00:20:06,944 Average window size: 10  reward: 8.889
2021-01-07 00:21:52,687 update: 157	fps: 35.577	
2021-01-07 00:21:52,687 update: 157	env-time: 15765.265s	pth-time: 2408.207s	frames: 647168
2021-01-07 00:21:52,687 Average window size: 10  reward: 8.486
2021-01-07 00:23:39,562 update: 158	fps: 35.593	
2021-01-07 00:23:39,563 update: 158	env-time: 15854.092s	pth-time: 2426.170s	frames: 651264
2021-01-07 00:23:39,563 Average window size: 10  reward: 8.618
2021-01-07 00:25:59,241 update: 159	fps: 35.545	
2021-01-07 00:25:59,241 update: 159	env-time: 15976.773s	pth-time: 2443.081s	frames: 655360
2021-01-07 00:25:59,241 Average window size: 10  reward: 8.667
2021-01-07 00:27:36,247 update: 160	fps: 35.580	
2021-01-07 00:27:36,248 update: 160	env-time: 16059.431s	pth-time: 2457.340s	frames: 659456
2021-01-07 00:27:36,248 Average window size: 10  reward: 8.340
2021-01-07 00:30:41,542 update: 161	fps: 35.447	
2021-01-07 00:30:41,543 update: 161	env-time: 16230.611s	pth-time: 2471.221s	frames: 663552
2021-01-07 00:30:41,543 Average window size: 10  reward: 8.743
2021-01-07 00:32:49,688 update: 162	fps: 35.423	
2021-01-07 00:32:49,689 update: 162	env-time: 16343.266s	pth-time: 2486.619s	frames: 667648
2021-01-07 00:32:49,689 Average window size: 10  reward: 8.903
2021-01-07 00:35:00,825 update: 163	fps: 35.394	
2021-01-07 00:35:00,826 update: 163	env-time: 16458.157s	pth-time: 2502.772s	frames: 671744
2021-01-07 00:35:00,826 Average window size: 10  reward: 9.049
2021-01-07 00:36:52,988 update: 164	fps: 35.401	
2021-01-07 00:36:52,989 update: 164	env-time: 16553.675s	pth-time: 2519.329s	frames: 675840
2021-01-07 00:36:52,989 Average window size: 10  reward: 9.278
2021-01-07 00:39:00,077 update: 165	fps: 35.380	
2021-01-07 00:39:00,078 update: 165	env-time: 16662.976s	pth-time: 2537.030s	frames: 679936
2021-01-07 00:39:00,078 Average window size: 10  reward: 9.146
2021-01-07 00:40:28,776 update: 166	fps: 35.430	
2021-01-07 00:40:28,777 update: 166	env-time: 16736.049s	pth-time: 2552.566s	frames: 684032
2021-01-07 00:40:28,777 Average window size: 10  reward: 9.312
2021-01-07 00:42:47,525 update: 167	fps: 35.387	
2021-01-07 00:42:47,525 update: 167	env-time: 16856.122s	pth-time: 2571.147s	frames: 688128
2021-01-07 00:42:47,525 Average window size: 10  reward: 9.396
2021-01-07 00:44:25,853 update: 168	fps: 35.419	
2021-01-07 00:44:25,854 update: 168	env-time: 16938.750s	pth-time: 2586.761s	frames: 692224
2021-01-07 00:44:25,854 Average window size: 10  reward: 9.576
2021-01-07 00:46:45,572 update: 169	fps: 35.376	
2021-01-07 00:46:45,573 update: 169	env-time: 17060.397s	pth-time: 2604.745s	frames: 696320
2021-01-07 00:46:45,573 Average window size: 10  reward: 9.701
2021-01-07 00:48:30,311 update: 170	fps: 35.395	
2021-01-07 00:48:30,312 update: 170	env-time: 17146.494s	pth-time: 2623.301s	frames: 700416
2021-01-07 00:48:30,312 Average window size: 10  reward: 9.597
2021-01-07 00:49:58,539 update: 171	fps: 35.444	
2021-01-07 00:49:58,539 update: 171	env-time: 17215.217s	pth-time: 2642.566s	frames: 704512
2021-01-07 00:49:58,540 Average window size: 10  reward: 9.375
2021-01-07 00:51:41,588 update: 172	fps: 35.467	
2021-01-07 00:51:41,588 update: 172	env-time: 17300.100s	pth-time: 2660.640s	frames: 708608
2021-01-07 00:51:41,589 Average window size: 10  reward: 9.493
2021-01-07 00:53:44,675 update: 173	fps: 35.453	
2021-01-07 00:53:44,676 update: 173	env-time: 17403.637s	pth-time: 2680.102s	frames: 712704
2021-01-07 00:53:44,676 Average window size: 10  reward: 9.299
2021-01-07 00:55:38,105 update: 174	fps: 35.457	
2021-01-07 00:55:38,106 update: 174	env-time: 17504.464s	pth-time: 2692.620s	frames: 716800
2021-01-07 00:55:38,106 Average window size: 10  reward: 9.472
2021-01-07 00:57:07,198 update: 175	fps: 35.503	
2021-01-07 00:57:07,199 update: 175	env-time: 17579.338s	pth-time: 2706.752s	frames: 720896
2021-01-07 00:57:07,199 Average window size: 10  reward: 9.146
2021-01-07 00:59:04,195 update: 176	fps: 35.500	
2021-01-07 00:59:04,196 update: 176	env-time: 17681.254s	pth-time: 2721.737s	frames: 724992
2021-01-07 00:59:04,196 Average window size: 10  reward: 9.382
2021-01-07 01:01:15,770 update: 177	fps: 35.472	
2021-01-07 01:01:15,771 update: 177	env-time: 17795.478s	pth-time: 2738.993s	frames: 729088
2021-01-07 01:01:15,771 Average window size: 10  reward: 9.632
2021-01-07 01:04:17,405 update: 178	fps: 35.359	
2021-01-07 01:04:17,405 update: 178	env-time: 17962.444s	pth-time: 2753.572s	frames: 733184
2021-01-07 01:04:17,405 Average window size: 10  reward: 9.653
2021-01-07 01:06:03,786 update: 179	fps: 35.375	
2021-01-07 01:06:03,787 update: 179	env-time: 18053.674s	pth-time: 2768.635s	frames: 737280
2021-01-07 01:06:03,787 Average window size: 10  reward: 9.514
2021-01-07 01:08:26,424 update: 180	fps: 35.330	
2021-01-07 01:08:26,425 update: 180	env-time: 18179.243s	pth-time: 2785.615s	frames: 741376
2021-01-07 01:08:26,425 Average window size: 10  reward: 10.028
2021-01-07 01:10:13,411 update: 181	fps: 35.345	
2021-01-07 01:10:13,412 update: 181	env-time: 18270.779s	pth-time: 2800.830s	frames: 745472
2021-01-07 01:10:13,412 Average window size: 10  reward: 9.708
2021-01-07 01:12:44,611 update: 182	fps: 35.286	
2021-01-07 01:12:44,612 update: 182	env-time: 18406.786s	pth-time: 2815.931s	frames: 749568
2021-01-07 01:12:44,612 Average window size: 10  reward: 9.972
2021-01-07 01:15:09,473 update: 183	fps: 35.239	
2021-01-07 01:15:09,473 update: 183	env-time: 18537.004s	pth-time: 2830.483s	frames: 753664
2021-01-07 01:15:09,473 Average window size: 10  reward: 10.236
2021-01-07 01:16:42,275 update: 184	fps: 35.277	
2021-01-07 01:16:42,276 update: 184	env-time: 18614.786s	pth-time: 2845.417s	frames: 757760
2021-01-07 01:16:42,276 Average window size: 10  reward: 10.347
2021-01-07 01:18:17,320 update: 185	fps: 35.311	
2021-01-07 01:18:17,321 update: 185	env-time: 18694.213s	pth-time: 2860.945s	frames: 761856
2021-01-07 01:18:17,321 Average window size: 10  reward: 10.222
2021-01-07 01:20:23,962 update: 186	fps: 35.294	
2021-01-07 01:20:23,963 update: 186	env-time: 18805.897s	pth-time: 2875.792s	frames: 765952
2021-01-07 01:20:23,963 Average window size: 10  reward: 10.243
2021-01-07 01:23:30,283 update: 187	fps: 35.181	
2021-01-07 01:23:30,284 update: 187	env-time: 18975.893s	pth-time: 2892.032s	frames: 770048
2021-01-07 01:23:30,284 Average window size: 10  reward: 10.118
2021-01-07 01:25:11,942 update: 188	fps: 35.204	
2021-01-07 01:25:11,942 update: 188	env-time: 19061.308s	pth-time: 2908.188s	frames: 774144
2021-01-07 01:25:11,942 Average window size: 10  reward: 10.076
2021-01-07 01:27:05,552 update: 189	fps: 35.209	
2021-01-07 01:27:05,553 update: 189	env-time: 19157.197s	pth-time: 2925.822s	frames: 778240
2021-01-07 01:27:05,553 Average window size: 10  reward: 10.042
2021-01-07 01:28:56,474 update: 190	fps: 35.217	
2021-01-07 01:28:56,475 update: 190	env-time: 19247.857s	pth-time: 2945.986s	frames: 782336
2021-01-07 01:28:56,475 Average window size: 10  reward: 10.250
2021-01-07 01:30:46,867 update: 191	fps: 35.227	
2021-01-07 01:30:46,868 update: 191	env-time: 19342.215s	pth-time: 2961.777s	frames: 786432
2021-01-07 01:30:46,868 Average window size: 10  reward: 9.847
2021-01-07 01:32:23,912 update: 192	fps: 35.257	
2021-01-07 01:32:23,913 update: 192	env-time: 19421.701s	pth-time: 2979.251s	frames: 790528
2021-01-07 01:32:23,913 Average window size: 10  reward: 9.389
2021-01-07 01:34:21,691 update: 193	fps: 35.254	
2021-01-07 01:34:21,692 update: 193	env-time: 19521.386s	pth-time: 2997.257s	frames: 794624
2021-01-07 01:34:21,692 Average window size: 10  reward: 9.667
2021-01-07 01:36:10,727 update: 194	fps: 35.265	
2021-01-07 01:36:10,727 update: 194	env-time: 19612.565s	pth-time: 3015.021s	frames: 798720
2021-01-07 01:36:10,728 Average window size: 10  reward: 9.521
2021-01-07 01:38:22,037 update: 195	fps: 35.242	
2021-01-07 01:38:22,038 update: 195	env-time: 19726.949s	pth-time: 3031.859s	frames: 802816
2021-01-07 01:38:22,038 Average window size: 10  reward: 9.271
2021-01-07 01:40:53,694 update: 196	fps: 35.188	
2021-01-07 01:40:53,695 update: 196	env-time: 19861.821s	pth-time: 3048.557s	frames: 806912
2021-01-07 01:40:53,695 Average window size: 10  reward: 9.444
2021-01-07 01:42:27,959 update: 197	fps: 35.221	
2021-01-07 01:42:27,960 update: 197	env-time: 19940.592s	pth-time: 3063.963s	frames: 811008
2021-01-07 01:42:27,960 Average window size: 10  reward: 9.424
2021-01-07 01:44:22,627 update: 198	fps: 35.224	
2021-01-07 01:44:22,628 update: 198	env-time: 20037.009s	pth-time: 3082.125s	frames: 815104
2021-01-07 01:44:22,628 Average window size: 10  reward: 9.319
2021-01-07 01:46:32,799 update: 199	fps: 35.203	
2021-01-07 01:46:32,799 update: 199	env-time: 20153.449s	pth-time: 3095.771s	frames: 819200
2021-01-07 01:46:32,800 Average window size: 10  reward: 9.389
2021-01-07 01:48:27,758 update: 200	fps: 35.205	
2021-01-07 01:48:27,759 update: 200	env-time: 20254.363s	pth-time: 3109.729s	frames: 823296
2021-01-07 01:48:27,759 Average window size: 10  reward: 9.611
2021-01-07 01:51:10,591 update: 201	fps: 35.135	
2021-01-07 01:51:10,591 update: 201	env-time: 20403.899s	pth-time: 3122.772s	frames: 827392
2021-01-07 01:51:10,592 Average window size: 10  reward: 9.785
2021-01-07 01:55:05,483 update: 202	fps: 34.961	
2021-01-07 01:55:05,484 update: 202	env-time: 20622.282s	pth-time: 3139.194s	frames: 831488
2021-01-07 01:55:05,484 Average window size: 10  reward: 9.896
2021-01-07 01:57:35,581 update: 203	fps: 34.913	
2021-01-07 01:57:35,582 update: 203	env-time: 20752.979s	pth-time: 3158.505s	frames: 835584
2021-01-07 01:57:35,582 Average window size: 10  reward: 10.340
2021-01-07 02:00:02,518 update: 204	fps: 34.870	
2021-01-07 02:00:02,518 update: 204	env-time: 20886.279s	pth-time: 3172.048s	frames: 839680
2021-01-07 02:00:02,518 Average window size: 10  reward: 10.576
2021-01-07 02:02:35,775 update: 205	fps: 34.818	
2021-01-07 02:02:35,776 update: 205	env-time: 21023.605s	pth-time: 3187.890s	frames: 843776
2021-01-07 02:02:35,776 Average window size: 10  reward: 10.750
2021-01-07 02:04:39,758 update: 206	fps: 34.809	
2021-01-07 02:04:39,759 update: 206	env-time: 21128.816s	pth-time: 3206.575s	frames: 847872
2021-01-07 02:04:39,759 Average window size: 10  reward: 10.910
2021-01-07 02:06:22,366 update: 207	fps: 34.830	
2021-01-07 02:06:22,366 update: 207	env-time: 21214.705s	pth-time: 3223.206s	frames: 851968
2021-01-07 02:06:22,367 Average window size: 10  reward: 10.840
2021-01-07 02:08:15,242 update: 208	fps: 34.837	
2021-01-07 02:08:15,243 update: 208	env-time: 21312.918s	pth-time: 3237.780s	frames: 856064
2021-01-07 02:08:15,243 Average window size: 10  reward: 11.097
2021-01-07 02:09:55,656 update: 209	fps: 34.861	
2021-01-07 02:09:55,656 update: 209	env-time: 21396.079s	pth-time: 3254.942s	frames: 860160
2021-01-07 02:09:55,657 Average window size: 10  reward: 11.153
2021-01-07 02:11:58,686 update: 210	fps: 34.854	
2021-01-07 02:11:58,687 update: 210	env-time: 21506.889s	pth-time: 3267.074s	frames: 864256
2021-01-07 02:11:58,687 Average window size: 10  reward: 11.486
2021-01-07 02:13:54,468 update: 211	fps: 34.856	
2021-01-07 02:13:54,469 update: 211	env-time: 21606.126s	pth-time: 3283.375s	frames: 868352
2021-01-07 02:13:54,469 Average window size: 10  reward: 11.854
2021-01-07 02:15:49,227 update: 212	fps: 34.860	
2021-01-07 02:15:49,228 update: 212	env-time: 21705.448s	pth-time: 3298.723s	frames: 872448
2021-01-07 02:15:49,228 Average window size: 10  reward: 11.785
2021-01-07 02:17:38,086 update: 213	fps: 34.872	
2021-01-07 02:17:38,087 update: 213	env-time: 21802.698s	pth-time: 3310.246s	frames: 876544
2021-01-07 02:17:38,087 Average window size: 10  reward: 11.785
2021-01-07 02:19:21,374 update: 214	fps: 34.891	
2021-01-07 02:19:21,375 update: 214	env-time: 21889.995s	pth-time: 3326.149s	frames: 880640
2021-01-07 02:19:21,375 Average window size: 10  reward: 12.028
2021-01-07 02:20:57,256 update: 215	fps: 34.921	
2021-01-07 02:20:57,257 update: 215	env-time: 21970.258s	pth-time: 3341.680s	frames: 884736
2021-01-07 02:20:57,257 Average window size: 10  reward: 12.167
2021-01-07 02:22:41,846 update: 216	fps: 34.939	
2021-01-07 02:22:41,847 update: 216	env-time: 22058.249s	pth-time: 3358.185s	frames: 888832
2021-01-07 02:22:41,847 Average window size: 10  reward: 12.326
2021-01-07 02:24:45,262 update: 217	fps: 34.930	
2021-01-07 02:24:45,263 update: 217	env-time: 22166.041s	pth-time: 3373.715s	frames: 892928
2021-01-07 02:24:45,263 Average window size: 10  reward: 12.111
2021-01-07 02:26:28,808 update: 218	fps: 34.949	
2021-01-07 02:26:28,808 update: 218	env-time: 22254.545s	pth-time: 3388.665s	frames: 897024
2021-01-07 02:26:28,809 Average window size: 10  reward: 11.965
2021-01-07 02:28:03,197 update: 219	fps: 34.980	
2021-01-07 02:28:03,198 update: 219	env-time: 22331.103s	pth-time: 3406.403s	frames: 901120
2021-01-07 02:28:03,198 Average window size: 10  reward: 11.410
2021-01-07 02:29:57,315 update: 220	fps: 34.984	
2021-01-07 02:29:57,316 update: 220	env-time: 22428.296s	pth-time: 3423.236s	frames: 905216
2021-01-07 02:29:57,316 Average window size: 10  reward: 11.285
2021-01-07 02:31:44,297 update: 221	fps: 34.997	
2021-01-07 02:31:44,297 update: 221	env-time: 22518.838s	pth-time: 3439.434s	frames: 909312
2021-01-07 02:31:44,297 Average window size: 10  reward: 11.007
2021-01-07 02:33:25,988 update: 222	fps: 35.018	
2021-01-07 02:33:25,988 update: 222	env-time: 22604.337s	pth-time: 3455.534s	frames: 913408
2021-01-07 02:33:25,988 Average window size: 10  reward: 10.993
2021-01-07 02:35:52,999 update: 223	fps: 34.978	
2021-01-07 02:35:53,000 update: 223	env-time: 22734.948s	pth-time: 3471.843s	frames: 917504
2021-01-07 02:35:53,000 Average window size: 10  reward: 10.958
2021-01-07 02:38:03,915 update: 224	fps: 34.959	
2021-01-07 02:38:03,916 update: 224	env-time: 22850.465s	pth-time: 3487.152s	frames: 921600
2021-01-07 02:38:03,916 Average window size: 10  reward: 10.931
2021-01-07 02:40:27,113 update: 225	fps: 34.925	
2021-01-07 02:40:27,114 update: 225	env-time: 22978.474s	pth-time: 3502.248s	frames: 925696
2021-01-07 02:40:27,114 Average window size: 10  reward: 10.903
2021-01-07 02:42:25,592 update: 226	fps: 34.924	
2021-01-07 02:42:25,593 update: 226	env-time: 23083.573s	pth-time: 3515.537s	frames: 929792
2021-01-07 02:42:25,593 Average window size: 10  reward: 10.938
2021-01-07 02:44:39,066 update: 227	fps: 34.902	
2021-01-07 02:44:39,066 update: 227	env-time: 23202.351s	pth-time: 3530.134s	frames: 933888
2021-01-07 02:44:39,066 Average window size: 10  reward: 11.174
2021-01-07 02:46:19,731 update: 228	fps: 34.924	
2021-01-07 02:46:19,732 update: 228	env-time: 23286.351s	pth-time: 3546.706s	frames: 937984
2021-01-07 02:46:19,732 Average window size: 10  reward: 11.417
2021-01-07 02:48:35,454 update: 229	fps: 34.900	
2021-01-07 02:48:35,455 update: 229	env-time: 23403.135s	pth-time: 3565.539s	frames: 942080
2021-01-07 02:48:35,455 Average window size: 10  reward: 11.361
2021-01-07 02:50:46,798 update: 230	fps: 34.882	
2021-01-07 02:50:46,798 update: 230	env-time: 23521.462s	pth-time: 3578.464s	frames: 946176
2021-01-07 02:50:46,799 Average window size: 10  reward: 11.347
2021-01-07 02:52:36,946 update: 231	fps: 34.892	
2021-01-07 02:52:36,946 update: 231	env-time: 23626.082s	pth-time: 3583.603s	frames: 950272
2021-01-07 02:52:36,947 Average window size: 10  reward: 11.104
2021-01-07 02:54:38,251 update: 232	fps: 34.887	
2021-01-07 02:54:38,252 update: 232	env-time: 23742.075s	pth-time: 3588.824s	frames: 954368
2021-01-07 02:54:38,252 Average window size: 10  reward: 10.597
2021-01-07 02:56:21,398 update: 233	fps: 34.905	
2021-01-07 02:56:21,399 update: 233	env-time: 23838.494s	pth-time: 3595.464s	frames: 958464
2021-01-07 02:56:21,399 Average window size: 10  reward: 10.500
2021-01-07 02:57:58,461 update: 234	fps: 34.930	
2021-01-07 02:57:58,462 update: 234	env-time: 23929.561s	pth-time: 3601.369s	frames: 962560
2021-01-07 02:57:58,462 Average window size: 10  reward: 10.222
2021-01-07 03:00:06,238 update: 235	fps: 34.917	
2021-01-07 03:00:06,239 update: 235	env-time: 24050.554s	pth-time: 3608.064s	frames: 966656
2021-01-07 03:00:06,239 Average window size: 10  reward: 10.285
2021-01-07 03:02:09,361 update: 236	fps: 34.910	
2021-01-07 03:02:09,361 update: 236	env-time: 24168.062s	pth-time: 3613.589s	frames: 970752
2021-01-07 03:02:09,361 Average window size: 10  reward: 10.743
2021-01-07 03:03:48,361 update: 237	fps: 34.933	
2021-01-07 03:03:48,362 update: 237	env-time: 24260.496s	pth-time: 3620.067s	frames: 974848
2021-01-07 03:03:48,362 Average window size: 10  reward: 10.701
2021-01-07 03:05:48,934 update: 238	fps: 34.929	
2021-01-07 03:05:48,935 update: 238	env-time: 24375.691s	pth-time: 3625.356s	frames: 978944
2021-01-07 03:05:48,935 Average window size: 10  reward: 10.556
2021-01-07 03:07:41,502 update: 239	fps: 34.934	
2021-01-07 03:07:41,502 update: 239	env-time: 24481.499s	pth-time: 3632.026s	frames: 983040
2021-01-07 03:07:41,503 Average window size: 10  reward: 11.049
2021-01-07 03:09:19,318 update: 240	fps: 34.959	
2021-01-07 03:09:19,319 update: 240	env-time: 24572.113s	pth-time: 3639.142s	frames: 987136
2021-01-07 03:09:19,319 Average window size: 10  reward: 11.285
2021-01-07 03:11:19,755 update: 241	fps: 34.954	
2021-01-07 03:11:19,756 update: 241	env-time: 24685.318s	pth-time: 3646.137s	frames: 991232
2021-01-07 03:11:19,756 Average window size: 10  reward: 11.667
2021-01-07 03:12:46,905 update: 242	fps: 34.991	
2021-01-07 03:12:46,906 update: 242	env-time: 24769.557s	pth-time: 3648.967s	frames: 995328
2021-01-07 03:12:46,906 Average window size: 10  reward: 11.979
2021-01-07 03:14:18,963 update: 243	fps: 35.022	
2021-01-07 03:14:18,964 update: 243	env-time: 24858.648s	pth-time: 3651.851s	frames: 999424
2021-01-07 03:14:18,964 Average window size: 10  reward: 12.701
2021-01-07 13:18:12,543 interaction_exploration/cv/intexp//run2/ckpt.24.pth
2021-01-07 13:18:12,557 num_steps: 1024
2021-01-07 13:52:01,653 Average episode reward: 17.4625
